[0.013s] Invoking command in '/home/maxbe/ros2_ws/build/cmd_vel_mux': CMAKE_PREFIX_PATH=${CMAKE_PREFIX_PATH}:/opt/ros/humble /usr/bin/cmake /home/maxbe/ros2_ws/src/cmd_vel_mux -DAMENT_CMAKE_SYMLINK_INSTALL=1 -DCMAKE_INSTALL_PREFIX=/home/maxbe/ros2_ws/install/cmd_vel_mux
[0.103s] -- The C compiler identification is GNU 11.4.0
[0.464s] -- The CXX compiler identification is GNU 11.4.0
[0.780s] -- Detecting C compiler ABI info
[0.915s] -- Detecting C compiler ABI info - done
[0.920s] -- Check for working C compiler: /usr/bin/cc - skipped
[0.920s] -- Detecting C compile features
[0.921s] -- Detecting C compile features - done
[0.923s] -- Detecting CXX compiler ABI info
[1.048s] -- Detecting CXX compiler ABI info - done
[1.053s] -- Check for working CXX compiler: /usr/bin/c++ - skipped
[1.053s] -- Detecting CXX compile features
[1.053s] -- Detecting CXX compile features - done
[1.055s] -- Found ament_cmake_ros: 0.10.0 (/opt/ros/humble/share/ament_cmake_ros/cmake)
[1.152s] -- Found Python3: /usr/bin/python3 (found version "3.10.12") found components: Interpreter 
[1.191s] -- Override CMake install command with custom implementation using symlinks instead of copying resources
[1.206s] -- Found geometry_msgs: 4.8.0 (/opt/ros/humble/share/geometry_msgs/cmake)
[1.288s] -- Found rosidl_generator_c: 3.1.6 (/opt/ros/humble/share/rosidl_generator_c/cmake)
[1.291s] -- Found rosidl_adapter: 3.1.6 (/opt/ros/humble/share/rosidl_adapter/cmake)
[1.297s] -- Found rosidl_generator_cpp: 3.1.6 (/opt/ros/humble/share/rosidl_generator_cpp/cmake)
[1.309s] -- Using all available rosidl_typesupport_c: rosidl_typesupport_fastrtps_c;rosidl_typesupport_introspection_c
[1.319s] -- Using all available rosidl_typesupport_cpp: rosidl_typesupport_fastrtps_cpp;rosidl_typesupport_introspection_cpp
[1.356s] -- Found rcl_interfaces: 1.2.1 (/opt/ros/humble/share/rcl_interfaces/cmake)
[1.364s] -- Found rclcpp: 16.0.12 (/opt/ros/humble/share/rclcpp/cmake)
[1.379s] -- Found rmw_implementation_cmake: 6.1.2 (/opt/ros/humble/share/rmw_implementation_cmake/cmake)
[1.381s] -- Found rmw_fastrtps_cpp: 6.2.7 (/opt/ros/humble/share/rmw_fastrtps_cpp/cmake)
[1.889s] -- Found OpenSSL: /usr/lib/x86_64-linux-gnu/libcrypto.so (found version "3.0.2")  
[2.274s] -- Found FastRTPS: /opt/ros/humble/include  
[2.913s] -- Using RMW implementation 'rmw_fastrtps_cpp' as default
[2.918s] -- Looking for pthread.h
[3.012s] -- Looking for pthread.h - found
[3.012s] -- Performing Test CMAKE_HAVE_LIBC_PTHREAD
[3.116s] -- Performing Test CMAKE_HAVE_LIBC_PTHREAD - Success
[3.116s] -- Found Threads: TRUE  
[3.141s] -- Found rclcpp_components: 16.0.12 (/opt/ros/humble/share/rclcpp_components/cmake)
[3.161s] -- Found ament_lint_auto: 0.12.12 (/opt/ros/humble/share/ament_lint_auto/cmake)
[3.212s] -- Found launch_testing_ament_cmake: 1.0.8 (/opt/ros/humble/share/launch_testing_ament_cmake/cmake)
[3.214s] -- Found python_cmake_module: 0.10.0 (/opt/ros/humble/share/python_cmake_module/cmake)
[3.328s] -- Found PythonInterp: /usr/bin/python3 (found suitable version "3.10.12", minimum required is "3.6") 
[3.721s] -- Found PythonLibs: /usr/lib/x86_64-linux-gnu/libpython3.10.so (found suitable version "3.10.12", minimum required is "3.5") 
[3.721s] -- Using PYTHON_EXECUTABLE: /usr/bin/python3
[3.721s] -- Using PYTHON_INCLUDE_DIRS: /usr/include/python3.10
[3.721s] -- Using PYTHON_LIBRARIES: /usr/lib/x86_64-linux-gnu/libpython3.10.so
[3.735s] -- Found PythonExtra: .so  
[3.742s] -- Added test 'cppcheck' to perform static code analysis on C / C++ code
[3.742s] -- Configured cppcheck include dirs: /home/maxbe/ros2_ws/src/cmd_vel_mux/include
[3.742s] -- Configured cppcheck exclude dirs and/or files: 
[3.745s] -- Added test 'cpplint' to check C / C++ code against the Google style
[3.745s] -- Configured cpplint exclude dirs and/or files: 
[3.745s] -- Added test 'flake8' to check Python code syntax and style conventions
[3.746s] -- Added test 'lint_cmake' to check CMake code style
[3.747s] -- Added test 'pep257' to check Python code against some of the docstring style conventions in PEP 257
[3.750s] -- Added test 'uncrustify' to check C / C++ code style
[3.750s] -- Configured uncrustify additional arguments: 
[3.751s] -- Added test 'xmllint' to check XML markup files
[3.752s] -- Configuring done
[3.763s] -- Generating done
[3.766s] -- Build files have been written to: /home/maxbe/ros2_ws/build/cmd_vel_mux
[3.773s] Invoked command in '/home/maxbe/ros2_ws/build/cmd_vel_mux' returned '0': CMAKE_PREFIX_PATH=${CMAKE_PREFIX_PATH}:/opt/ros/humble /usr/bin/cmake /home/maxbe/ros2_ws/src/cmd_vel_mux -DAMENT_CMAKE_SYMLINK_INSTALL=1 -DCMAKE_INSTALL_PREFIX=/home/maxbe/ros2_ws/install/cmd_vel_mux
[3.774s] Invoking command in '/home/maxbe/ros2_ws/build/cmd_vel_mux': CMAKE_PREFIX_PATH=${CMAKE_PREFIX_PATH}:/opt/ros/humble /usr/bin/cmake --build /home/maxbe/ros2_ws/build/cmd_vel_mux -- -j12 -l12
[3.803s] [ 25%] [32mBuilding CXX object CMakeFiles/cmd_vel_mux_node.dir/rclcpp_components/node_main_cmd_vel_mux_node.cpp.o[0m
[3.803s] [ 50%] [32mBuilding CXX object CMakeFiles/cmd_vel_mux.dir/src/cmd_vel_mux.cpp.o[0m
[6.324s] [ 75%] [32m[1mLinking CXX executable cmd_vel_mux_node[0m
[6.501s] [ 75%] Built target cmd_vel_mux_node
[10.865s] [100%] [32m[1mLinking CXX shared library libcmd_vel_mux.so[0m
[11.208s] [100%] Built target cmd_vel_mux
[11.215s] Invoked command in '/home/maxbe/ros2_ws/build/cmd_vel_mux' returned '0': CMAKE_PREFIX_PATH=${CMAKE_PREFIX_PATH}:/opt/ros/humble /usr/bin/cmake --build /home/maxbe/ros2_ws/build/cmd_vel_mux -- -j12 -l12
[11.216s] Invoking command in '/home/maxbe/ros2_ws/build/cmd_vel_mux': CMAKE_PREFIX_PATH=${CMAKE_PREFIX_PATH}:/opt/ros/humble /usr/bin/cmake --install /home/maxbe/ros2_ws/build/cmd_vel_mux
[11.221s] -- Install configuration: ""
[11.222s] -- Execute custom install script
[11.222s] -- Symlinking: /home/maxbe/ros2_ws/install/cmd_vel_mux/lib/cmd_vel_mux/cmd_vel_mux_node
[11.228s] -- Symlinking: /home/maxbe/ros2_ws/install/cmd_vel_mux/lib/libcmd_vel_mux.so
[11.234s] -- Symlinking: /home/maxbe/ros2_ws/install/cmd_vel_mux/include/cmd_vel_mux/cmd_vel_mux.hpp
[11.239s] -- Symlinking: /home/maxbe/ros2_ws/install/cmd_vel_mux/share/cmd_vel_mux/config/cmd_vel_mux_params.yaml
[11.246s] -- Symlinking: /home/maxbe/ros2_ws/install/cmd_vel_mux/share/cmd_vel_mux/launch/cmd_vel_mux-composed-launch.py
[11.252s] -- Symlinking: /home/maxbe/ros2_ws/install/cmd_vel_mux/share/cmd_vel_mux/launch/cmd_vel_mux-launch.py
[11.258s] -- Symlinking: /home/maxbe/ros2_ws/install/cmd_vel_mux/share/ament_index/resource_index/package_run_dependencies/cmd_vel_mux
[11.264s] -- Symlinking: /home/maxbe/ros2_ws/install/cmd_vel_mux/share/ament_index/resource_index/parent_prefix_path/cmd_vel_mux
[11.269s] -- Symlinking: /home/maxbe/ros2_ws/install/cmd_vel_mux/share/cmd_vel_mux/environment/ament_prefix_path.sh
[11.275s] -- Symlinking: /home/maxbe/ros2_ws/install/cmd_vel_mux/share/cmd_vel_mux/environment/ament_prefix_path.dsv
[11.280s] -- Symlinking: /home/maxbe/ros2_ws/install/cmd_vel_mux/share/cmd_vel_mux/environment/path.sh
[11.285s] -- Symlinking: /home/maxbe/ros2_ws/install/cmd_vel_mux/share/cmd_vel_mux/environment/path.dsv
[11.289s] -- Symlinking: /home/maxbe/ros2_ws/install/cmd_vel_mux/share/cmd_vel_mux/local_setup.bash
[11.293s] -- Symlinking: /home/maxbe/ros2_ws/install/cmd_vel_mux/share/cmd_vel_mux/local_setup.sh
[11.298s] -- Symlinking: /home/maxbe/ros2_ws/install/cmd_vel_mux/share/cmd_vel_mux/local_setup.zsh
[11.304s] -- Symlinking: /home/maxbe/ros2_ws/install/cmd_vel_mux/share/cmd_vel_mux/local_setup.dsv
[11.309s] -- Symlinking: /home/maxbe/ros2_ws/install/cmd_vel_mux/share/cmd_vel_mux/package.dsv
[11.314s] -- Symlinking: /home/maxbe/ros2_ws/install/cmd_vel_mux/share/ament_index/resource_index/packages/cmd_vel_mux
[11.319s] -- Symlinking: /home/maxbe/ros2_ws/install/cmd_vel_mux/share/ament_index/resource_index/rclcpp_components/cmd_vel_mux
[11.324s] -- Symlinking: /home/maxbe/ros2_ws/install/cmd_vel_mux/share/cmd_vel_mux/cmake/cmd_vel_muxConfig.cmake
[11.328s] -- Symlinking: /home/maxbe/ros2_ws/install/cmd_vel_mux/share/cmd_vel_mux/cmake/cmd_vel_muxConfig-version.cmake
[11.333s] -- Symlinking: /home/maxbe/ros2_ws/install/cmd_vel_mux/share/cmd_vel_mux/package.xml
[11.340s] Invoked command in '/home/maxbe/ros2_ws/build/cmd_vel_mux' returned '0': CMAKE_PREFIX_PATH=${CMAKE_PREFIX_PATH}:/opt/ros/humble /usr/bin/cmake --install /home/maxbe/ros2_ws/build/cmd_vel_mux
