[0.025s] Invoking command in '/home/maxbe/ros2_ws/src/build/very_simple_robot_simulator': CMAKE_PREFIX_PATH=${CMAKE_PREFIX_PATH}:/opt/ros/humble /usr/bin/cmake /home/maxbe/ros2_ws/src/very_simple_robot_simulator -DAMENT_CMAKE_SYMLINK_INSTALL=1 -DCMAKE_INSTALL_PREFIX=/home/maxbe/ros2_ws/src/install/very_simple_robot_simulator
[0.211s] -- The C compiler identification is GNU 11.4.0
[0.597s] -- The CXX compiler identification is GNU 11.4.0
[0.908s] -- Detecting C compiler ABI info
[1.020s] -- Detecting C compiler ABI info - done
[1.025s] -- Check for working C compiler: /usr/bin/cc - skipped
[1.025s] -- Detecting C compile features
[1.026s] -- Detecting C compile features - done
[1.029s] -- Detecting CXX compiler ABI info
[1.142s] -- Detecting CXX compiler ABI info - done
[1.148s] -- Check for working CXX compiler: /usr/bin/c++ - skipped
[1.149s] -- Detecting CXX compile features
[1.149s] -- Detecting CXX compile features - done
[1.159s] -- Found ament_cmake: 1.3.11 (/opt/ros/humble/share/ament_cmake/cmake)
[1.269s] -- Found Python3: /usr/bin/python3 (found version "3.10.12") found components: Interpreter 
[1.327s] -- Override CMake install command with custom implementation using symlinks instead of copying resources
[1.367s] -- Found rclcpp: 16.0.12 (/opt/ros/humble/share/rclcpp/cmake)
[1.484s] -- Found rosidl_generator_c: 3.1.6 (/opt/ros/humble/share/rosidl_generator_c/cmake)
[1.490s] -- Found rosidl_adapter: 3.1.6 (/opt/ros/humble/share/rosidl_adapter/cmake)
[1.501s] -- Found rosidl_generator_cpp: 3.1.6 (/opt/ros/humble/share/rosidl_generator_cpp/cmake)
[1.520s] -- Using all available rosidl_typesupport_c: rosidl_typesupport_fastrtps_c;rosidl_typesupport_introspection_c
[1.539s] -- Using all available rosidl_typesupport_cpp: rosidl_typesupport_fastrtps_cpp;rosidl_typesupport_introspection_cpp
[1.595s] -- Found rmw_implementation_cmake: 6.1.2 (/opt/ros/humble/share/rmw_implementation_cmake/cmake)
[1.599s] -- Found rmw_fastrtps_cpp: 6.2.7 (/opt/ros/humble/share/rmw_fastrtps_cpp/cmake)
[2.699s] -- Found OpenSSL: /usr/lib/x86_64-linux-gnu/libcrypto.so (found version "3.0.2")  
[3.852s] -- Found FastRTPS: /opt/ros/humble/include  
[4.905s] -- Using RMW implementation 'rmw_fastrtps_cpp' as default
[4.917s] -- Looking for pthread.h
[5.043s] -- Looking for pthread.h - found
[5.043s] -- Performing Test CMAKE_HAVE_LIBC_PTHREAD
[5.175s] -- Performing Test CMAKE_HAVE_LIBC_PTHREAD - Success
[5.176s] -- Found Threads: TRUE  
[5.228s] -- Found rclpy: 3.3.16 (/opt/ros/humble/share/rclpy/cmake)
[5.230s] -- Found image_transport: 3.1.11 (/opt/ros/humble/share/image_transport/cmake)
[6.593s] -- Found nav_msgs: 4.8.0 (/opt/ros/humble/share/nav_msgs/cmake)
[6.611s] -- Found tf2: 0.25.12 (/opt/ros/humble/share/tf2/cmake)
[6.616s] -- Found tf2_geometry_msgs: 0.25.12 (/opt/ros/humble/share/tf2_geometry_msgs/cmake)
[6.679s] -- Found eigen3_cmake_module: 0.1.1 (/opt/ros/humble/share/eigen3_cmake_module/cmake)
[6.680s] -- Found Eigen3: TRUE (found version "3.4.0") 
[6.681s] -- Ensuring Eigen3 include directory is part of orocos-kdl CMake target
[6.774s] -- Found cv_bridge: 3.2.1 (/opt/ros/humble/share/cv_bridge/cmake)
[6.783s] -- Found OpenCV: /usr (found version "4.5.4") 
[6.846s] -- Found ament_lint_auto: 0.12.12 (/opt/ros/humble/share/ament_lint_auto/cmake)
[6.903s] -- Added test 'cppcheck' to perform static code analysis on C / C++ code
[6.904s] -- Configured cppcheck include dirs: /home/maxbe/ros2_ws/src/very_simple_robot_simulator/include/very_simple_robot_simulator
[6.904s] -- Configured cppcheck exclude dirs and/or files: 
[6.905s] -- Added test 'flake8' to check Python code syntax and style conventions
[6.906s] -- Added test 'lint_cmake' to check CMake code style
[6.907s] -- Added test 'pep257' to check Python code against some of the docstring style conventions in PEP 257
[6.910s] -- Added test 'uncrustify' to check C / C++ code style
[6.911s] -- Configured uncrustify additional arguments: 
[6.911s] -- Added test 'xmllint' to check XML markup files
[6.913s] -- Configuring done
[6.936s] -- Generating done
[6.941s] -- Build files have been written to: /home/maxbe/ros2_ws/src/build/very_simple_robot_simulator
