[0.022s] Invoking command in '/home/maxbe/ros2_ws/build/lab2': CMAKE_PREFIX_PATH=${CMAKE_PREFIX_PATH}:/opt/ros/humble /usr/bin/cmake /home/maxbe/ros2_ws/src/lab2 -DAMENT_CMAKE_SYMLINK_INSTALL=1 -DCMAKE_INSTALL_PREFIX=/home/maxbe/ros2_ws/install/lab2
[0.252s] -- The C compiler identification is GNU 11.4.0
[0.825s] -- The CXX compiler identification is GNU 11.4.0
[1.223s] -- Detecting C compiler ABI info
[1.376s] -- Detecting C compiler ABI info - done
[1.382s] -- Check for working C compiler: /usr/bin/cc - skipped
[1.382s] -- Detecting C compile features
[1.383s] -- Detecting C compile features - done
[1.386s] -- Detecting CXX compiler ABI info
[1.527s] -- Detecting CXX compiler ABI info - done
[1.532s] -- Check for working CXX compiler: /usr/bin/c++ - skipped
[1.533s] -- Detecting CXX compile features
[1.533s] -- Detecting CXX compile features - done
[1.538s] -- Found ament_cmake: 1.3.11 (/opt/ros/humble/share/ament_cmake/cmake)
[1.646s] -- Found Python3: /usr/bin/python3 (found version "3.10.12") found components: Interpreter 
[1.697s] -- Override CMake install command with custom implementation using symlinks instead of copying resources
[1.738s] -- Found rclpy: 3.3.16 (/opt/ros/humble/share/rclpy/cmake)
[1.739s] -- Found std_msgs: 4.8.0 (/opt/ros/humble/share/std_msgs/cmake)
[1.909s] -- Found rosidl_generator_c: 3.1.6 (/opt/ros/humble/share/rosidl_generator_c/cmake)
[1.916s] -- Found rosidl_adapter: 3.1.6 (/opt/ros/humble/share/rosidl_adapter/cmake)
[1.926s] -- Found rosidl_generator_cpp: 3.1.6 (/opt/ros/humble/share/rosidl_generator_cpp/cmake)
[1.944s] -- Using all available rosidl_typesupport_c: rosidl_typesupport_fastrtps_c;rosidl_typesupport_introspection_c
[1.963s] -- Using all available rosidl_typesupport_cpp: rosidl_typesupport_fastrtps_cpp;rosidl_typesupport_introspection_cpp
[1.991s] -- Found geometry_msgs: 4.8.0 (/opt/ros/humble/share/geometry_msgs/cmake)
[2.006s] -- Found nav_msgs: 4.8.0 (/opt/ros/humble/share/nav_msgs/cmake)
[2.038s] [31mCMake Error at /opt/ros/humble/share/ament_cmake_python/cmake/ament_python_install_package.cmake:46 (message):
[2.038s]   ament_python_install_package() called with unused arguments: scripts
[2.038s] Call Stack (most recent call first):
[2.038s]   /opt/ros/humble/share/ament_cmake_python/cmake/ament_python_install_package.cmake:39 (_ament_cmake_python_install_package)
[2.038s]   CMakeLists.txt:17 (ament_python_install_package)
[2.038s] 
[2.039s] [0m
[2.039s] -- Configuring incomplete, errors occurred!
[2.039s] See also "/home/maxbe/ros2_ws/build/lab2/CMakeFiles/CMakeOutput.log".
[2.043s] Invoked command in '/home/maxbe/ros2_ws/build/lab2' returned '1': CMAKE_PREFIX_PATH=${CMAKE_PREFIX_PATH}:/opt/ros/humble /usr/bin/cmake /home/maxbe/ros2_ws/src/lab2 -DAMENT_CMAKE_SYMLINK_INSTALL=1 -DCMAKE_INSTALL_PREFIX=/home/maxbe/ros2_ws/install/lab2
