[0.024s] Invoking command in '/home/maxbe/ros2_ws/build/pid_god': CMAKE_PREFIX_PATH=${CMAKE_PREFIX_PATH}:/opt/ros/humble /usr/bin/cmake --build /home/maxbe/ros2_ws/build/pid_god -- -j12 -l12
[0.071s] Invoked command in '/home/maxbe/ros2_ws/build/pid_god' returned '0': CMAKE_PREFIX_PATH=${CMAKE_PREFIX_PATH}:/opt/ros/humble /usr/bin/cmake --build /home/maxbe/ros2_ws/build/pid_god -- -j12 -l12
[0.080s] Invoking command in '/home/maxbe/ros2_ws/build/pid_god': CMAKE_PREFIX_PATH=${CMAKE_PREFIX_PATH}:/opt/ros/humble /usr/bin/cmake --install /home/maxbe/ros2_ws/build/pid_god
[0.085s] -- Install configuration: ""
[0.086s] -- Execute custom install script
[0.086s] -- Up-to-date symlink: /home/maxbe/ros2_ws/install/pid_god/lib/pid_god/virtual_robot
[0.086s] -- Up-to-date symlink: /home/maxbe/ros2_ws/install/pid_god/lib/pid_god/pid
[0.087s] -- Up-to-date symlink: /home/maxbe/ros2_ws/install/pid_god/share/pid_god//launch/launch.xml
[0.087s] -- Up-to-date symlink: /home/maxbe/ros2_ws/install/pid_god/share/ament_index/resource_index/package_run_dependencies/pid_god
[0.087s] -- Up-to-date symlink: /home/maxbe/ros2_ws/install/pid_god/share/ament_index/resource_index/parent_prefix_path/pid_god
[0.087s] -- Up-to-date symlink: /home/maxbe/ros2_ws/install/pid_god/share/pid_god/environment/ament_prefix_path.sh
[0.088s] -- Up-to-date symlink: /home/maxbe/ros2_ws/install/pid_god/share/pid_god/environment/ament_prefix_path.dsv
[0.088s] -- Up-to-date symlink: /home/maxbe/ros2_ws/install/pid_god/share/pid_god/environment/path.sh
[0.088s] -- Up-to-date symlink: /home/maxbe/ros2_ws/install/pid_god/share/pid_god/environment/path.dsv
[0.088s] -- Up-to-date symlink: /home/maxbe/ros2_ws/install/pid_god/share/pid_god/local_setup.bash
[0.089s] -- Up-to-date symlink: /home/maxbe/ros2_ws/install/pid_god/share/pid_god/local_setup.sh
[0.089s] -- Up-to-date symlink: /home/maxbe/ros2_ws/install/pid_god/share/pid_god/local_setup.zsh
[0.089s] -- Up-to-date symlink: /home/maxbe/ros2_ws/install/pid_god/share/pid_god/local_setup.dsv
[0.089s] -- Symlinking: /home/maxbe/ros2_ws/install/pid_god/share/pid_god/package.dsv
[0.095s] -- Up-to-date symlink: /home/maxbe/ros2_ws/install/pid_god/share/ament_index/resource_index/packages/pid_god
[0.096s] -- Up-to-date symlink: /home/maxbe/ros2_ws/install/pid_god/share/pid_god/cmake/pid_godConfig.cmake
[0.096s] -- Up-to-date symlink: /home/maxbe/ros2_ws/install/pid_god/share/pid_god/cmake/pid_godConfig-version.cmake
[0.096s] -- Up-to-date symlink: /home/maxbe/ros2_ws/install/pid_god/share/pid_god/package.xml
[0.098s] Invoked command in '/home/maxbe/ros2_ws/build/pid_god' returned '0': CMAKE_PREFIX_PATH=${CMAKE_PREFIX_PATH}:/opt/ros/humble /usr/bin/cmake --install /home/maxbe/ros2_ws/build/pid_god
