[0.016s] Invoking command in '/home/maxbe/ros2_ws/build/lab1': CMAKE_PREFIX_PATH=${CMAKE_PREFIX_PATH}:/opt/ros/humble /usr/bin/cmake /home/maxbe/ros2_ws/src/lab1 -DAMENT_CMAKE_SYMLINK_INSTALL=1 -DCMAKE_INSTALL_PREFIX=/home/maxbe/ros2_ws/install/lab1
[0.240s] -- The C compiler identification is GNU 11.4.0
[0.754s] -- The CXX compiler identification is GNU 11.4.0
[1.106s] -- Detecting C compiler ABI info
[1.245s] -- Detecting C compiler ABI info - done
[1.249s] -- Check for working C compiler: /usr/bin/cc - skipped
[1.250s] -- Detecting C compile features
[1.251s] -- Detecting C compile features - done
[1.254s] -- Detecting CXX compiler ABI info
[1.383s] -- Detecting CXX compiler ABI info - done
[1.387s] -- Check for working CXX compiler: /usr/bin/c++ - skipped
[1.388s] -- Detecting CXX compile features
[1.388s] -- Detecting CXX compile features - done
[1.390s] -- Found ament_cmake: 1.3.11 (/opt/ros/humble/share/ament_cmake/cmake)
[1.490s] -- Found Python3: /usr/bin/python3 (found version "3.10.12") found components: Interpreter 
[1.541s] -- Override CMake install command with custom implementation using symlinks instead of copying resources
[1.573s] -- Found rclpy: 3.3.16 (/opt/ros/humble/share/rclpy/cmake)
[1.574s] -- Found sensor_msgs: 4.8.0 (/opt/ros/humble/share/sensor_msgs/cmake)
[1.702s] -- Found rosidl_generator_c: 3.1.6 (/opt/ros/humble/share/rosidl_generator_c/cmake)
[1.707s] -- Found rosidl_adapter: 3.1.6 (/opt/ros/humble/share/rosidl_adapter/cmake)
[1.716s] -- Found rosidl_generator_cpp: 3.1.6 (/opt/ros/humble/share/rosidl_generator_cpp/cmake)
[1.731s] -- Using all available rosidl_typesupport_c: rosidl_typesupport_fastrtps_c;rosidl_typesupport_introspection_c
[1.747s] -- Using all available rosidl_typesupport_cpp: rosidl_typesupport_fastrtps_cpp;rosidl_typesupport_introspection_cpp
[1.804s] -- Found cv_bridge: 3.2.1 (/opt/ros/humble/share/cv_bridge/cmake)
[1.816s] -- Found rclcpp: 16.0.12 (/opt/ros/humble/share/rclcpp/cmake)
[1.858s] -- Found rmw_implementation_cmake: 6.1.2 (/opt/ros/humble/share/rmw_implementation_cmake/cmake)
[1.862s] -- Found rmw_fastrtps_cpp: 6.2.7 (/opt/ros/humble/share/rmw_fastrtps_cpp/cmake)
[2.983s] -- Found OpenSSL: /usr/lib/x86_64-linux-gnu/libcrypto.so (found version "3.0.2")  
[4.313s] -- Found FastRTPS: /opt/ros/humble/include  
[6.805s] -- Using RMW implementation 'rmw_fastrtps_cpp' as default
[6.815s] -- Looking for pthread.h
[6.970s] -- Looking for pthread.h - found
[6.970s] -- Performing Test CMAKE_HAVE_LIBC_PTHREAD
[7.118s] -- Performing Test CMAKE_HAVE_LIBC_PTHREAD - Success
[7.118s] -- Found Threads: TRUE  
[7.160s] -- Found image_transport: 3.1.11 (/opt/ros/humble/share/image_transport/cmake)
[8.581s] -- Found nav_msgs: 4.8.0 (/opt/ros/humble/share/nav_msgs/cmake)
[8.603s] -- Found tf2: 0.25.12 (/opt/ros/humble/share/tf2/cmake)
[8.608s] -- Found tf2_geometry_msgs: 0.25.12 (/opt/ros/humble/share/tf2_geometry_msgs/cmake)
[8.668s] -- Found eigen3_cmake_module: 0.1.1 (/opt/ros/humble/share/eigen3_cmake_module/cmake)
[8.669s] -- Found Eigen3: TRUE (found version "3.4.0") 
[8.669s] -- Ensuring Eigen3 include directory is part of orocos-kdl CMake target
[8.776s] -- Found OpenCV: /usr (found version "4.5.4") 
[8.840s] -- Found ament_lint_auto: 0.12.12 (/opt/ros/humble/share/ament_lint_auto/cmake)
[8.904s] -- Added test 'flake8' to check Python code syntax and style conventions
[8.905s] -- Added test 'lint_cmake' to check CMake code style
[8.905s] -- Added test 'pep257' to check Python code against some of the docstring style conventions in PEP 257
[8.907s] -- Added test 'xmllint' to check XML markup files
[8.909s] -- Configuring done
[8.916s] -- Generating done
[8.918s] -- Build files have been written to: /home/maxbe/ros2_ws/build/lab1
[8.926s] Invoked command in '/home/maxbe/ros2_ws/build/lab1' returned '0': CMAKE_PREFIX_PATH=${CMAKE_PREFIX_PATH}:/opt/ros/humble /usr/bin/cmake /home/maxbe/ros2_ws/src/lab1 -DAMENT_CMAKE_SYMLINK_INSTALL=1 -DCMAKE_INSTALL_PREFIX=/home/maxbe/ros2_ws/install/lab1
[8.928s] Invoking command in '/home/maxbe/ros2_ws/build/lab1': CMAKE_PREFIX_PATH=${CMAKE_PREFIX_PATH}:/opt/ros/humble /usr/bin/cmake --build /home/maxbe/ros2_ws/build/lab1 -- -j12 -l12
[8.966s] Built target ament_cmake_python_symlink_lab1
[9.134s] running egg_info
[9.134s] creating lab1.egg-info
[9.135s] writing lab1.egg-info/PKG-INFO
[9.135s] writing dependency_links to lab1.egg-info/dependency_links.txt
[9.135s] writing top-level names to lab1.egg-info/top_level.txt
[9.135s] writing manifest file 'lab1.egg-info/SOURCES.txt'
[9.136s] reading manifest file 'lab1.egg-info/SOURCES.txt'
[9.137s] writing manifest file 'lab1.egg-info/SOURCES.txt'
[9.156s] Built target ament_cmake_python_build_lab1_egg
[9.163s] Invoked command in '/home/maxbe/ros2_ws/build/lab1' returned '0': CMAKE_PREFIX_PATH=${CMAKE_PREFIX_PATH}:/opt/ros/humble /usr/bin/cmake --build /home/maxbe/ros2_ws/build/lab1 -- -j12 -l12
[9.164s] Invoking command in '/home/maxbe/ros2_ws/build/lab1': CMAKE_PREFIX_PATH=${CMAKE_PREFIX_PATH}:/opt/ros/humble /usr/bin/cmake --install /home/maxbe/ros2_ws/build/lab1
[9.169s] -- Install configuration: ""
[9.169s] -- Execute custom install script
[9.170s] -- Symlinking: /home/maxbe/ros2_ws/install/lab1/share/lab1/environment/pythonpath.sh
[9.178s] -- Symlinking: /home/maxbe/ros2_ws/install/lab1/share/lab1/environment/pythonpath.dsv
[9.186s] -- Symlinking: /home/maxbe/ros2_ws/install/lab1/local/lib/python3.10/dist-packages/lab1-0.0.0-py3.10.egg-info/PKG-INFO
[9.192s] -- Symlinking: /home/maxbe/ros2_ws/install/lab1/local/lib/python3.10/dist-packages/lab1-0.0.0-py3.10.egg-info/SOURCES.txt
[9.198s] -- Symlinking: /home/maxbe/ros2_ws/install/lab1/local/lib/python3.10/dist-packages/lab1-0.0.0-py3.10.egg-info/dependency_links.txt
[9.205s] -- Symlinking: /home/maxbe/ros2_ws/install/lab1/local/lib/python3.10/dist-packages/lab1-0.0.0-py3.10.egg-info/top_level.txt
[9.212s] -- Symlinking: /home/maxbe/ros2_ws/install/lab1/local/lib/python3.10/dist-packages/lab1/__init__.py
[9.218s] -- Symlinking: /home/maxbe/ros2_ws/install/lab1/local/lib/python3.10/dist-packages/lab1/__init__.py:Zone.Identifier
[9.226s] -- Symlinking: /home/maxbe/ros2_ws/install/lab1/lib/lab1/dead_reckoning_nav.py
[9.231s] -- Symlinking: /home/maxbe/ros2_ws/install/lab1/lib/lab1/obstacle_detector.py
[9.237s] -- Symlinking: /home/maxbe/ros2_ws/install/lab1/lib/lab1/pose_loader.py
[9.243s] -- Symlinking: /home/maxbe/ros2_ws/install/lab1/lib/lab1/data_recorder.py
[9.249s] -- Symlinking: /home/maxbe/ros2_ws/install/lab1/lib/lab1/teleop_nav.py
[9.255s] -- Up-to-date symlink: /home/maxbe/ros2_ws/install/lab1/lib/lab1/obstacle_detector.py
[9.255s] [31mCMake Error at ament_cmake_symlink_install/ament_cmake_symlink_install.cmake:100 (message):
[9.256s]   ament_cmake_symlink_install_directory() can't find
[9.256s]   '/home/maxbe/ros2_ws/src/lab1/launch'
[9.256s] Call Stack (most recent call first):
[9.256s]   ament_cmake_symlink_install/ament_cmake_symlink_install.cmake:329 (ament_cmake_symlink_install_directory)
[9.256s]   cmake_install.cmake:46 (include)
[9.256s] 
[9.256s] [0m
[9.257s] Invoked command in '/home/maxbe/ros2_ws/build/lab1' returned '1': CMAKE_PREFIX_PATH=${CMAKE_PREFIX_PATH}:/opt/ros/humble /usr/bin/cmake --install /home/maxbe/ros2_ws/build/lab1
