[0.018s] Invoking command in '/home/maxbe/ros2_ws/build/lab1': CMAKE_PREFIX_PATH=${CMAKE_PREFIX_PATH}:/opt/ros/humble /usr/bin/cmake --build /home/maxbe/ros2_ws/build/lab1 -- -j12 -l12
[0.064s] -- Found ament_cmake: 1.3.11 (/opt/ros/humble/share/ament_cmake/cmake)
[0.169s] -- Override CMake install command with custom implementation using symlinks instead of copying resources
[0.190s] -- Found rclpy: 3.3.16 (/opt/ros/humble/share/rclpy/cmake)
[0.191s] -- Found sensor_msgs: 4.8.0 (/opt/ros/humble/share/sensor_msgs/cmake)
[0.360s] -- Found rosidl_generator_c: 3.1.6 (/opt/ros/humble/share/rosidl_generator_c/cmake)
[0.364s] -- Found rosidl_adapter: 3.1.6 (/opt/ros/humble/share/rosidl_adapter/cmake)
[0.374s] -- Found rosidl_generator_cpp: 3.1.6 (/opt/ros/humble/share/rosidl_generator_cpp/cmake)
[0.388s] -- Using all available rosidl_typesupport_c: rosidl_typesupport_fastrtps_c;rosidl_typesupport_introspection_c
[0.403s] -- Using all available rosidl_typesupport_cpp: rosidl_typesupport_fastrtps_cpp;rosidl_typesupport_introspection_cpp
[0.464s] -- Found cv_bridge: 3.2.1 (/opt/ros/humble/share/cv_bridge/cmake)
[0.473s] -- Found rclcpp: 16.0.12 (/opt/ros/humble/share/rclcpp/cmake)
[0.510s] -- Found rmw_implementation_cmake: 6.1.2 (/opt/ros/humble/share/rmw_implementation_cmake/cmake)
[0.513s] -- Found rmw_fastrtps_cpp: 6.2.7 (/opt/ros/humble/share/rmw_fastrtps_cpp/cmake)
[5.702s] -- Using RMW implementation 'rmw_fastrtps_cpp' as default
[5.746s] -- Found image_transport: 3.1.11 (/opt/ros/humble/share/image_transport/cmake)
[7.002s] -- Found nav_msgs: 4.8.0 (/opt/ros/humble/share/nav_msgs/cmake)
[7.019s] -- Found tf2: 0.25.12 (/opt/ros/humble/share/tf2/cmake)
[7.024s] -- Found tf2_geometry_msgs: 0.25.12 (/opt/ros/humble/share/tf2_geometry_msgs/cmake)
[7.029s] -- Found eigen3_cmake_module: 0.1.1 (/opt/ros/humble/share/eigen3_cmake_module/cmake)
[7.031s] -- Ensuring Eigen3 include directory is part of orocos-kdl CMake target
[7.161s] -- Found ament_lint_auto: 0.12.12 (/opt/ros/humble/share/ament_lint_auto/cmake)
[7.217s] -- Added test 'flake8' to check Python code syntax and style conventions
[7.218s] -- Added test 'lint_cmake' to check CMake code style
[7.218s] -- Added test 'pep257' to check Python code against some of the docstring style conventions in PEP 257
[7.220s] -- Added test 'xmllint' to check XML markup files
[7.222s] -- Configuring done
[7.230s] -- Generating done
[7.233s] -- Build files have been written to: /home/maxbe/ros2_ws/build/lab1
[7.261s] Built target ament_cmake_python_symlink_lab1
[7.421s] running egg_info
[7.421s] writing lab1.egg-info/PKG-INFO
[7.421s] writing dependency_links to lab1.egg-info/dependency_links.txt
[7.421s] writing top-level names to lab1.egg-info/top_level.txt
[7.423s] reading manifest file 'lab1.egg-info/SOURCES.txt'
[7.423s] writing manifest file 'lab1.egg-info/SOURCES.txt'
[7.440s] Built target ament_cmake_python_build_lab1_egg
[7.447s] Invoked command in '/home/maxbe/ros2_ws/build/lab1' returned '0': CMAKE_PREFIX_PATH=${CMAKE_PREFIX_PATH}:/opt/ros/humble /usr/bin/cmake --build /home/maxbe/ros2_ws/build/lab1 -- -j12 -l12
[7.449s] Invoking command in '/home/maxbe/ros2_ws/build/lab1': CMAKE_PREFIX_PATH=${CMAKE_PREFIX_PATH}:/opt/ros/humble /usr/bin/cmake --install /home/maxbe/ros2_ws/build/lab1
[7.453s] -- Install configuration: ""
[7.453s] -- Execute custom install script
[7.454s] -- Up-to-date symlink: /home/maxbe/ros2_ws/install/lab1/share/lab1/environment/pythonpath.sh
[7.454s] -- Up-to-date symlink: /home/maxbe/ros2_ws/install/lab1/share/lab1/environment/pythonpath.dsv
[7.454s] -- Up-to-date symlink: /home/maxbe/ros2_ws/install/lab1/local/lib/python3.10/dist-packages/lab1-0.0.0-py3.10.egg-info/PKG-INFO
[7.454s] -- Up-to-date symlink: /home/maxbe/ros2_ws/install/lab1/local/lib/python3.10/dist-packages/lab1-0.0.0-py3.10.egg-info/SOURCES.txt
[7.454s] -- Up-to-date symlink: /home/maxbe/ros2_ws/install/lab1/local/lib/python3.10/dist-packages/lab1-0.0.0-py3.10.egg-info/dependency_links.txt
[7.455s] -- Up-to-date symlink: /home/maxbe/ros2_ws/install/lab1/local/lib/python3.10/dist-packages/lab1-0.0.0-py3.10.egg-info/top_level.txt
[7.455s] -- Up-to-date symlink: /home/maxbe/ros2_ws/install/lab1/local/lib/python3.10/dist-packages/lab1/__init__.py
[7.455s] -- Up-to-date symlink: /home/maxbe/ros2_ws/install/lab1/lib/lab1/data_recorder.py
[7.455s] -- Up-to-date symlink: /home/maxbe/ros2_ws/install/lab1/lib/lab1/dead_reckoning_nav.py
[7.455s] -- Up-to-date symlink: /home/maxbe/ros2_ws/install/lab1/lib/lab1/obstacle_detector.py
[7.455s] -- Up-to-date symlink: /home/maxbe/ros2_ws/install/lab1/lib/lab1/pose_loader.py
[7.455s] -- Symlinking: /home/maxbe/ros2_ws/install/lab1/lib/lab1/run_all.py
[7.460s] -- Up-to-date symlink: /home/maxbe/ros2_ws/install/lab1/lib/lab1/teleop_nav.py
[7.461s] -- Up-to-date symlink: /home/maxbe/ros2_ws/install/lab1/lib/lab1/dead_reckoning_nav.py
[7.461s] -- Up-to-date symlink: /home/maxbe/ros2_ws/install/lab1/lib/lab1/obstacle_detector.py
[7.461s] -- Up-to-date symlink: /home/maxbe/ros2_ws/install/lab1/lib/lab1/pose_loader.py
[7.461s] -- Up-to-date symlink: /home/maxbe/ros2_ws/install/lab1/lib/lab1/data_recorder.py
[7.461s] -- Up-to-date symlink: /home/maxbe/ros2_ws/install/lab1/lib/lab1/teleop_nav.py
[7.461s] -- Up-to-date symlink: /home/maxbe/ros2_ws/install/lab1/lib/lab1/obstacle_detector.py
[7.462s] -- Up-to-date symlink: /home/maxbe/ros2_ws/install/lab1/share/lab1//launch/accion_y_percepcion.xml
[7.462s] -- Up-to-date symlink: /home/maxbe/ros2_ws/install/lab1/share/lab1//launch/avanzar_y_rotar.xml
[7.462s] -- Up-to-date symlink: /home/maxbe/ros2_ws/install/lab1/share/lab1//launch/correr_nodos.xml
[7.462s] -- Up-to-date symlink: /home/maxbe/ros2_ws/install/lab1/share/lab1//launch/dead_reckoning.xml
[7.462s] -- Up-to-date symlink: /home/maxbe/ros2_ws/install/lab1/share/lab1//launch/obstacle_detector.xml
[7.462s] -- Up-to-date symlink: /home/maxbe/ros2_ws/install/lab1/share/lab1//launch/run_all.xml
[7.463s] -- Up-to-date symlink: /home/maxbe/ros2_ws/install/lab1/share/lab1/config/poses.txt
[7.463s] -- Up-to-date symlink: /home/maxbe/ros2_ws/install/lab1/share/ament_index/resource_index/package_run_dependencies/lab1
[7.463s] -- Up-to-date symlink: /home/maxbe/ros2_ws/install/lab1/share/ament_index/resource_index/parent_prefix_path/lab1
[7.463s] -- Up-to-date symlink: /home/maxbe/ros2_ws/install/lab1/share/lab1/environment/ament_prefix_path.sh
[7.463s] -- Up-to-date symlink: /home/maxbe/ros2_ws/install/lab1/share/lab1/environment/ament_prefix_path.dsv
[7.463s] -- Up-to-date symlink: /home/maxbe/ros2_ws/install/lab1/share/lab1/environment/path.sh
[7.464s] -- Up-to-date symlink: /home/maxbe/ros2_ws/install/lab1/share/lab1/environment/path.dsv
[7.464s] -- Up-to-date symlink: /home/maxbe/ros2_ws/install/lab1/share/lab1/local_setup.bash
[7.464s] -- Up-to-date symlink: /home/maxbe/ros2_ws/install/lab1/share/lab1/local_setup.sh
[7.464s] -- Up-to-date symlink: /home/maxbe/ros2_ws/install/lab1/share/lab1/local_setup.zsh
[7.464s] -- Up-to-date symlink: /home/maxbe/ros2_ws/install/lab1/share/lab1/local_setup.dsv
[7.464s] -- Symlinking: /home/maxbe/ros2_ws/install/lab1/share/lab1/package.dsv
[7.470s] -- Up-to-date symlink: /home/maxbe/ros2_ws/install/lab1/share/ament_index/resource_index/packages/lab1
[7.470s] -- Up-to-date symlink: /home/maxbe/ros2_ws/install/lab1/share/lab1/cmake/lab1Config.cmake
[7.470s] -- Up-to-date symlink: /home/maxbe/ros2_ws/install/lab1/share/lab1/cmake/lab1Config-version.cmake
[7.470s] -- Up-to-date symlink: /home/maxbe/ros2_ws/install/lab1/share/lab1/package.xml
[7.491s] Listing '/home/maxbe/ros2_ws/install/lab1/local/lib/python3.10/dist-packages/lab1'...
[7.496s] Invoked command in '/home/maxbe/ros2_ws/build/lab1' returned '0': CMAKE_PREFIX_PATH=${CMAKE_PREFIX_PATH}:/opt/ros/humble /usr/bin/cmake --install /home/maxbe/ros2_ws/build/lab1
