[0.164s] DEBUG:colcon:Command line arguments: ['/usr/bin/colcon', 'build', '--symlink-install']
[0.164s] DEBUG:colcon:Parsed command line arguments: Namespace(log_base=None, log_level=None, verb_name='build', build_base='build', install_base='install', merge_install=False, symlink_install=True, test_result_base=None, continue_on_error=False, executor='parallel', parallel_workers=12, event_handlers=None, ignore_user_meta=False, metas=['./colcon.meta'], base_paths=['.'], packages_ignore=None, packages_ignore_regex=None, paths=None, packages_up_to=None, packages_up_to_regex=None, packages_above=None, packages_above_and_dependencies=None, packages_above_depth=None, packages_select_by_dep=None, packages_skip_by_dep=None, packages_skip_up_to=None, packages_select_build_failed=False, packages_skip_build_finished=False, packages_select_test_failures=False, packages_skip_test_passed=False, packages_select=None, packages_skip=None, packages_select_regex=None, packages_skip_regex=None, packages_start=None, packages_end=None, allow_overriding=[], cmake_args=None, cmake_target=None, cmake_target_skip_unavailable=False, cmake_clean_cache=False, cmake_clean_first=False, cmake_force_configure=False, ament_cmake_args=None, catkin_cmake_args=None, catkin_skip_building_tests=False, mixin_files=None, mixin=None, verb_parser=<colcon_mixin.mixin.mixin_argument.MixinArgumentDecorator object at 0x7f260f8a5780>, verb_extension=<colcon_core.verb.build.BuildVerb object at 0x7f260f8a51b0>, main=<bound method BuildVerb.main of <colcon_core.verb.build.BuildVerb object at 0x7f260f8a51b0>>, mixin_verb=('build',))
[0.279s] Level 1:colcon.colcon_core.package_discovery:discover_packages(colcon_meta) check parameters
[0.279s] Level 1:colcon.colcon_core.package_discovery:discover_packages(recursive) check parameters
[0.279s] Level 1:colcon.colcon_core.package_discovery:discover_packages(ignore) check parameters
[0.279s] Level 1:colcon.colcon_core.package_discovery:discover_packages(path) check parameters
[0.279s] Level 1:colcon.colcon_core.package_discovery:discover_packages(colcon_meta) discover
[0.279s] Level 1:colcon.colcon_core.package_discovery:discover_packages(recursive) discover
[0.279s] INFO:colcon.colcon_core.package_discovery:Crawling recursively for packages in '/home/maxbe/ros2_ws'
[0.280s] Level 1:colcon.colcon_core.package_identification:_identify(.) by extensions ['ignore', 'ignore_ament_install']
[0.280s] Level 1:colcon.colcon_core.package_identification:_identify(.) by extension 'ignore'
[0.280s] Level 1:colcon.colcon_core.package_identification:_identify(.) by extension 'ignore_ament_install'
[0.280s] Level 1:colcon.colcon_core.package_identification:_identify(.) by extensions ['colcon_pkg']
[0.280s] Level 1:colcon.colcon_core.package_identification:_identify(.) by extension 'colcon_pkg'
[0.280s] Level 1:colcon.colcon_core.package_identification:_identify(.) by extensions ['colcon_meta']
[0.280s] Level 1:colcon.colcon_core.package_identification:_identify(.) by extension 'colcon_meta'
[0.280s] Level 1:colcon.colcon_core.package_identification:_identify(.) by extensions ['ros']
[0.280s] Level 1:colcon.colcon_core.package_identification:_identify(.) by extension 'ros'
[0.287s] Level 1:colcon.colcon_core.package_identification:_identify(.) by extensions ['cmake', 'python']
[0.287s] Level 1:colcon.colcon_core.package_identification:_identify(.) by extension 'cmake'
[0.287s] Level 1:colcon.colcon_core.package_identification:_identify(.) by extension 'python'
[0.287s] Level 1:colcon.colcon_core.package_identification:_identify(.) by extensions ['python_setup_py']
[0.287s] Level 1:colcon.colcon_core.package_identification:_identify(.) by extension 'python_setup_py'
[0.287s] Level 1:colcon.colcon_core.package_identification:_identify(build) by extensions ['ignore', 'ignore_ament_install']
[0.287s] Level 1:colcon.colcon_core.package_identification:_identify(build) by extension 'ignore'
[0.287s] Level 1:colcon.colcon_core.package_identification:_identify(build) ignored
[0.287s] Level 1:colcon.colcon_core.package_identification:_identify(install) by extensions ['ignore', 'ignore_ament_install']
[0.287s] Level 1:colcon.colcon_core.package_identification:_identify(install) by extension 'ignore'
[0.287s] Level 1:colcon.colcon_core.package_identification:_identify(install) ignored
[0.287s] Level 1:colcon.colcon_core.package_identification:_identify(log) by extensions ['ignore', 'ignore_ament_install']
[0.288s] Level 1:colcon.colcon_core.package_identification:_identify(log) by extension 'ignore'
[0.288s] Level 1:colcon.colcon_core.package_identification:_identify(log) ignored
[0.288s] Level 1:colcon.colcon_core.package_identification:_identify(src) by extensions ['ignore', 'ignore_ament_install']
[0.288s] Level 1:colcon.colcon_core.package_identification:_identify(src) by extension 'ignore'
[0.288s] Level 1:colcon.colcon_core.package_identification:_identify(src) by extension 'ignore_ament_install'
[0.288s] Level 1:colcon.colcon_core.package_identification:_identify(src) by extensions ['colcon_pkg']
[0.288s] Level 1:colcon.colcon_core.package_identification:_identify(src) by extension 'colcon_pkg'
[0.288s] Level 1:colcon.colcon_core.package_identification:_identify(src) by extensions ['colcon_meta']
[0.288s] Level 1:colcon.colcon_core.package_identification:_identify(src) by extension 'colcon_meta'
[0.288s] Level 1:colcon.colcon_core.package_identification:_identify(src) by extensions ['ros']
[0.288s] Level 1:colcon.colcon_core.package_identification:_identify(src) by extension 'ros'
[0.288s] Level 1:colcon.colcon_core.package_identification:_identify(src) by extensions ['cmake', 'python']
[0.288s] Level 1:colcon.colcon_core.package_identification:_identify(src) by extension 'cmake'
[0.288s] Level 1:colcon.colcon_core.package_identification:_identify(src) by extension 'python'
[0.288s] Level 1:colcon.colcon_core.package_identification:_identify(src) by extensions ['python_setup_py']
[0.288s] Level 1:colcon.colcon_core.package_identification:_identify(src) by extension 'python_setup_py'
[0.288s] Level 1:colcon.colcon_core.package_identification:_identify(src/cmd_vel_mux) by extensions ['ignore', 'ignore_ament_install']
[0.288s] Level 1:colcon.colcon_core.package_identification:_identify(src/cmd_vel_mux) by extension 'ignore'
[0.288s] Level 1:colcon.colcon_core.package_identification:_identify(src/cmd_vel_mux) by extension 'ignore_ament_install'
[0.288s] Level 1:colcon.colcon_core.package_identification:_identify(src/cmd_vel_mux) by extensions ['colcon_pkg']
[0.288s] Level 1:colcon.colcon_core.package_identification:_identify(src/cmd_vel_mux) by extension 'colcon_pkg'
[0.288s] Level 1:colcon.colcon_core.package_identification:_identify(src/cmd_vel_mux) by extensions ['colcon_meta']
[0.288s] Level 1:colcon.colcon_core.package_identification:_identify(src/cmd_vel_mux) by extension 'colcon_meta'
[0.288s] Level 1:colcon.colcon_core.package_identification:_identify(src/cmd_vel_mux) by extensions ['ros']
[0.288s] Level 1:colcon.colcon_core.package_identification:_identify(src/cmd_vel_mux) by extension 'ros'
[0.290s] DEBUG:colcon.colcon_core.package_identification:Package 'src/cmd_vel_mux' with type 'ros.ament_cmake' and name 'cmd_vel_mux'
[0.290s] Level 1:colcon.colcon_core.package_identification:_identify(src/lab1) by extensions ['ignore', 'ignore_ament_install']
[0.290s] Level 1:colcon.colcon_core.package_identification:_identify(src/lab1) by extension 'ignore'
[0.290s] Level 1:colcon.colcon_core.package_identification:_identify(src/lab1) by extension 'ignore_ament_install'
[0.290s] Level 1:colcon.colcon_core.package_identification:_identify(src/lab1) by extensions ['colcon_pkg']
[0.290s] Level 1:colcon.colcon_core.package_identification:_identify(src/lab1) by extension 'colcon_pkg'
[0.290s] Level 1:colcon.colcon_core.package_identification:_identify(src/lab1) by extensions ['colcon_meta']
[0.290s] Level 1:colcon.colcon_core.package_identification:_identify(src/lab1) by extension 'colcon_meta'
[0.291s] Level 1:colcon.colcon_core.package_identification:_identify(src/lab1) by extensions ['ros']
[0.291s] Level 1:colcon.colcon_core.package_identification:_identify(src/lab1) by extension 'ros'
[0.291s] DEBUG:colcon.colcon_core.package_identification:Package 'src/lab1' with type 'ros.ament_cmake' and name 'lab1'
[0.291s] Level 1:colcon.colcon_core.package_identification:_identify(src/pid_god) by extensions ['ignore', 'ignore_ament_install']
[0.291s] Level 1:colcon.colcon_core.package_identification:_identify(src/pid_god) by extension 'ignore'
[0.291s] Level 1:colcon.colcon_core.package_identification:_identify(src/pid_god) by extension 'ignore_ament_install'
[0.291s] Level 1:colcon.colcon_core.package_identification:_identify(src/pid_god) by extensions ['colcon_pkg']
[0.291s] Level 1:colcon.colcon_core.package_identification:_identify(src/pid_god) by extension 'colcon_pkg'
[0.291s] Level 1:colcon.colcon_core.package_identification:_identify(src/pid_god) by extensions ['colcon_meta']
[0.291s] Level 1:colcon.colcon_core.package_identification:_identify(src/pid_god) by extension 'colcon_meta'
[0.291s] Level 1:colcon.colcon_core.package_identification:_identify(src/pid_god) by extensions ['ros']
[0.291s] Level 1:colcon.colcon_core.package_identification:_identify(src/pid_god) by extension 'ros'
[0.292s] DEBUG:colcon.colcon_core.package_identification:Package 'src/pid_god' with type 'ros.ament_cmake' and name 'pid_god'
[0.292s] Level 1:colcon.colcon_core.package_identification:_identify(src/very_simple_robot_simulator) by extensions ['ignore', 'ignore_ament_install']
[0.292s] Level 1:colcon.colcon_core.package_identification:_identify(src/very_simple_robot_simulator) by extension 'ignore'
[0.292s] Level 1:colcon.colcon_core.package_identification:_identify(src/very_simple_robot_simulator) by extension 'ignore_ament_install'
[0.292s] Level 1:colcon.colcon_core.package_identification:_identify(src/very_simple_robot_simulator) by extensions ['colcon_pkg']
[0.292s] Level 1:colcon.colcon_core.package_identification:_identify(src/very_simple_robot_simulator) by extension 'colcon_pkg'
[0.292s] Level 1:colcon.colcon_core.package_identification:_identify(src/very_simple_robot_simulator) by extensions ['colcon_meta']
[0.292s] Level 1:colcon.colcon_core.package_identification:_identify(src/very_simple_robot_simulator) by extension 'colcon_meta'
[0.292s] Level 1:colcon.colcon_core.package_identification:_identify(src/very_simple_robot_simulator) by extensions ['ros']
[0.292s] Level 1:colcon.colcon_core.package_identification:_identify(src/very_simple_robot_simulator) by extension 'ros'
[0.292s] DEBUG:colcon.colcon_core.package_identification:Package 'src/very_simple_robot_simulator' with type 'ros.ament_cmake' and name 'very_simple_robot_simulator'
[0.293s] Level 1:colcon.colcon_core.package_discovery:discover_packages(recursive) using defaults
[0.293s] Level 1:colcon.colcon_core.package_discovery:discover_packages(ignore) discover
[0.293s] Level 1:colcon.colcon_core.package_discovery:discover_packages(ignore) using defaults
[0.293s] Level 1:colcon.colcon_core.package_discovery:discover_packages(path) discover
[0.293s] Level 1:colcon.colcon_core.package_discovery:discover_packages(path) using defaults
[0.311s] Level 1:colcon.colcon_core.package_discovery:discover_packages(prefix_path) check parameters
[0.312s] Level 1:colcon.colcon_core.package_discovery:discover_packages(prefix_path) discover
[0.313s] DEBUG:colcon.colcon_installed_package_information.package_discovery:Found 4 installed packages in /home/maxbe/ros2_ws/install
[0.314s] DEBUG:colcon.colcon_installed_package_information.package_discovery:Found 274 installed packages in /opt/ros/humble
[0.315s] Level 1:colcon.colcon_core.package_discovery:discover_packages(prefix_path) using defaults
[0.341s] Level 5:colcon.colcon_core.verb:set package 'cmd_vel_mux' build argument 'cmake_args' from command line to 'None'
[0.341s] Level 5:colcon.colcon_core.verb:set package 'cmd_vel_mux' build argument 'cmake_target' from command line to 'None'
[0.341s] Level 5:colcon.colcon_core.verb:set package 'cmd_vel_mux' build argument 'cmake_target_skip_unavailable' from command line to 'False'
[0.341s] Level 5:colcon.colcon_core.verb:set package 'cmd_vel_mux' build argument 'cmake_clean_cache' from command line to 'False'
[0.341s] Level 5:colcon.colcon_core.verb:set package 'cmd_vel_mux' build argument 'cmake_clean_first' from command line to 'False'
[0.341s] Level 5:colcon.colcon_core.verb:set package 'cmd_vel_mux' build argument 'cmake_force_configure' from command line to 'False'
[0.341s] Level 5:colcon.colcon_core.verb:set package 'cmd_vel_mux' build argument 'ament_cmake_args' from command line to 'None'
[0.341s] Level 5:colcon.colcon_core.verb:set package 'cmd_vel_mux' build argument 'catkin_cmake_args' from command line to 'None'
[0.341s] Level 5:colcon.colcon_core.verb:set package 'cmd_vel_mux' build argument 'catkin_skip_building_tests' from command line to 'False'
[0.341s] DEBUG:colcon.colcon_core.verb:Building package 'cmd_vel_mux' with the following arguments: {'ament_cmake_args': None, 'build_base': '/home/maxbe/ros2_ws/build/cmd_vel_mux', 'catkin_cmake_args': None, 'catkin_skip_building_tests': False, 'cmake_args': None, 'cmake_clean_cache': False, 'cmake_clean_first': False, 'cmake_force_configure': False, 'cmake_target': None, 'cmake_target_skip_unavailable': False, 'install_base': '/home/maxbe/ros2_ws/install/cmd_vel_mux', 'merge_install': False, 'path': '/home/maxbe/ros2_ws/src/cmd_vel_mux', 'symlink_install': True, 'test_result_base': None}
[0.341s] Level 5:colcon.colcon_core.verb:set package 'lab1' build argument 'cmake_args' from command line to 'None'
[0.341s] Level 5:colcon.colcon_core.verb:set package 'lab1' build argument 'cmake_target' from command line to 'None'
[0.341s] Level 5:colcon.colcon_core.verb:set package 'lab1' build argument 'cmake_target_skip_unavailable' from command line to 'False'
[0.341s] Level 5:colcon.colcon_core.verb:set package 'lab1' build argument 'cmake_clean_cache' from command line to 'False'
[0.341s] Level 5:colcon.colcon_core.verb:set package 'lab1' build argument 'cmake_clean_first' from command line to 'False'
[0.341s] Level 5:colcon.colcon_core.verb:set package 'lab1' build argument 'cmake_force_configure' from command line to 'False'
[0.341s] Level 5:colcon.colcon_core.verb:set package 'lab1' build argument 'ament_cmake_args' from command line to 'None'
[0.341s] Level 5:colcon.colcon_core.verb:set package 'lab1' build argument 'catkin_cmake_args' from command line to 'None'
[0.341s] Level 5:colcon.colcon_core.verb:set package 'lab1' build argument 'catkin_skip_building_tests' from command line to 'False'
[0.341s] DEBUG:colcon.colcon_core.verb:Building package 'lab1' with the following arguments: {'ament_cmake_args': None, 'build_base': '/home/maxbe/ros2_ws/build/lab1', 'catkin_cmake_args': None, 'catkin_skip_building_tests': False, 'cmake_args': None, 'cmake_clean_cache': False, 'cmake_clean_first': False, 'cmake_force_configure': False, 'cmake_target': None, 'cmake_target_skip_unavailable': False, 'install_base': '/home/maxbe/ros2_ws/install/lab1', 'merge_install': False, 'path': '/home/maxbe/ros2_ws/src/lab1', 'symlink_install': True, 'test_result_base': None}
[0.342s] Level 5:colcon.colcon_core.verb:set package 'pid_god' build argument 'cmake_args' from command line to 'None'
[0.342s] Level 5:colcon.colcon_core.verb:set package 'pid_god' build argument 'cmake_target' from command line to 'None'
[0.342s] Level 5:colcon.colcon_core.verb:set package 'pid_god' build argument 'cmake_target_skip_unavailable' from command line to 'False'
[0.342s] Level 5:colcon.colcon_core.verb:set package 'pid_god' build argument 'cmake_clean_cache' from command line to 'False'
[0.342s] Level 5:colcon.colcon_core.verb:set package 'pid_god' build argument 'cmake_clean_first' from command line to 'False'
[0.342s] Level 5:colcon.colcon_core.verb:set package 'pid_god' build argument 'cmake_force_configure' from command line to 'False'
[0.342s] Level 5:colcon.colcon_core.verb:set package 'pid_god' build argument 'ament_cmake_args' from command line to 'None'
[0.342s] Level 5:colcon.colcon_core.verb:set package 'pid_god' build argument 'catkin_cmake_args' from command line to 'None'
[0.342s] Level 5:colcon.colcon_core.verb:set package 'pid_god' build argument 'catkin_skip_building_tests' from command line to 'False'
[0.342s] DEBUG:colcon.colcon_core.verb:Building package 'pid_god' with the following arguments: {'ament_cmake_args': None, 'build_base': '/home/maxbe/ros2_ws/build/pid_god', 'catkin_cmake_args': None, 'catkin_skip_building_tests': False, 'cmake_args': None, 'cmake_clean_cache': False, 'cmake_clean_first': False, 'cmake_force_configure': False, 'cmake_target': None, 'cmake_target_skip_unavailable': False, 'install_base': '/home/maxbe/ros2_ws/install/pid_god', 'merge_install': False, 'path': '/home/maxbe/ros2_ws/src/pid_god', 'symlink_install': True, 'test_result_base': None}
[0.342s] Level 5:colcon.colcon_core.verb:set package 'very_simple_robot_simulator' build argument 'cmake_args' from command line to 'None'
[0.342s] Level 5:colcon.colcon_core.verb:set package 'very_simple_robot_simulator' build argument 'cmake_target' from command line to 'None'
[0.342s] Level 5:colcon.colcon_core.verb:set package 'very_simple_robot_simulator' build argument 'cmake_target_skip_unavailable' from command line to 'False'
[0.342s] Level 5:colcon.colcon_core.verb:set package 'very_simple_robot_simulator' build argument 'cmake_clean_cache' from command line to 'False'
[0.342s] Level 5:colcon.colcon_core.verb:set package 'very_simple_robot_simulator' build argument 'cmake_clean_first' from command line to 'False'
[0.342s] Level 5:colcon.colcon_core.verb:set package 'very_simple_robot_simulator' build argument 'cmake_force_configure' from command line to 'False'
[0.342s] Level 5:colcon.colcon_core.verb:set package 'very_simple_robot_simulator' build argument 'ament_cmake_args' from command line to 'None'
[0.342s] Level 5:colcon.colcon_core.verb:set package 'very_simple_robot_simulator' build argument 'catkin_cmake_args' from command line to 'None'
[0.342s] Level 5:colcon.colcon_core.verb:set package 'very_simple_robot_simulator' build argument 'catkin_skip_building_tests' from command line to 'False'
[0.342s] DEBUG:colcon.colcon_core.verb:Building package 'very_simple_robot_simulator' with the following arguments: {'ament_cmake_args': None, 'build_base': '/home/maxbe/ros2_ws/build/very_simple_robot_simulator', 'catkin_cmake_args': None, 'catkin_skip_building_tests': False, 'cmake_args': None, 'cmake_clean_cache': False, 'cmake_clean_first': False, 'cmake_force_configure': False, 'cmake_target': None, 'cmake_target_skip_unavailable': False, 'install_base': '/home/maxbe/ros2_ws/install/very_simple_robot_simulator', 'merge_install': False, 'path': '/home/maxbe/ros2_ws/src/very_simple_robot_simulator', 'symlink_install': True, 'test_result_base': None}
[0.342s] INFO:colcon.colcon_core.executor:Executing jobs using 'parallel' executor
[0.343s] DEBUG:colcon.colcon_parallel_executor.executor.parallel:run_until_complete
[0.343s] INFO:colcon.colcon_ros.task.ament_cmake.build:Building ROS package in '/home/maxbe/ros2_ws/src/cmd_vel_mux' with build type 'ament_cmake'
[0.343s] INFO:colcon.colcon_cmake.task.cmake.build:Building CMake package in '/home/maxbe/ros2_ws/src/cmd_vel_mux'
[0.346s] INFO:colcon.colcon_core.plugin_system:Skipping extension 'colcon_core.shell.bat': Not used on non-Windows systems
[0.346s] INFO:colcon.colcon_core.shell:Skip shell extension 'powershell' for command environment: Not usable outside of PowerShell
[0.346s] DEBUG:colcon.colcon_core.shell:Skip shell extension 'dsv' for command environment
[0.348s] INFO:colcon.colcon_ros.task.ament_cmake.build:Building ROS package in '/home/maxbe/ros2_ws/src/lab1' with build type 'ament_cmake'
[0.348s] INFO:colcon.colcon_cmake.task.cmake.build:Building CMake package in '/home/maxbe/ros2_ws/src/lab1'
[0.349s] INFO:colcon.colcon_core.shell:Skip shell extension 'powershell' for command environment: Not usable outside of PowerShell
[0.349s] DEBUG:colcon.colcon_core.shell:Skip shell extension 'dsv' for command environment
[0.351s] INFO:colcon.colcon_ros.task.ament_cmake.build:Building ROS package in '/home/maxbe/ros2_ws/src/pid_god' with build type 'ament_cmake'
[0.351s] INFO:colcon.colcon_cmake.task.cmake.build:Building CMake package in '/home/maxbe/ros2_ws/src/pid_god'
[0.352s] INFO:colcon.colcon_core.shell:Skip shell extension 'powershell' for command environment: Not usable outside of PowerShell
[0.352s] DEBUG:colcon.colcon_core.shell:Skip shell extension 'dsv' for command environment
[0.354s] INFO:colcon.colcon_ros.task.ament_cmake.build:Building ROS package in '/home/maxbe/ros2_ws/src/very_simple_robot_simulator' with build type 'ament_cmake'
[0.354s] INFO:colcon.colcon_cmake.task.cmake.build:Building CMake package in '/home/maxbe/ros2_ws/src/very_simple_robot_simulator'
[0.354s] INFO:colcon.colcon_core.shell:Skip shell extension 'powershell' for command environment: Not usable outside of PowerShell
[0.355s] DEBUG:colcon.colcon_core.shell:Skip shell extension 'dsv' for command environment
[0.361s] DEBUG:colcon.colcon_core.event_handler.log_command:Invoking command in '/home/maxbe/ros2_ws/build/cmd_vel_mux': CMAKE_PREFIX_PATH=${CMAKE_PREFIX_PATH}:/opt/ros/humble /usr/bin/cmake --build /home/maxbe/ros2_ws/build/cmd_vel_mux -- -j12 -l12
[0.364s] DEBUG:colcon.colcon_core.event_handler.log_command:Invoking command in '/home/maxbe/ros2_ws/build/lab1': CMAKE_PREFIX_PATH=${CMAKE_PREFIX_PATH}:/opt/ros/humble /usr/bin/cmake --build /home/maxbe/ros2_ws/build/lab1 -- -j12 -l12
[0.370s] DEBUG:colcon.colcon_core.event_handler.log_command:Invoking command in '/home/maxbe/ros2_ws/build/pid_god': CMAKE_PREFIX_PATH=${CMAKE_PREFIX_PATH}:/opt/ros/humble /usr/bin/cmake --build /home/maxbe/ros2_ws/build/pid_god -- -j12 -l12
[0.374s] DEBUG:colcon.colcon_core.event_handler.log_command:Invoking command in '/home/maxbe/ros2_ws/build/very_simple_robot_simulator': CMAKE_PREFIX_PATH=${CMAKE_PREFIX_PATH}:/opt/ros/humble /usr/bin/cmake --build /home/maxbe/ros2_ws/build/very_simple_robot_simulator -- -j12 -l12
[0.390s] DEBUG:colcon.colcon_core.event_handler.log_command:Invoked command in '/home/maxbe/ros2_ws/build/pid_god' returned '0': CMAKE_PREFIX_PATH=${CMAKE_PREFIX_PATH}:/opt/ros/humble /usr/bin/cmake --build /home/maxbe/ros2_ws/build/pid_god -- -j12 -l12
[0.397s] DEBUG:colcon.colcon_core.event_handler.log_command:Invoking command in '/home/maxbe/ros2_ws/build/pid_god': CMAKE_PREFIX_PATH=${CMAKE_PREFIX_PATH}:/opt/ros/humble /usr/bin/cmake --install /home/maxbe/ros2_ws/build/pid_god
[0.409s] DEBUG:colcon.colcon_core.event_handler.log_command:Invoked command in '/home/maxbe/ros2_ws/build/cmd_vel_mux' returned '0': CMAKE_PREFIX_PATH=${CMAKE_PREFIX_PATH}:/opt/ros/humble /usr/bin/cmake --build /home/maxbe/ros2_ws/build/cmd_vel_mux -- -j12 -l12
[0.410s] DEBUG:colcon.colcon_core.event_handler.log_command:Invoking command in '/home/maxbe/ros2_ws/build/cmd_vel_mux': CMAKE_PREFIX_PATH=${CMAKE_PREFIX_PATH}:/opt/ros/humble /usr/bin/cmake --install /home/maxbe/ros2_ws/build/cmd_vel_mux
[0.413s] Level 1:colcon.colcon_core.environment:create_environment_scripts_only(pid_god)
[0.413s] DEBUG:colcon.colcon_core.event_handler.log_command:Invoked command in '/home/maxbe/ros2_ws/build/pid_god' returned '0': CMAKE_PREFIX_PATH=${CMAKE_PREFIX_PATH}:/opt/ros/humble /usr/bin/cmake --install /home/maxbe/ros2_ws/build/pid_god
[0.415s] Level 1:colcon.colcon_core.environment:checking '/home/maxbe/ros2_ws/install/pid_god' for CMake module files
[0.420s] Level 1:colcon.colcon_core.environment:checking '/home/maxbe/ros2_ws/install/pid_god' for CMake config files
[0.421s] Level 1:colcon.colcon_core.shell:create_environment_hook('pid_god', 'cmake_prefix_path')
[0.422s] INFO:colcon.colcon_core.shell:Creating environment hook '/home/maxbe/ros2_ws/install/pid_god/share/pid_god/hook/cmake_prefix_path.ps1'
[0.422s] INFO:colcon.colcon_core.shell:Creating environment descriptor '/home/maxbe/ros2_ws/install/pid_god/share/pid_god/hook/cmake_prefix_path.dsv'
[0.422s] INFO:colcon.colcon_core.shell:Creating environment hook '/home/maxbe/ros2_ws/install/pid_god/share/pid_god/hook/cmake_prefix_path.sh'
[0.423s] Level 1:colcon.colcon_core.environment:checking '/home/maxbe/ros2_ws/install/pid_god/lib'
[0.423s] Level 1:colcon.colcon_core.environment:checking '/home/maxbe/ros2_ws/install/pid_god/bin'
[0.423s] Level 1:colcon.colcon_core.environment:checking '/home/maxbe/ros2_ws/install/pid_god/lib/pkgconfig/pid_god.pc'
[0.423s] Level 1:colcon.colcon_core.environment:checking '/home/maxbe/ros2_ws/install/pid_god/lib/python3.10/site-packages'
[0.423s] Level 1:colcon.colcon_core.environment:checking '/home/maxbe/ros2_ws/install/pid_god/bin'
[0.424s] INFO:colcon.colcon_core.shell:Creating package script '/home/maxbe/ros2_ws/install/pid_god/share/pid_god/package.ps1'
[0.426s] INFO:colcon.colcon_core.shell:Creating package descriptor '/home/maxbe/ros2_ws/install/pid_god/share/pid_god/package.dsv'
[0.426s] INFO:colcon.colcon_core.shell:Creating package script '/home/maxbe/ros2_ws/install/pid_god/share/pid_god/package.sh'
[0.427s] INFO:colcon.colcon_core.shell:Creating package script '/home/maxbe/ros2_ws/install/pid_god/share/pid_god/package.bash'
[0.427s] INFO:colcon.colcon_core.shell:Creating package script '/home/maxbe/ros2_ws/install/pid_god/share/pid_god/package.zsh'
[0.428s] Level 1:colcon.colcon_core.environment:create_file_with_runtime_dependencies(/home/maxbe/ros2_ws/install/pid_god/share/colcon-core/packages/pid_god)
[0.428s] Level 1:colcon.colcon_core.environment:create_environment_scripts_only(pid_god)
[0.429s] Level 1:colcon.colcon_core.environment:checking '/home/maxbe/ros2_ws/install/pid_god' for CMake module files
[0.429s] Level 1:colcon.colcon_core.environment:checking '/home/maxbe/ros2_ws/install/pid_god' for CMake config files
[0.429s] Level 1:colcon.colcon_core.shell:create_environment_hook('pid_god', 'cmake_prefix_path')
[0.429s] INFO:colcon.colcon_core.shell:Creating environment hook '/home/maxbe/ros2_ws/install/pid_god/share/pid_god/hook/cmake_prefix_path.ps1'
[0.429s] INFO:colcon.colcon_core.shell:Creating environment descriptor '/home/maxbe/ros2_ws/install/pid_god/share/pid_god/hook/cmake_prefix_path.dsv'
[0.430s] INFO:colcon.colcon_core.shell:Creating environment hook '/home/maxbe/ros2_ws/install/pid_god/share/pid_god/hook/cmake_prefix_path.sh'
[0.430s] Level 1:colcon.colcon_core.environment:checking '/home/maxbe/ros2_ws/install/pid_god/lib'
[0.430s] Level 1:colcon.colcon_core.environment:checking '/home/maxbe/ros2_ws/install/pid_god/bin'
[0.430s] Level 1:colcon.colcon_core.environment:checking '/home/maxbe/ros2_ws/install/pid_god/lib/pkgconfig/pid_god.pc'
[0.430s] Level 1:colcon.colcon_core.environment:checking '/home/maxbe/ros2_ws/install/pid_god/lib/python3.10/site-packages'
[0.430s] Level 1:colcon.colcon_core.environment:checking '/home/maxbe/ros2_ws/install/pid_god/bin'
[0.431s] INFO:colcon.colcon_core.shell:Creating package script '/home/maxbe/ros2_ws/install/pid_god/share/pid_god/package.ps1'
[0.431s] INFO:colcon.colcon_core.shell:Creating package descriptor '/home/maxbe/ros2_ws/install/pid_god/share/pid_god/package.dsv'
[0.431s] INFO:colcon.colcon_core.shell:Creating package script '/home/maxbe/ros2_ws/install/pid_god/share/pid_god/package.sh'
[0.432s] INFO:colcon.colcon_core.shell:Creating package script '/home/maxbe/ros2_ws/install/pid_god/share/pid_god/package.bash'
[0.432s] INFO:colcon.colcon_core.shell:Creating package script '/home/maxbe/ros2_ws/install/pid_god/share/pid_god/package.zsh'
[0.432s] Level 1:colcon.colcon_core.environment:create_file_with_runtime_dependencies(/home/maxbe/ros2_ws/install/pid_god/share/colcon-core/packages/pid_god)
[0.434s] Level 1:colcon.colcon_core.environment:create_environment_scripts_only(cmd_vel_mux)
[0.434s] Level 1:colcon.colcon_core.environment:checking '/home/maxbe/ros2_ws/install/cmd_vel_mux' for CMake module files
[0.435s] DEBUG:colcon.colcon_core.event_handler.log_command:Invoked command in '/home/maxbe/ros2_ws/build/cmd_vel_mux' returned '0': CMAKE_PREFIX_PATH=${CMAKE_PREFIX_PATH}:/opt/ros/humble /usr/bin/cmake --install /home/maxbe/ros2_ws/build/cmd_vel_mux
[0.435s] Level 1:colcon.colcon_core.environment:checking '/home/maxbe/ros2_ws/install/cmd_vel_mux' for CMake config files
[0.435s] Level 1:colcon.colcon_core.shell:create_environment_hook('cmd_vel_mux', 'cmake_prefix_path')
[0.435s] INFO:colcon.colcon_core.shell:Creating environment hook '/home/maxbe/ros2_ws/install/cmd_vel_mux/share/cmd_vel_mux/hook/cmake_prefix_path.ps1'
[0.436s] INFO:colcon.colcon_core.shell:Creating environment descriptor '/home/maxbe/ros2_ws/install/cmd_vel_mux/share/cmd_vel_mux/hook/cmake_prefix_path.dsv'
[0.436s] INFO:colcon.colcon_core.shell:Creating environment hook '/home/maxbe/ros2_ws/install/cmd_vel_mux/share/cmd_vel_mux/hook/cmake_prefix_path.sh'
[0.436s] Level 1:colcon.colcon_core.environment:checking '/home/maxbe/ros2_ws/install/cmd_vel_mux/lib'
[0.436s] Level 1:colcon.colcon_core.shell:create_environment_hook('cmd_vel_mux', 'ld_library_path_lib')
[0.436s] INFO:colcon.colcon_core.shell:Creating environment hook '/home/maxbe/ros2_ws/install/cmd_vel_mux/share/cmd_vel_mux/hook/ld_library_path_lib.ps1'
[0.437s] INFO:colcon.colcon_core.shell:Creating environment descriptor '/home/maxbe/ros2_ws/install/cmd_vel_mux/share/cmd_vel_mux/hook/ld_library_path_lib.dsv'
[0.437s] INFO:colcon.colcon_core.shell:Creating environment hook '/home/maxbe/ros2_ws/install/cmd_vel_mux/share/cmd_vel_mux/hook/ld_library_path_lib.sh'
[0.437s] Level 1:colcon.colcon_core.environment:checking '/home/maxbe/ros2_ws/install/cmd_vel_mux/bin'
[0.437s] Level 1:colcon.colcon_core.environment:checking '/home/maxbe/ros2_ws/install/cmd_vel_mux/lib/pkgconfig/cmd_vel_mux.pc'
[0.437s] Level 1:colcon.colcon_core.environment:checking '/home/maxbe/ros2_ws/install/cmd_vel_mux/lib/python3.10/site-packages'
[0.438s] Level 1:colcon.colcon_core.environment:checking '/home/maxbe/ros2_ws/install/cmd_vel_mux/bin'
[0.438s] INFO:colcon.colcon_core.shell:Creating package script '/home/maxbe/ros2_ws/install/cmd_vel_mux/share/cmd_vel_mux/package.ps1'
[0.438s] INFO:colcon.colcon_core.shell:Creating package descriptor '/home/maxbe/ros2_ws/install/cmd_vel_mux/share/cmd_vel_mux/package.dsv'
[0.438s] INFO:colcon.colcon_core.shell:Creating package script '/home/maxbe/ros2_ws/install/cmd_vel_mux/share/cmd_vel_mux/package.sh'
[0.439s] INFO:colcon.colcon_core.shell:Creating package script '/home/maxbe/ros2_ws/install/cmd_vel_mux/share/cmd_vel_mux/package.bash'
[0.439s] INFO:colcon.colcon_core.shell:Creating package script '/home/maxbe/ros2_ws/install/cmd_vel_mux/share/cmd_vel_mux/package.zsh'
[0.439s] Level 1:colcon.colcon_core.environment:create_file_with_runtime_dependencies(/home/maxbe/ros2_ws/install/cmd_vel_mux/share/colcon-core/packages/cmd_vel_mux)
[0.439s] Level 1:colcon.colcon_core.environment:create_environment_scripts_only(cmd_vel_mux)
[0.440s] Level 1:colcon.colcon_core.environment:checking '/home/maxbe/ros2_ws/install/cmd_vel_mux' for CMake module files
[0.440s] Level 1:colcon.colcon_core.environment:checking '/home/maxbe/ros2_ws/install/cmd_vel_mux' for CMake config files
[0.440s] Level 1:colcon.colcon_core.shell:create_environment_hook('cmd_vel_mux', 'cmake_prefix_path')
[0.440s] INFO:colcon.colcon_core.shell:Creating environment hook '/home/maxbe/ros2_ws/install/cmd_vel_mux/share/cmd_vel_mux/hook/cmake_prefix_path.ps1'
[0.440s] INFO:colcon.colcon_core.shell:Creating environment descriptor '/home/maxbe/ros2_ws/install/cmd_vel_mux/share/cmd_vel_mux/hook/cmake_prefix_path.dsv'
[0.441s] INFO:colcon.colcon_core.shell:Creating environment hook '/home/maxbe/ros2_ws/install/cmd_vel_mux/share/cmd_vel_mux/hook/cmake_prefix_path.sh'
[0.441s] Level 1:colcon.colcon_core.environment:checking '/home/maxbe/ros2_ws/install/cmd_vel_mux/lib'
[0.441s] Level 1:colcon.colcon_core.shell:create_environment_hook('cmd_vel_mux', 'ld_library_path_lib')
[0.441s] INFO:colcon.colcon_core.shell:Creating environment hook '/home/maxbe/ros2_ws/install/cmd_vel_mux/share/cmd_vel_mux/hook/ld_library_path_lib.ps1'
[0.442s] INFO:colcon.colcon_core.shell:Creating environment descriptor '/home/maxbe/ros2_ws/install/cmd_vel_mux/share/cmd_vel_mux/hook/ld_library_path_lib.dsv'
[0.442s] INFO:colcon.colcon_core.shell:Creating environment hook '/home/maxbe/ros2_ws/install/cmd_vel_mux/share/cmd_vel_mux/hook/ld_library_path_lib.sh'
[0.442s] Level 1:colcon.colcon_core.environment:checking '/home/maxbe/ros2_ws/install/cmd_vel_mux/bin'
[0.442s] Level 1:colcon.colcon_core.environment:checking '/home/maxbe/ros2_ws/install/cmd_vel_mux/lib/pkgconfig/cmd_vel_mux.pc'
[0.442s] Level 1:colcon.colcon_core.environment:checking '/home/maxbe/ros2_ws/install/cmd_vel_mux/lib/python3.10/site-packages'
[0.442s] Level 1:colcon.colcon_core.environment:checking '/home/maxbe/ros2_ws/install/cmd_vel_mux/bin'
[0.443s] INFO:colcon.colcon_core.shell:Creating package script '/home/maxbe/ros2_ws/install/cmd_vel_mux/share/cmd_vel_mux/package.ps1'
[0.443s] INFO:colcon.colcon_core.shell:Creating package descriptor '/home/maxbe/ros2_ws/install/cmd_vel_mux/share/cmd_vel_mux/package.dsv'
[0.444s] INFO:colcon.colcon_core.shell:Creating package script '/home/maxbe/ros2_ws/install/cmd_vel_mux/share/cmd_vel_mux/package.sh'
[0.444s] INFO:colcon.colcon_core.shell:Creating package script '/home/maxbe/ros2_ws/install/cmd_vel_mux/share/cmd_vel_mux/package.bash'
[0.444s] INFO:colcon.colcon_core.shell:Creating package script '/home/maxbe/ros2_ws/install/cmd_vel_mux/share/cmd_vel_mux/package.zsh'
[0.444s] Level 1:colcon.colcon_core.environment:create_file_with_runtime_dependencies(/home/maxbe/ros2_ws/install/cmd_vel_mux/share/colcon-core/packages/cmd_vel_mux)
[0.601s] DEBUG:colcon.colcon_core.event_handler.log_command:Invoked command in '/home/maxbe/ros2_ws/build/lab1' returned '0': CMAKE_PREFIX_PATH=${CMAKE_PREFIX_PATH}:/opt/ros/humble /usr/bin/cmake --build /home/maxbe/ros2_ws/build/lab1 -- -j12 -l12
[0.602s] DEBUG:colcon.colcon_core.event_handler.log_command:Invoking command in '/home/maxbe/ros2_ws/build/lab1': CMAKE_PREFIX_PATH=${CMAKE_PREFIX_PATH}:/opt/ros/humble /usr/bin/cmake --install /home/maxbe/ros2_ws/build/lab1
[0.604s] DEBUG:colcon.colcon_core.event_handler.log_command:Invoked command in '/home/maxbe/ros2_ws/build/very_simple_robot_simulator' returned '0': CMAKE_PREFIX_PATH=${CMAKE_PREFIX_PATH}:/opt/ros/humble /usr/bin/cmake --build /home/maxbe/ros2_ws/build/very_simple_robot_simulator -- -j12 -l12
[0.606s] DEBUG:colcon.colcon_core.event_handler.log_command:Invoking command in '/home/maxbe/ros2_ws/build/very_simple_robot_simulator': CMAKE_PREFIX_PATH=${CMAKE_PREFIX_PATH}:/opt/ros/humble /usr/bin/cmake --install /home/maxbe/ros2_ws/build/very_simple_robot_simulator
[0.644s] Level 1:colcon.colcon_core.environment:create_environment_scripts_only(lab1)
[0.644s] Level 1:colcon.colcon_core.environment:checking '/home/maxbe/ros2_ws/install/lab1' for CMake module files
[0.645s] DEBUG:colcon.colcon_core.event_handler.log_command:Invoked command in '/home/maxbe/ros2_ws/build/lab1' returned '0': CMAKE_PREFIX_PATH=${CMAKE_PREFIX_PATH}:/opt/ros/humble /usr/bin/cmake --install /home/maxbe/ros2_ws/build/lab1
[0.645s] Level 1:colcon.colcon_core.environment:checking '/home/maxbe/ros2_ws/install/lab1' for CMake config files
[0.646s] Level 1:colcon.colcon_core.shell:create_environment_hook('lab1', 'cmake_prefix_path')
[0.646s] INFO:colcon.colcon_core.shell:Creating environment hook '/home/maxbe/ros2_ws/install/lab1/share/lab1/hook/cmake_prefix_path.ps1'
[0.646s] INFO:colcon.colcon_core.shell:Creating environment descriptor '/home/maxbe/ros2_ws/install/lab1/share/lab1/hook/cmake_prefix_path.dsv'
[0.646s] INFO:colcon.colcon_core.shell:Creating environment hook '/home/maxbe/ros2_ws/install/lab1/share/lab1/hook/cmake_prefix_path.sh'
[0.647s] Level 1:colcon.colcon_core.environment:checking '/home/maxbe/ros2_ws/install/lab1/libexec'
[0.647s] Level 1:colcon.colcon_core.environment:checking '/home/maxbe/ros2_ws/install/lab1/lib'
[0.647s] Level 1:colcon.colcon_core.environment:checking '/home/maxbe/ros2_ws/install/lab1/bin'
[0.647s] Level 1:colcon.colcon_core.environment:checking '/home/maxbe/ros2_ws/install/lab1/lib/pkgconfig/lab1.pc'
[0.647s] Level 1:colcon.colcon_core.environment:checking '/home/maxbe/ros2_ws/install/lab1/lib/python3.10/site-packages'
[0.647s] Level 1:colcon.colcon_core.environment:checking '/home/maxbe/ros2_ws/install/lab1/bin'
[0.647s] INFO:colcon.colcon_core.shell:Creating package script '/home/maxbe/ros2_ws/install/lab1/share/lab1/package.ps1'
[0.648s] INFO:colcon.colcon_core.shell:Creating package descriptor '/home/maxbe/ros2_ws/install/lab1/share/lab1/package.dsv'
[0.648s] INFO:colcon.colcon_core.shell:Creating package script '/home/maxbe/ros2_ws/install/lab1/share/lab1/package.sh'
[0.648s] INFO:colcon.colcon_core.shell:Creating package script '/home/maxbe/ros2_ws/install/lab1/share/lab1/package.bash'
[0.648s] INFO:colcon.colcon_core.shell:Creating package script '/home/maxbe/ros2_ws/install/lab1/share/lab1/package.zsh'
[0.649s] Level 1:colcon.colcon_core.environment:create_file_with_runtime_dependencies(/home/maxbe/ros2_ws/install/lab1/share/colcon-core/packages/lab1)
[0.649s] Level 1:colcon.colcon_core.environment:create_environment_scripts_only(lab1)
[0.649s] Level 1:colcon.colcon_core.environment:checking '/home/maxbe/ros2_ws/install/lab1' for CMake module files
[0.649s] Level 1:colcon.colcon_core.environment:checking '/home/maxbe/ros2_ws/install/lab1' for CMake config files
[0.650s] Level 1:colcon.colcon_core.shell:create_environment_hook('lab1', 'cmake_prefix_path')
[0.650s] INFO:colcon.colcon_core.shell:Creating environment hook '/home/maxbe/ros2_ws/install/lab1/share/lab1/hook/cmake_prefix_path.ps1'
[0.650s] INFO:colcon.colcon_core.shell:Creating environment descriptor '/home/maxbe/ros2_ws/install/lab1/share/lab1/hook/cmake_prefix_path.dsv'
[0.650s] INFO:colcon.colcon_core.shell:Creating environment hook '/home/maxbe/ros2_ws/install/lab1/share/lab1/hook/cmake_prefix_path.sh'
[0.651s] Level 1:colcon.colcon_core.environment:checking '/home/maxbe/ros2_ws/install/lab1/libexec'
[0.651s] Level 1:colcon.colcon_core.environment:checking '/home/maxbe/ros2_ws/install/lab1/lib'
[0.651s] Level 1:colcon.colcon_core.environment:checking '/home/maxbe/ros2_ws/install/lab1/bin'
[0.651s] Level 1:colcon.colcon_core.environment:checking '/home/maxbe/ros2_ws/install/lab1/lib/pkgconfig/lab1.pc'
[0.651s] Level 1:colcon.colcon_core.environment:checking '/home/maxbe/ros2_ws/install/lab1/lib/python3.10/site-packages'
[0.651s] Level 1:colcon.colcon_core.environment:checking '/home/maxbe/ros2_ws/install/lab1/bin'
[0.651s] INFO:colcon.colcon_core.shell:Creating package script '/home/maxbe/ros2_ws/install/lab1/share/lab1/package.ps1'
[0.652s] INFO:colcon.colcon_core.shell:Creating package descriptor '/home/maxbe/ros2_ws/install/lab1/share/lab1/package.dsv'
[0.652s] INFO:colcon.colcon_core.shell:Creating package script '/home/maxbe/ros2_ws/install/lab1/share/lab1/package.sh'
[0.652s] INFO:colcon.colcon_core.shell:Creating package script '/home/maxbe/ros2_ws/install/lab1/share/lab1/package.bash'
[0.652s] INFO:colcon.colcon_core.shell:Creating package script '/home/maxbe/ros2_ws/install/lab1/share/lab1/package.zsh'
[0.653s] Level 1:colcon.colcon_core.environment:create_file_with_runtime_dependencies(/home/maxbe/ros2_ws/install/lab1/share/colcon-core/packages/lab1)
[0.654s] Level 1:colcon.colcon_core.environment:create_environment_scripts_only(very_simple_robot_simulator)
[0.654s] Level 1:colcon.colcon_core.environment:checking '/home/maxbe/ros2_ws/install/very_simple_robot_simulator' for CMake module files
[0.656s] Level 1:colcon.colcon_core.environment:checking '/home/maxbe/ros2_ws/install/very_simple_robot_simulator' for CMake config files
[0.656s] DEBUG:colcon.colcon_core.event_handler.log_command:Invoked command in '/home/maxbe/ros2_ws/build/very_simple_robot_simulator' returned '0': CMAKE_PREFIX_PATH=${CMAKE_PREFIX_PATH}:/opt/ros/humble /usr/bin/cmake --install /home/maxbe/ros2_ws/build/very_simple_robot_simulator
[0.656s] Level 1:colcon.colcon_core.shell:create_environment_hook('very_simple_robot_simulator', 'cmake_prefix_path')
[0.657s] INFO:colcon.colcon_core.shell:Creating environment hook '/home/maxbe/ros2_ws/install/very_simple_robot_simulator/share/very_simple_robot_simulator/hook/cmake_prefix_path.ps1'
[0.657s] INFO:colcon.colcon_core.shell:Creating environment descriptor '/home/maxbe/ros2_ws/install/very_simple_robot_simulator/share/very_simple_robot_simulator/hook/cmake_prefix_path.dsv'
[0.657s] INFO:colcon.colcon_core.shell:Creating environment hook '/home/maxbe/ros2_ws/install/very_simple_robot_simulator/share/very_simple_robot_simulator/hook/cmake_prefix_path.sh'
[0.657s] Level 1:colcon.colcon_core.environment:checking '/home/maxbe/ros2_ws/install/very_simple_robot_simulator/lib'
[0.657s] Level 1:colcon.colcon_core.environment:checking '/home/maxbe/ros2_ws/install/very_simple_robot_simulator/bin'
[0.657s] Level 1:colcon.colcon_core.environment:checking '/home/maxbe/ros2_ws/install/very_simple_robot_simulator/lib/pkgconfig/very_simple_robot_simulator.pc'
[0.658s] Level 1:colcon.colcon_core.environment:checking '/home/maxbe/ros2_ws/install/very_simple_robot_simulator/lib/python3.10/site-packages'
[0.658s] Level 1:colcon.colcon_core.environment:checking '/home/maxbe/ros2_ws/install/very_simple_robot_simulator/bin'
[0.658s] INFO:colcon.colcon_core.shell:Creating package script '/home/maxbe/ros2_ws/install/very_simple_robot_simulator/share/very_simple_robot_simulator/package.ps1'
[0.658s] INFO:colcon.colcon_core.shell:Creating package descriptor '/home/maxbe/ros2_ws/install/very_simple_robot_simulator/share/very_simple_robot_simulator/package.dsv'
[0.659s] INFO:colcon.colcon_core.shell:Creating package script '/home/maxbe/ros2_ws/install/very_simple_robot_simulator/share/very_simple_robot_simulator/package.sh'
[0.659s] INFO:colcon.colcon_core.shell:Creating package script '/home/maxbe/ros2_ws/install/very_simple_robot_simulator/share/very_simple_robot_simulator/package.bash'
[0.659s] INFO:colcon.colcon_core.shell:Creating package script '/home/maxbe/ros2_ws/install/very_simple_robot_simulator/share/very_simple_robot_simulator/package.zsh'
[0.659s] Level 1:colcon.colcon_core.environment:create_file_with_runtime_dependencies(/home/maxbe/ros2_ws/install/very_simple_robot_simulator/share/colcon-core/packages/very_simple_robot_simulator)
[0.660s] Level 1:colcon.colcon_core.environment:create_environment_scripts_only(very_simple_robot_simulator)
[0.660s] Level 1:colcon.colcon_core.environment:checking '/home/maxbe/ros2_ws/install/very_simple_robot_simulator' for CMake module files
[0.660s] Level 1:colcon.colcon_core.environment:checking '/home/maxbe/ros2_ws/install/very_simple_robot_simulator' for CMake config files
[0.660s] Level 1:colcon.colcon_core.shell:create_environment_hook('very_simple_robot_simulator', 'cmake_prefix_path')
[0.660s] INFO:colcon.colcon_core.shell:Creating environment hook '/home/maxbe/ros2_ws/install/very_simple_robot_simulator/share/very_simple_robot_simulator/hook/cmake_prefix_path.ps1'
[0.661s] INFO:colcon.colcon_core.shell:Creating environment descriptor '/home/maxbe/ros2_ws/install/very_simple_robot_simulator/share/very_simple_robot_simulator/hook/cmake_prefix_path.dsv'
[0.661s] INFO:colcon.colcon_core.shell:Creating environment hook '/home/maxbe/ros2_ws/install/very_simple_robot_simulator/share/very_simple_robot_simulator/hook/cmake_prefix_path.sh'
[0.661s] Level 1:colcon.colcon_core.environment:checking '/home/maxbe/ros2_ws/install/very_simple_robot_simulator/lib'
[0.661s] Level 1:colcon.colcon_core.environment:checking '/home/maxbe/ros2_ws/install/very_simple_robot_simulator/bin'
[0.661s] Level 1:colcon.colcon_core.environment:checking '/home/maxbe/ros2_ws/install/very_simple_robot_simulator/lib/pkgconfig/very_simple_robot_simulator.pc'
[0.662s] Level 1:colcon.colcon_core.environment:checking '/home/maxbe/ros2_ws/install/very_simple_robot_simulator/lib/python3.10/site-packages'
[0.662s] Level 1:colcon.colcon_core.environment:checking '/home/maxbe/ros2_ws/install/very_simple_robot_simulator/bin'
[0.662s] INFO:colcon.colcon_core.shell:Creating package script '/home/maxbe/ros2_ws/install/very_simple_robot_simulator/share/very_simple_robot_simulator/package.ps1'
[0.662s] INFO:colcon.colcon_core.shell:Creating package descriptor '/home/maxbe/ros2_ws/install/very_simple_robot_simulator/share/very_simple_robot_simulator/package.dsv'
[0.663s] INFO:colcon.colcon_core.shell:Creating package script '/home/maxbe/ros2_ws/install/very_simple_robot_simulator/share/very_simple_robot_simulator/package.sh'
[0.663s] INFO:colcon.colcon_core.shell:Creating package script '/home/maxbe/ros2_ws/install/very_simple_robot_simulator/share/very_simple_robot_simulator/package.bash'
[0.663s] INFO:colcon.colcon_core.shell:Creating package script '/home/maxbe/ros2_ws/install/very_simple_robot_simulator/share/very_simple_robot_simulator/package.zsh'
[0.663s] Level 1:colcon.colcon_core.environment:create_file_with_runtime_dependencies(/home/maxbe/ros2_ws/install/very_simple_robot_simulator/share/colcon-core/packages/very_simple_robot_simulator)
[0.664s] DEBUG:colcon.colcon_parallel_executor.executor.parallel:closing loop
[0.664s] DEBUG:colcon.colcon_parallel_executor.executor.parallel:loop closed
[0.664s] DEBUG:colcon.colcon_parallel_executor.executor.parallel:run_until_complete finished with '0'
[0.664s] DEBUG:colcon.colcon_core.event_reactor:joining thread
[0.716s] INFO:colcon.colcon_core.plugin_system:Skipping extension 'colcon_notification.desktop_notification.notify_send': Could not find 'notify-send'
[0.716s] INFO:colcon.colcon_core.plugin_system:Skipping extension 'colcon_notification.desktop_notification.terminal_notifier': Not used on non-Darwin systems
[0.716s] INFO:colcon.colcon_core.plugin_system:Skipping extension 'colcon_notification.desktop_notification.win32': Not used on non-Windows systems
[0.716s] INFO:colcon.colcon_notification.desktop_notification:Sending desktop notification using 'notify2'
[0.716s] DEBUG:colcon.colcon_notification.desktop_notification.notify2:Failed to initialize notify2: org.freedesktop.DBus.Error.FileNotFound: Failed to connect to socket /run/user/1000/bus: No such file or directory
[0.716s] DEBUG:colcon.colcon_core.event_reactor:joined thread
[0.716s] INFO:colcon.colcon_core.shell:Creating prefix script '/home/maxbe/ros2_ws/install/local_setup.ps1'
[0.717s] INFO:colcon.colcon_core.shell:Creating prefix util module '/home/maxbe/ros2_ws/install/_local_setup_util_ps1.py'
[0.718s] INFO:colcon.colcon_core.shell:Creating prefix chain script '/home/maxbe/ros2_ws/install/setup.ps1'
[0.719s] INFO:colcon.colcon_core.shell:Creating prefix script '/home/maxbe/ros2_ws/install/local_setup.sh'
[0.719s] INFO:colcon.colcon_core.shell:Creating prefix util module '/home/maxbe/ros2_ws/install/_local_setup_util_sh.py'
[0.719s] INFO:colcon.colcon_core.shell:Creating prefix chain script '/home/maxbe/ros2_ws/install/setup.sh'
[0.720s] INFO:colcon.colcon_core.shell:Creating prefix script '/home/maxbe/ros2_ws/install/local_setup.bash'
[0.720s] INFO:colcon.colcon_core.shell:Creating prefix chain script '/home/maxbe/ros2_ws/install/setup.bash'
[0.721s] INFO:colcon.colcon_core.shell:Creating prefix script '/home/maxbe/ros2_ws/install/local_setup.zsh'
[0.722s] INFO:colcon.colcon_core.shell:Creating prefix chain script '/home/maxbe/ros2_ws/install/setup.zsh'
