-- Found ament_cmake: 1.3.11 (/opt/ros/humble/share/ament_cmake/cmake)
-- Override CMake install command with custom implementation using symlinks instead of copying resources
-- Found rclpy: 3.3.16 (/opt/ros/humble/share/rclpy/cmake)
-- Found sensor_msgs: 4.8.0 (/opt/ros/humble/share/sensor_msgs/cmake)
-- Found rosidl_generator_c: 3.1.6 (/opt/ros/humble/share/rosidl_generator_c/cmake)
-- Found rosidl_adapter: 3.1.6 (/opt/ros/humble/share/rosidl_adapter/cmake)
-- Found rosidl_generator_cpp: 3.1.6 (/opt/ros/humble/share/rosidl_generator_cpp/cmake)
-- Using all available rosidl_typesupport_c: rosidl_typesupport_fastrtps_c;rosidl_typesupport_introspection_c
-- Using all available rosidl_typesupport_cpp: rosidl_typesupport_fastrtps_cpp;rosidl_typesupport_introspection_cpp
-- Found cv_bridge: 3.2.1 (/opt/ros/humble/share/cv_bridge/cmake)
-- Found rclcpp: 16.0.12 (/opt/ros/humble/share/rclcpp/cmake)
-- Found rmw_implementation_cmake: 6.1.2 (/opt/ros/humble/share/rmw_implementation_cmake/cmake)
-- Found rmw_fastrtps_cpp: 6.2.7 (/opt/ros/humble/share/rmw_fastrtps_cpp/cmake)
-- Using RMW implementation 'rmw_fastrtps_cpp' as default
-- Found image_transport: 3.1.11 (/opt/ros/humble/share/image_transport/cmake)
-- Found nav_msgs: 4.8.0 (/opt/ros/humble/share/nav_msgs/cmake)
-- Found tf2: 0.25.12 (/opt/ros/humble/share/tf2/cmake)
-- Found tf2_geometry_msgs: 0.25.12 (/opt/ros/humble/share/tf2_geometry_msgs/cmake)
-- Found eigen3_cmake_module: 0.1.1 (/opt/ros/humble/share/eigen3_cmake_module/cmake)
-- Ensuring Eigen3 include directory is part of orocos-kdl CMake target
-- Found ament_lint_auto: 0.12.12 (/opt/ros/humble/share/ament_lint_auto/cmake)
-- Added test 'flake8' to check Python code syntax and style conventions
-- Added test 'lint_cmake' to check CMake code style
-- Added test 'pep257' to check Python code against some of the docstring style conventions in PEP 257
-- Added test 'xmllint' to check XML markup files
-- Configuring done
-- Generating done
-- Build files have been written to: /home/maxbe/ros2_ws/build/lab1
Built target ament_cmake_python_symlink_lab1
running egg_info
writing lab1.egg-info/PKG-INFO
writing dependency_links to lab1.egg-info/dependency_links.txt
writing top-level names to lab1.egg-info/top_level.txt
reading manifest file 'lab1.egg-info/SOURCES.txt'
writing manifest file 'lab1.egg-info/SOURCES.txt'
Built target ament_cmake_python_build_lab1_egg
-- Install configuration: ""
-- Execute custom install script
-- Up-to-date symlink: /home/maxbe/ros2_ws/install/lab1/share/lab1/environment/pythonpath.sh
-- Up-to-date symlink: /home/maxbe/ros2_ws/install/lab1/share/lab1/environment/pythonpath.dsv
-- Up-to-date symlink: /home/maxbe/ros2_ws/install/lab1/local/lib/python3.10/dist-packages/lab1-0.0.0-py3.10.egg-info/PKG-INFO
-- Up-to-date symlink: /home/maxbe/ros2_ws/install/lab1/local/lib/python3.10/dist-packages/lab1-0.0.0-py3.10.egg-info/SOURCES.txt
-- Up-to-date symlink: /home/maxbe/ros2_ws/install/lab1/local/lib/python3.10/dist-packages/lab1-0.0.0-py3.10.egg-info/dependency_links.txt
-- Up-to-date symlink: /home/maxbe/ros2_ws/install/lab1/local/lib/python3.10/dist-packages/lab1-0.0.0-py3.10.egg-info/top_level.txt
-- Up-to-date symlink: /home/maxbe/ros2_ws/install/lab1/local/lib/python3.10/dist-packages/lab1/__init__.py
-- Up-to-date symlink: /home/maxbe/ros2_ws/install/lab1/local/lib/python3.10/dist-packages/lab1/__init__.py:Zone.Identifier
-- Up-to-date symlink: /home/maxbe/ros2_ws/install/lab1/lib/lab1/dead_reckoning_nav.py
-- Up-to-date symlink: /home/maxbe/ros2_ws/install/lab1/lib/lab1/obstacle_detector.py
-- Up-to-date symlink: /home/maxbe/ros2_ws/install/lab1/lib/lab1/pose_loader.py
-- Up-to-date symlink: /home/maxbe/ros2_ws/install/lab1/lib/lab1/data_recorder.py
-- Up-to-date symlink: /home/maxbe/ros2_ws/install/lab1/lib/lab1/teleop_nav.py
-- Up-to-date symlink: /home/maxbe/ros2_ws/install/lab1/lib/lab1/obstacle_detector.py
-- Up-to-date symlink: /home/maxbe/ros2_ws/install/lab1/share/lab1//launch/accion_y_percepcion.xml
-- Up-to-date symlink: /home/maxbe/ros2_ws/install/lab1/share/lab1//launch/accion_y_percepcion.xml:Zone.Identifier
-- Up-to-date symlink: /home/maxbe/ros2_ws/install/lab1/share/lab1//launch/avanzar_y_rotar.xml
-- Up-to-date symlink: /home/maxbe/ros2_ws/install/lab1/share/lab1//launch/avanzar_y_rotar.xml:Zone.Identifier
-- Up-to-date symlink: /home/maxbe/ros2_ws/install/lab1/share/lab1//launch/correr_nodos.xml
-- Up-to-date symlink: /home/maxbe/ros2_ws/install/lab1/share/lab1//launch/correr_nodos.xml:Zone.Identifier
-- Up-to-date symlink: /home/maxbe/ros2_ws/install/lab1/share/lab1//launch/dead_reckoning.xml
-- Up-to-date symlink: /home/maxbe/ros2_ws/install/lab1/share/lab1//launch/dead_reckoning.xml:Zone.Identifier
[31mCMake Error at ament_cmake_symlink_install/ament_cmake_symlink_install.cmake:100 (message):
  ament_cmake_symlink_install_directory() can't find
  '/home/maxbe/ros2_ws/src/lab1/config'
Call Stack (most recent call first):
  ament_cmake_symlink_install/ament_cmake_symlink_install.cmake:332 (ament_cmake_symlink_install_directory)
  cmake_install.cmake:46 (include)

[0m
-- Up-to-date symlink: /home/maxbe/ros2_ws/install/lab1/share/lab1//launch/obstacle_detector.xml
-- Up-to-date symlink: /home/maxbe/ros2_ws/install/lab1/share/lab1//launch/obstacle_detector.xml:Zone.Identifier
