[0.018s] Invoking command in '/home/maxbe/ros2_ws/build/lab1': CMAKE_PREFIX_PATH=${CMAKE_PREFIX_PATH}:/opt/ros/humble /usr/bin/cmake --build /home/maxbe/ros2_ws/build/lab1 -- -j12 -l12
[0.033s] -- Found ament_cmake: 1.3.11 (/opt/ros/humble/share/ament_cmake/cmake)
[0.130s] -- Override CMake install command with custom implementation using symlinks instead of copying resources
[0.136s] -- Found rclpy: 3.3.16 (/opt/ros/humble/share/rclpy/cmake)
[0.136s] -- Found sensor_msgs: 4.8.0 (/opt/ros/humble/share/sensor_msgs/cmake)
[0.272s] -- Found rosidl_generator_c: 3.1.6 (/opt/ros/humble/share/rosidl_generator_c/cmake)
[0.274s] -- Found rosidl_adapter: 3.1.6 (/opt/ros/humble/share/rosidl_adapter/cmake)
[0.278s] -- Found rosidl_generator_cpp: 3.1.6 (/opt/ros/humble/share/rosidl_generator_cpp/cmake)
[0.285s] -- Using all available rosidl_typesupport_c: rosidl_typesupport_fastrtps_c;rosidl_typesupport_introspection_c
[0.293s] -- Using all available rosidl_typesupport_cpp: rosidl_typesupport_fastrtps_cpp;rosidl_typesupport_introspection_cpp
[0.332s] -- Found cv_bridge: 3.2.1 (/opt/ros/humble/share/cv_bridge/cmake)
[0.338s] -- Found rclcpp: 16.0.12 (/opt/ros/humble/share/rclcpp/cmake)
[0.356s] -- Found rmw_implementation_cmake: 6.1.2 (/opt/ros/humble/share/rmw_implementation_cmake/cmake)
[0.357s] -- Found rmw_fastrtps_cpp: 6.2.7 (/opt/ros/humble/share/rmw_fastrtps_cpp/cmake)
[5.434s] -- Using RMW implementation 'rmw_fastrtps_cpp' as default
[5.467s] -- Found image_transport: 3.1.11 (/opt/ros/humble/share/image_transport/cmake)
[6.705s] -- Found nav_msgs: 4.8.0 (/opt/ros/humble/share/nav_msgs/cmake)
[6.717s] -- Found tf2: 0.25.12 (/opt/ros/humble/share/tf2/cmake)
[6.719s] -- Found tf2_geometry_msgs: 0.25.12 (/opt/ros/humble/share/tf2_geometry_msgs/cmake)
[6.721s] -- Found eigen3_cmake_module: 0.1.1 (/opt/ros/humble/share/eigen3_cmake_module/cmake)
[6.722s] -- Ensuring Eigen3 include directory is part of orocos-kdl CMake target
[6.818s] -- Found ament_lint_auto: 0.12.12 (/opt/ros/humble/share/ament_lint_auto/cmake)
[6.863s] -- Added test 'flake8' to check Python code syntax and style conventions
[6.864s] -- Added test 'lint_cmake' to check CMake code style
[6.864s] -- Added test 'pep257' to check Python code against some of the docstring style conventions in PEP 257
[6.865s] -- Added test 'xmllint' to check XML markup files
[6.866s] -- Configuring done
[6.871s] -- Generating done
[6.873s] -- Build files have been written to: /home/maxbe/ros2_ws/build/lab1
[6.901s] Built target ament_cmake_python_symlink_lab1
[7.060s] running egg_info
[7.060s] writing lab1.egg-info/PKG-INFO
[7.060s] writing dependency_links to lab1.egg-info/dependency_links.txt
[7.061s] writing top-level names to lab1.egg-info/top_level.txt
[7.062s] reading manifest file 'lab1.egg-info/SOURCES.txt'
[7.062s] writing manifest file 'lab1.egg-info/SOURCES.txt'
[7.082s] Built target ament_cmake_python_build_lab1_egg
[7.092s] Invoked command in '/home/maxbe/ros2_ws/build/lab1' returned '0': CMAKE_PREFIX_PATH=${CMAKE_PREFIX_PATH}:/opt/ros/humble /usr/bin/cmake --build /home/maxbe/ros2_ws/build/lab1 -- -j12 -l12
[7.094s] Invoking command in '/home/maxbe/ros2_ws/build/lab1': CMAKE_PREFIX_PATH=${CMAKE_PREFIX_PATH}:/opt/ros/humble /usr/bin/cmake --install /home/maxbe/ros2_ws/build/lab1
[7.100s] -- Install configuration: ""
[7.100s] -- Execute custom install script
[7.100s] -- Up-to-date symlink: /home/maxbe/ros2_ws/install/lab1/share/lab1/environment/pythonpath.sh
[7.101s] -- Up-to-date symlink: /home/maxbe/ros2_ws/install/lab1/share/lab1/environment/pythonpath.dsv
[7.101s] -- Up-to-date symlink: /home/maxbe/ros2_ws/install/lab1/local/lib/python3.10/dist-packages/lab1-0.0.0-py3.10.egg-info/PKG-INFO
[7.101s] -- Up-to-date symlink: /home/maxbe/ros2_ws/install/lab1/local/lib/python3.10/dist-packages/lab1-0.0.0-py3.10.egg-info/SOURCES.txt
[7.101s] -- Up-to-date symlink: /home/maxbe/ros2_ws/install/lab1/local/lib/python3.10/dist-packages/lab1-0.0.0-py3.10.egg-info/dependency_links.txt
[7.101s] -- Up-to-date symlink: /home/maxbe/ros2_ws/install/lab1/local/lib/python3.10/dist-packages/lab1-0.0.0-py3.10.egg-info/top_level.txt
[7.102s] -- Up-to-date symlink: /home/maxbe/ros2_ws/install/lab1/local/lib/python3.10/dist-packages/lab1/__init__.py
[7.102s] -- Up-to-date symlink: /home/maxbe/ros2_ws/install/lab1/local/lib/python3.10/dist-packages/lab1/__init__.py:Zone.Identifier
[7.102s] -- Up-to-date symlink: /home/maxbe/ros2_ws/install/lab1/lib/lab1/dead_reckoning_nav.py
[7.102s] -- Up-to-date symlink: /home/maxbe/ros2_ws/install/lab1/lib/lab1/obstacle_detector.py
[7.103s] -- Up-to-date symlink: /home/maxbe/ros2_ws/install/lab1/lib/lab1/pose_loader.py
[7.103s] -- Up-to-date symlink: /home/maxbe/ros2_ws/install/lab1/lib/lab1/data_recorder.py
[7.103s] -- Up-to-date symlink: /home/maxbe/ros2_ws/install/lab1/lib/lab1/teleop_nav.py
[7.103s] -- Up-to-date symlink: /home/maxbe/ros2_ws/install/lab1/lib/lab1/obstacle_detector.py
[7.103s] -- Up-to-date symlink: /home/maxbe/ros2_ws/install/lab1/share/lab1//launch/accion_y_percepcion.xml
[7.104s] -- Up-to-date symlink: /home/maxbe/ros2_ws/install/lab1/share/lab1//launch/accion_y_percepcion.xml:Zone.Identifier
[7.104s] -- Up-to-date symlink: /home/maxbe/ros2_ws/install/lab1/share/lab1//launch/avanzar_y_rotar.xml
[7.104s] -- Up-to-date symlink: /home/maxbe/ros2_ws/install/lab1/share/lab1//launch/avanzar_y_rotar.xml:Zone.Identifier
[7.104s] -- Up-to-date symlink: /home/maxbe/ros2_ws/install/lab1/share/lab1//launch/correr_nodos.xml
[7.105s] -- Up-to-date symlink: /home/maxbe/ros2_ws/install/lab1/share/lab1//launch/correr_nodos.xml:Zone.Identifier
[7.105s] -- Up-to-date symlink: /home/maxbe/ros2_ws/install/lab1/share/lab1//launch/dead_reckoning.xml
[7.105s] -- Up-to-date symlink: /home/maxbe/ros2_ws/install/lab1/share/lab1//launch/dead_reckoning.xml:Zone.Identifier
[7.105s] [31mCMake Error at ament_cmake_symlink_install/ament_cmake_symlink_install.cmake:100 (message):
[7.105s]   ament_cmake_symlink_install_directory() can't find
[7.105s]   '/home/maxbe/ros2_ws/src/lab1/config'
[7.105s] Call Stack (most recent call first):
[7.106s]   ament_cmake_symlink_install/ament_cmake_symlink_install.cmake:332 (ament_cmake_symlink_install_directory)
[7.106s]   cmake_install.cmake:46 (include)
[7.106s] 
[7.106s] [0m
[7.106s] -- Up-to-date symlink: /home/maxbe/ros2_ws/install/lab1/share/lab1//launch/obstacle_detector.xml
[7.106s] -- Up-to-date symlink: /home/maxbe/ros2_ws/install/lab1/share/lab1//launch/obstacle_detector.xml:Zone.Identifier
[7.107s] Invoked command in '/home/maxbe/ros2_ws/build/lab1' returned '1': CMAKE_PREFIX_PATH=${CMAKE_PREFIX_PATH}:/opt/ros/humble /usr/bin/cmake --install /home/maxbe/ros2_ws/build/lab1
