[0.014s] Invoking command in '/home/maxbe/ros2_ws/build/pid_god': CMAKE_PREFIX_PATH=${CMAKE_PREFIX_PATH}:/opt/ros/humble /usr/bin/cmake /home/maxbe/ros2_ws/src/pid_god -DAMENT_CMAKE_SYMLINK_INSTALL=1 -DCMAKE_INSTALL_PREFIX=/home/maxbe/ros2_ws/install/pid_god
[0.097s] -- The C compiler identification is GNU 11.4.0
[0.501s] -- The CXX compiler identification is GNU 11.4.0
[0.821s] -- Detecting C compiler ABI info
[0.935s] -- Detecting C compiler ABI info - done
[0.940s] -- Check for working C compiler: /usr/bin/cc - skipped
[0.940s] -- Detecting C compile features
[0.940s] -- Detecting C compile features - done
[0.942s] -- Detecting CXX compiler ABI info
[1.042s] -- Detecting CXX compiler ABI info - done
[1.047s] -- Check for working CXX compiler: /usr/bin/c++ - skipped
[1.047s] -- Detecting CXX compile features
[1.047s] -- Detecting CXX compile features - done
[1.049s] -- Found ament_cmake: 1.3.11 (/opt/ros/humble/share/ament_cmake/cmake)
[1.141s] -- Found Python3: /usr/bin/python3 (found version "3.10.12") found components: Interpreter 
[1.179s] -- Override CMake install command with custom implementation using symlinks instead of copying resources
[1.197s] -- Found rclpy: 3.3.16 (/opt/ros/humble/share/rclpy/cmake)
[1.199s] -- Found std_msgs: 4.8.0 (/opt/ros/humble/share/std_msgs/cmake)
[1.282s] -- Found rosidl_generator_c: 3.1.6 (/opt/ros/humble/share/rosidl_generator_c/cmake)
[1.285s] -- Found rosidl_adapter: 3.1.6 (/opt/ros/humble/share/rosidl_adapter/cmake)
[1.290s] -- Found rosidl_generator_cpp: 3.1.6 (/opt/ros/humble/share/rosidl_generator_cpp/cmake)
[1.298s] -- Using all available rosidl_typesupport_c: rosidl_typesupport_fastrtps_c;rosidl_typesupport_introspection_c
[1.309s] -- Using all available rosidl_typesupport_cpp: rosidl_typesupport_fastrtps_cpp;rosidl_typesupport_introspection_cpp
[1.325s] -- Found ament_lint_auto: 0.12.12 (/opt/ros/humble/share/ament_lint_auto/cmake)
[1.374s] -- Added test 'lint_cmake' to check CMake code style
[1.375s] -- Added test 'xmllint' to check XML markup files
[1.377s] -- Configuring done
[1.381s] -- Generating done
[1.382s] -- Build files have been written to: /home/maxbe/ros2_ws/build/pid_god
[1.388s] Invoked command in '/home/maxbe/ros2_ws/build/pid_god' returned '0': CMAKE_PREFIX_PATH=${CMAKE_PREFIX_PATH}:/opt/ros/humble /usr/bin/cmake /home/maxbe/ros2_ws/src/pid_god -DAMENT_CMAKE_SYMLINK_INSTALL=1 -DCMAKE_INSTALL_PREFIX=/home/maxbe/ros2_ws/install/pid_god
[1.390s] Invoking command in '/home/maxbe/ros2_ws/build/pid_god': CMAKE_PREFIX_PATH=${CMAKE_PREFIX_PATH}:/opt/ros/humble /usr/bin/cmake --build /home/maxbe/ros2_ws/build/pid_god -- -j12 -l12
[1.421s] Invoked command in '/home/maxbe/ros2_ws/build/pid_god' returned '0': CMAKE_PREFIX_PATH=${CMAKE_PREFIX_PATH}:/opt/ros/humble /usr/bin/cmake --build /home/maxbe/ros2_ws/build/pid_god -- -j12 -l12
[1.426s] Invoking command in '/home/maxbe/ros2_ws/build/pid_god': CMAKE_PREFIX_PATH=${CMAKE_PREFIX_PATH}:/opt/ros/humble /usr/bin/cmake --install /home/maxbe/ros2_ws/build/pid_god
[1.431s] -- Install configuration: ""
[1.431s] -- Execute custom install script
[1.432s] -- Symlinking: /home/maxbe/ros2_ws/install/pid_god/lib/pid_god/virtual_robot
[1.436s] -- Symlinking: /home/maxbe/ros2_ws/install/pid_god/lib/pid_god/pid
[1.441s] -- Symlinking: /home/maxbe/ros2_ws/install/pid_god/share/pid_god//launch/launch.xml
[1.446s] -- Symlinking: /home/maxbe/ros2_ws/install/pid_god/share/ament_index/resource_index/package_run_dependencies/pid_god
[1.450s] -- Symlinking: /home/maxbe/ros2_ws/install/pid_god/share/ament_index/resource_index/parent_prefix_path/pid_god
[1.455s] -- Symlinking: /home/maxbe/ros2_ws/install/pid_god/share/pid_god/environment/ament_prefix_path.sh
[1.459s] -- Symlinking: /home/maxbe/ros2_ws/install/pid_god/share/pid_god/environment/ament_prefix_path.dsv
[1.464s] -- Symlinking: /home/maxbe/ros2_ws/install/pid_god/share/pid_god/environment/path.sh
[1.469s] -- Symlinking: /home/maxbe/ros2_ws/install/pid_god/share/pid_god/environment/path.dsv
[1.473s] -- Symlinking: /home/maxbe/ros2_ws/install/pid_god/share/pid_god/local_setup.bash
[1.478s] -- Symlinking: /home/maxbe/ros2_ws/install/pid_god/share/pid_god/local_setup.sh
[1.482s] -- Symlinking: /home/maxbe/ros2_ws/install/pid_god/share/pid_god/local_setup.zsh
[1.487s] -- Symlinking: /home/maxbe/ros2_ws/install/pid_god/share/pid_god/local_setup.dsv
[1.491s] -- Symlinking: /home/maxbe/ros2_ws/install/pid_god/share/pid_god/package.dsv
[1.495s] -- Symlinking: /home/maxbe/ros2_ws/install/pid_god/share/ament_index/resource_index/packages/pid_god
[1.500s] -- Symlinking: /home/maxbe/ros2_ws/install/pid_god/share/pid_god/cmake/pid_godConfig.cmake
[1.505s] -- Symlinking: /home/maxbe/ros2_ws/install/pid_god/share/pid_god/cmake/pid_godConfig-version.cmake
[1.509s] -- Symlinking: /home/maxbe/ros2_ws/install/pid_god/share/pid_god/package.xml
[1.515s] Invoked command in '/home/maxbe/ros2_ws/build/pid_god' returned '0': CMAKE_PREFIX_PATH=${CMAKE_PREFIX_PATH}:/opt/ros/humble /usr/bin/cmake --install /home/maxbe/ros2_ws/build/pid_god
