[0.021s] Invoking command in '/home/maxbe/ros2_ws/src/build/lab1': CMAKE_PREFIX_PATH=${CMAKE_PREFIX_PATH}:/opt/ros/humble /usr/bin/cmake /home/maxbe/ros2_ws/src/lab1 -DAMENT_CMAKE_SYMLINK_INSTALL=1 -DCMAKE_INSTALL_PREFIX=/home/maxbe/ros2_ws/src/install/lab1
[0.221s] -- The C compiler identification is GNU 11.4.0
[0.712s] -- The CXX compiler identification is GNU 11.4.0
[1.070s] -- Detecting C compiler ABI info
[1.206s] -- Detecting C compiler ABI info - done
[1.211s] -- Check for working C compiler: /usr/bin/cc - skipped
[1.211s] -- Detecting C compile features
[1.211s] -- Detecting C compile features - done
[1.213s] -- Detecting CXX compiler ABI info
[1.377s] -- Detecting CXX compiler ABI info - done
[1.382s] -- Check for working CXX compiler: /usr/bin/c++ - skipped
[1.382s] -- Detecting CXX compile features
[1.383s] -- Detecting CXX compile features - done
[1.385s] -- Found ament_cmake: 1.3.11 (/opt/ros/humble/share/ament_cmake/cmake)
[1.507s] -- Found Python3: /usr/bin/python3 (found version "3.10.12") found components: Interpreter 
[1.561s] -- Override CMake install command with custom implementation using symlinks instead of copying resources
[1.582s] -- Found rclpy: 3.3.16 (/opt/ros/humble/share/rclpy/cmake)
[1.584s] -- Found sensor_msgs: 4.8.0 (/opt/ros/humble/share/sensor_msgs/cmake)
[1.748s] -- Found rosidl_generator_c: 3.1.6 (/opt/ros/humble/share/rosidl_generator_c/cmake)
[1.752s] -- Found rosidl_adapter: 3.1.6 (/opt/ros/humble/share/rosidl_adapter/cmake)
[1.759s] -- Found rosidl_generator_cpp: 3.1.6 (/opt/ros/humble/share/rosidl_generator_cpp/cmake)
[1.769s] -- Using all available rosidl_typesupport_c: rosidl_typesupport_fastrtps_c;rosidl_typesupport_introspection_c
[1.784s] -- Using all available rosidl_typesupport_cpp: rosidl_typesupport_fastrtps_cpp;rosidl_typesupport_introspection_cpp
[1.835s] -- Found cv_bridge: 3.2.1 (/opt/ros/humble/share/cv_bridge/cmake)
[1.846s] -- Found rclcpp: 16.0.12 (/opt/ros/humble/share/rclcpp/cmake)
[1.875s] -- Found rmw_implementation_cmake: 6.1.2 (/opt/ros/humble/share/rmw_implementation_cmake/cmake)
[1.877s] -- Found rmw_fastrtps_cpp: 6.2.7 (/opt/ros/humble/share/rmw_fastrtps_cpp/cmake)
[3.046s] -- Found OpenSSL: /usr/lib/x86_64-linux-gnu/libcrypto.so (found version "3.0.2")  
[4.412s] -- Found FastRTPS: /opt/ros/humble/include  
[6.110s] -- Using RMW implementation 'rmw_fastrtps_cpp' as default
[6.116s] -- Looking for pthread.h
[6.243s] -- Looking for pthread.h - found
[6.243s] -- Performing Test CMAKE_HAVE_LIBC_PTHREAD
[6.387s] -- Performing Test CMAKE_HAVE_LIBC_PTHREAD - Success
[6.388s] -- Found Threads: TRUE  
[6.417s] -- Found image_transport: 3.1.11 (/opt/ros/humble/share/image_transport/cmake)
[7.881s] -- Found nav_msgs: 4.8.0 (/opt/ros/humble/share/nav_msgs/cmake)
[7.895s] -- Found tf2: 0.25.12 (/opt/ros/humble/share/tf2/cmake)
[7.898s] -- Found tf2_geometry_msgs: 0.25.12 (/opt/ros/humble/share/tf2_geometry_msgs/cmake)
[7.953s] -- Found eigen3_cmake_module: 0.1.1 (/opt/ros/humble/share/eigen3_cmake_module/cmake)
[7.954s] -- Found Eigen3: TRUE (found version "3.4.0") 
[7.955s] -- Ensuring Eigen3 include directory is part of orocos-kdl CMake target
[8.019s] -- Found OpenCV: /usr (found version "4.5.4") 
[8.079s] -- Found ament_lint_auto: 0.12.12 (/opt/ros/humble/share/ament_lint_auto/cmake)
[8.137s] -- Added test 'flake8' to check Python code syntax and style conventions
[8.137s] -- Added test 'lint_cmake' to check CMake code style
[8.138s] -- Added test 'pep257' to check Python code against some of the docstring style conventions in PEP 257
[8.140s] -- Added test 'xmllint' to check XML markup files
[8.141s] -- Configuring done
[8.149s] -- Generating done
[8.151s] -- Build files have been written to: /home/maxbe/ros2_ws/src/build/lab1
