[0.024s] Invoking command in '/home/maxbe/ros2_ws/src/build/pid_god': CMAKE_PREFIX_PATH=${CMAKE_PREFIX_PATH}:/opt/ros/humble /usr/bin/cmake /home/maxbe/ros2_ws/src/pid_god -DAMENT_CMAKE_SYMLINK_INSTALL=1 -DCMAKE_INSTALL_PREFIX=/home/maxbe/ros2_ws/src/install/pid_god
[0.214s] -- The C compiler identification is GNU 11.4.0
[0.601s] -- The CXX compiler identification is GNU 11.4.0
[0.922s] -- Detecting C compiler ABI info
[1.022s] -- Detecting C compiler ABI info - done
[1.028s] -- Check for working C compiler: /usr/bin/cc - skipped
[1.028s] -- Detecting C compile features
[1.029s] -- Detecting C compile features - done
[1.032s] -- Detecting CXX compiler ABI info
[1.149s] -- Detecting CXX compiler ABI info - done
[1.155s] -- Check for working CXX compiler: /usr/bin/c++ - skipped
[1.155s] -- Detecting CXX compile features
[1.156s] -- Detecting CXX compile features - done
[1.162s] -- Found ament_cmake: 1.3.11 (/opt/ros/humble/share/ament_cmake/cmake)
[1.287s] -- Found Python3: /usr/bin/python3 (found version "3.10.12") found components: Interpreter 
[1.335s] -- Override CMake install command with custom implementation using symlinks instead of copying resources
[1.369s] -- Found rclpy: 3.3.16 (/opt/ros/humble/share/rclpy/cmake)
[1.371s] -- Found std_msgs: 4.8.0 (/opt/ros/humble/share/std_msgs/cmake)
[1.486s] -- Found rosidl_generator_c: 3.1.6 (/opt/ros/humble/share/rosidl_generator_c/cmake)
[1.493s] -- Found rosidl_adapter: 3.1.6 (/opt/ros/humble/share/rosidl_adapter/cmake)
[1.504s] -- Found rosidl_generator_cpp: 3.1.6 (/opt/ros/humble/share/rosidl_generator_cpp/cmake)
[1.523s] -- Using all available rosidl_typesupport_c: rosidl_typesupport_fastrtps_c;rosidl_typesupport_introspection_c
[1.542s] -- Using all available rosidl_typesupport_cpp: rosidl_typesupport_fastrtps_cpp;rosidl_typesupport_introspection_cpp
[1.574s] -- Found ament_lint_auto: 0.12.12 (/opt/ros/humble/share/ament_lint_auto/cmake)
[1.659s] -- Added test 'lint_cmake' to check CMake code style
[1.661s] -- Added test 'xmllint' to check XML markup files
[1.664s] -- Configuring done
[1.668s] -- Generating done
[1.670s] -- Build files have been written to: /home/maxbe/ros2_ws/src/build/pid_god
[1.676s] Invoked command in '/home/maxbe/ros2_ws/src/build/pid_god' returned '0': CMAKE_PREFIX_PATH=${CMAKE_PREFIX_PATH}:/opt/ros/humble /usr/bin/cmake /home/maxbe/ros2_ws/src/pid_god -DAMENT_CMAKE_SYMLINK_INSTALL=1 -DCMAKE_INSTALL_PREFIX=/home/maxbe/ros2_ws/src/install/pid_god
[1.678s] Invoking command in '/home/maxbe/ros2_ws/src/build/pid_god': CMAKE_PREFIX_PATH=${CMAKE_PREFIX_PATH}:/opt/ros/humble /usr/bin/cmake --build /home/maxbe/ros2_ws/src/build/pid_god -- -j12 -l12
[1.703s] Invoked command in '/home/maxbe/ros2_ws/src/build/pid_god' returned '0': CMAKE_PREFIX_PATH=${CMAKE_PREFIX_PATH}:/opt/ros/humble /usr/bin/cmake --build /home/maxbe/ros2_ws/src/build/pid_god -- -j12 -l12
[1.710s] Invoking command in '/home/maxbe/ros2_ws/src/build/pid_god': CMAKE_PREFIX_PATH=${CMAKE_PREFIX_PATH}:/opt/ros/humble /usr/bin/cmake --install /home/maxbe/ros2_ws/src/build/pid_god
[1.714s] -- Install configuration: ""
[1.714s] -- Execute custom install script
[1.715s] -- Symlinking: /home/maxbe/ros2_ws/src/install/pid_god/lib/pid_god/virtual_robot
[1.722s] -- Symlinking: /home/maxbe/ros2_ws/src/install/pid_god/lib/pid_god/pid
[1.729s] -- Symlinking: /home/maxbe/ros2_ws/src/install/pid_god/share/pid_god//launch/launch.xml
[1.735s] -- Symlinking: /home/maxbe/ros2_ws/src/install/pid_god/share/ament_index/resource_index/package_run_dependencies/pid_god
[1.739s] -- Symlinking: /home/maxbe/ros2_ws/src/install/pid_god/share/ament_index/resource_index/parent_prefix_path/pid_god
[1.745s] -- Symlinking: /home/maxbe/ros2_ws/src/install/pid_god/share/pid_god/environment/ament_prefix_path.sh
[1.750s] -- Symlinking: /home/maxbe/ros2_ws/src/install/pid_god/share/pid_god/environment/ament_prefix_path.dsv
[1.755s] -- Symlinking: /home/maxbe/ros2_ws/src/install/pid_god/share/pid_god/environment/path.sh
[1.760s] -- Symlinking: /home/maxbe/ros2_ws/src/install/pid_god/share/pid_god/environment/path.dsv
[1.768s] -- Symlinking: /home/maxbe/ros2_ws/src/install/pid_god/share/pid_god/local_setup.bash
[1.774s] -- Symlinking: /home/maxbe/ros2_ws/src/install/pid_god/share/pid_god/local_setup.sh
[1.780s] -- Symlinking: /home/maxbe/ros2_ws/src/install/pid_god/share/pid_god/local_setup.zsh
[1.785s] -- Symlinking: /home/maxbe/ros2_ws/src/install/pid_god/share/pid_god/local_setup.dsv
[1.792s] -- Symlinking: /home/maxbe/ros2_ws/src/install/pid_god/share/pid_god/package.dsv
[1.798s] -- Symlinking: /home/maxbe/ros2_ws/src/install/pid_god/share/ament_index/resource_index/packages/pid_god
[1.805s] -- Symlinking: /home/maxbe/ros2_ws/src/install/pid_god/share/pid_god/cmake/pid_godConfig.cmake
[1.811s] -- Symlinking: /home/maxbe/ros2_ws/src/install/pid_god/share/pid_god/cmake/pid_godConfig-version.cmake
[1.818s] -- Symlinking: /home/maxbe/ros2_ws/src/install/pid_god/share/pid_god/package.xml
