[0.019s] Invoking command in '/home/maxbe/ros2_ws/build/cmd_vel_mux': CMAKE_PREFIX_PATH=${CMAKE_PREFIX_PATH}:/opt/ros/humble /usr/bin/cmake --build /home/maxbe/ros2_ws/build/cmd_vel_mux -- -j12 -l12
[0.059s] [ 50%] Built target cmd_vel_mux_node
[0.059s] [100%] Built target cmd_vel_mux
[0.067s] Invoked command in '/home/maxbe/ros2_ws/build/cmd_vel_mux' returned '0': CMAKE_PREFIX_PATH=${CMAKE_PREFIX_PATH}:/opt/ros/humble /usr/bin/cmake --build /home/maxbe/ros2_ws/build/cmd_vel_mux -- -j12 -l12
[0.069s] Invoking command in '/home/maxbe/ros2_ws/build/cmd_vel_mux': CMAKE_PREFIX_PATH=${CMAKE_PREFIX_PATH}:/opt/ros/humble /usr/bin/cmake --install /home/maxbe/ros2_ws/build/cmd_vel_mux
[0.074s] -- Install configuration: ""
[0.075s] -- Execute custom install script
[0.075s] -- Up-to-date symlink: /home/maxbe/ros2_ws/install/cmd_vel_mux/lib/cmd_vel_mux/cmd_vel_mux_node
[0.076s] -- Up-to-date symlink: /home/maxbe/ros2_ws/install/cmd_vel_mux/lib/libcmd_vel_mux.so
[0.076s] -- Up-to-date symlink: /home/maxbe/ros2_ws/install/cmd_vel_mux/include/cmd_vel_mux/cmd_vel_mux.hpp
[0.077s] -- Up-to-date symlink: /home/maxbe/ros2_ws/install/cmd_vel_mux/share/cmd_vel_mux/config/cmd_vel_mux_params.yaml
[0.077s] -- Up-to-date symlink: /home/maxbe/ros2_ws/install/cmd_vel_mux/share/cmd_vel_mux/launch/cmd_vel_mux-composed-launch.py
[0.077s] -- Up-to-date symlink: /home/maxbe/ros2_ws/install/cmd_vel_mux/share/cmd_vel_mux/launch/cmd_vel_mux-launch.py
[0.077s] -- Up-to-date symlink: /home/maxbe/ros2_ws/install/cmd_vel_mux/share/ament_index/resource_index/package_run_dependencies/cmd_vel_mux
[0.078s] -- Up-to-date symlink: /home/maxbe/ros2_ws/install/cmd_vel_mux/share/ament_index/resource_index/parent_prefix_path/cmd_vel_mux
[0.078s] -- Up-to-date symlink: /home/maxbe/ros2_ws/install/cmd_vel_mux/share/cmd_vel_mux/environment/ament_prefix_path.sh
[0.078s] -- Up-to-date symlink: /home/maxbe/ros2_ws/install/cmd_vel_mux/share/cmd_vel_mux/environment/ament_prefix_path.dsv
[0.078s] -- Up-to-date symlink: /home/maxbe/ros2_ws/install/cmd_vel_mux/share/cmd_vel_mux/environment/path.sh
[0.078s] -- Up-to-date symlink: /home/maxbe/ros2_ws/install/cmd_vel_mux/share/cmd_vel_mux/environment/path.dsv
[0.078s] -- Up-to-date symlink: /home/maxbe/ros2_ws/install/cmd_vel_mux/share/cmd_vel_mux/local_setup.bash
[0.078s] -- Up-to-date symlink: /home/maxbe/ros2_ws/install/cmd_vel_mux/share/cmd_vel_mux/local_setup.sh
[0.079s] -- Up-to-date symlink: /home/maxbe/ros2_ws/install/cmd_vel_mux/share/cmd_vel_mux/local_setup.zsh
[0.080s] -- Up-to-date symlink: /home/maxbe/ros2_ws/install/cmd_vel_mux/share/cmd_vel_mux/local_setup.dsv
[0.081s] -- Symlinking: /home/maxbe/ros2_ws/install/cmd_vel_mux/share/cmd_vel_mux/package.dsv
[0.084s] -- Up-to-date symlink: /home/maxbe/ros2_ws/install/cmd_vel_mux/share/ament_index/resource_index/packages/cmd_vel_mux
[0.085s] -- Up-to-date symlink: /home/maxbe/ros2_ws/install/cmd_vel_mux/share/ament_index/resource_index/rclcpp_components/cmd_vel_mux
[0.085s] -- Up-to-date symlink: /home/maxbe/ros2_ws/install/cmd_vel_mux/share/cmd_vel_mux/cmake/cmd_vel_muxConfig.cmake
[0.085s] -- Up-to-date symlink: /home/maxbe/ros2_ws/install/cmd_vel_mux/share/cmd_vel_mux/cmake/cmd_vel_muxConfig-version.cmake
[0.086s] -- Up-to-date symlink: /home/maxbe/ros2_ws/install/cmd_vel_mux/share/cmd_vel_mux/package.xml
[0.096s] Invoked command in '/home/maxbe/ros2_ws/build/cmd_vel_mux' returned '0': CMAKE_PREFIX_PATH=${CMAKE_PREFIX_PATH}:/opt/ros/humble /usr/bin/cmake --install /home/maxbe/ros2_ws/build/cmd_vel_mux
