[0.253s] DEBUG:colcon:Command line arguments: ['/usr/bin/colcon', 'build', '--symlink-install']
[0.253s] DEBUG:colcon:Parsed command line arguments: Namespace(log_base=None, log_level=None, verb_name='build', build_base='build', install_base='install', merge_install=False, symlink_install=True, test_result_base=None, continue_on_error=False, executor='parallel', parallel_workers=12, event_handlers=None, ignore_user_meta=False, metas=['./colcon.meta'], base_paths=['.'], packages_ignore=None, packages_ignore_regex=None, paths=None, packages_up_to=None, packages_up_to_regex=None, packages_above=None, packages_above_and_dependencies=None, packages_above_depth=None, packages_select_by_dep=None, packages_skip_by_dep=None, packages_skip_up_to=None, packages_select_build_failed=False, packages_skip_build_finished=False, packages_select_test_failures=False, packages_skip_test_passed=False, packages_select=None, packages_skip=None, packages_select_regex=None, packages_skip_regex=None, packages_start=None, packages_end=None, allow_overriding=[], cmake_args=None, cmake_target=None, cmake_target_skip_unavailable=False, cmake_clean_cache=False, cmake_clean_first=False, cmake_force_configure=False, ament_cmake_args=None, catkin_cmake_args=None, catkin_skip_building_tests=False, mixin_files=None, mixin=None, verb_parser=<colcon_mixin.mixin.mixin_argument.MixinArgumentDecorator object at 0x7ffad7bf1780>, verb_extension=<colcon_core.verb.build.BuildVerb object at 0x7ffad7bf11b0>, main=<bound method BuildVerb.main of <colcon_core.verb.build.BuildVerb object at 0x7ffad7bf11b0>>, mixin_verb=('build',))
[0.502s] Level 1:colcon.colcon_core.package_discovery:discover_packages(colcon_meta) check parameters
[0.502s] Level 1:colcon.colcon_core.package_discovery:discover_packages(recursive) check parameters
[0.502s] Level 1:colcon.colcon_core.package_discovery:discover_packages(ignore) check parameters
[0.502s] Level 1:colcon.colcon_core.package_discovery:discover_packages(path) check parameters
[0.502s] Level 1:colcon.colcon_core.package_discovery:discover_packages(colcon_meta) discover
[0.502s] Level 1:colcon.colcon_core.package_discovery:discover_packages(recursive) discover
[0.502s] INFO:colcon.colcon_core.package_discovery:Crawling recursively for packages in '/home/maxbe/ros2_ws'
[0.502s] Level 1:colcon.colcon_core.package_identification:_identify(.) by extensions ['ignore', 'ignore_ament_install']
[0.503s] Level 1:colcon.colcon_core.package_identification:_identify(.) by extension 'ignore'
[0.503s] Level 1:colcon.colcon_core.package_identification:_identify(.) by extension 'ignore_ament_install'
[0.503s] Level 1:colcon.colcon_core.package_identification:_identify(.) by extensions ['colcon_pkg']
[0.503s] Level 1:colcon.colcon_core.package_identification:_identify(.) by extension 'colcon_pkg'
[0.503s] Level 1:colcon.colcon_core.package_identification:_identify(.) by extensions ['colcon_meta']
[0.503s] Level 1:colcon.colcon_core.package_identification:_identify(.) by extension 'colcon_meta'
[0.503s] Level 1:colcon.colcon_core.package_identification:_identify(.) by extensions ['ros']
[0.503s] Level 1:colcon.colcon_core.package_identification:_identify(.) by extension 'ros'
[0.512s] Level 1:colcon.colcon_core.package_identification:_identify(.) by extensions ['cmake', 'python']
[0.512s] Level 1:colcon.colcon_core.package_identification:_identify(.) by extension 'cmake'
[0.513s] Level 1:colcon.colcon_core.package_identification:_identify(.) by extension 'python'
[0.513s] Level 1:colcon.colcon_core.package_identification:_identify(.) by extensions ['python_setup_py']
[0.513s] Level 1:colcon.colcon_core.package_identification:_identify(.) by extension 'python_setup_py'
[0.513s] Level 1:colcon.colcon_core.package_identification:_identify(build) by extensions ['ignore', 'ignore_ament_install']
[0.513s] Level 1:colcon.colcon_core.package_identification:_identify(build) by extension 'ignore'
[0.513s] Level 1:colcon.colcon_core.package_identification:_identify(build) ignored
[0.513s] Level 1:colcon.colcon_core.package_identification:_identify(install) by extensions ['ignore', 'ignore_ament_install']
[0.513s] Level 1:colcon.colcon_core.package_identification:_identify(install) by extension 'ignore'
[0.513s] Level 1:colcon.colcon_core.package_identification:_identify(install) ignored
[0.513s] Level 1:colcon.colcon_core.package_identification:_identify(log) by extensions ['ignore', 'ignore_ament_install']
[0.513s] Level 1:colcon.colcon_core.package_identification:_identify(log) by extension 'ignore'
[0.513s] Level 1:colcon.colcon_core.package_identification:_identify(log) ignored
[0.514s] Level 1:colcon.colcon_core.package_identification:_identify(src) by extensions ['ignore', 'ignore_ament_install']
[0.514s] Level 1:colcon.colcon_core.package_identification:_identify(src) by extension 'ignore'
[0.514s] Level 1:colcon.colcon_core.package_identification:_identify(src) by extension 'ignore_ament_install'
[0.514s] Level 1:colcon.colcon_core.package_identification:_identify(src) by extensions ['colcon_pkg']
[0.514s] Level 1:colcon.colcon_core.package_identification:_identify(src) by extension 'colcon_pkg'
[0.514s] Level 1:colcon.colcon_core.package_identification:_identify(src) by extensions ['colcon_meta']
[0.514s] Level 1:colcon.colcon_core.package_identification:_identify(src) by extension 'colcon_meta'
[0.514s] Level 1:colcon.colcon_core.package_identification:_identify(src) by extensions ['ros']
[0.514s] Level 1:colcon.colcon_core.package_identification:_identify(src) by extension 'ros'
[0.514s] Level 1:colcon.colcon_core.package_identification:_identify(src) by extensions ['cmake', 'python']
[0.514s] Level 1:colcon.colcon_core.package_identification:_identify(src) by extension 'cmake'
[0.514s] Level 1:colcon.colcon_core.package_identification:_identify(src) by extension 'python'
[0.514s] Level 1:colcon.colcon_core.package_identification:_identify(src) by extensions ['python_setup_py']
[0.514s] Level 1:colcon.colcon_core.package_identification:_identify(src) by extension 'python_setup_py'
[0.514s] Level 1:colcon.colcon_core.package_identification:_identify(src/cmd_vel_mux) by extensions ['ignore', 'ignore_ament_install']
[0.514s] Level 1:colcon.colcon_core.package_identification:_identify(src/cmd_vel_mux) by extension 'ignore'
[0.514s] Level 1:colcon.colcon_core.package_identification:_identify(src/cmd_vel_mux) by extension 'ignore_ament_install'
[0.514s] Level 1:colcon.colcon_core.package_identification:_identify(src/cmd_vel_mux) by extensions ['colcon_pkg']
[0.514s] Level 1:colcon.colcon_core.package_identification:_identify(src/cmd_vel_mux) by extension 'colcon_pkg'
[0.514s] Level 1:colcon.colcon_core.package_identification:_identify(src/cmd_vel_mux) by extensions ['colcon_meta']
[0.514s] Level 1:colcon.colcon_core.package_identification:_identify(src/cmd_vel_mux) by extension 'colcon_meta'
[0.514s] Level 1:colcon.colcon_core.package_identification:_identify(src/cmd_vel_mux) by extensions ['ros']
[0.514s] Level 1:colcon.colcon_core.package_identification:_identify(src/cmd_vel_mux) by extension 'ros'
[0.517s] DEBUG:colcon.colcon_core.package_identification:Package 'src/cmd_vel_mux' with type 'ros.ament_cmake' and name 'cmd_vel_mux'
[0.517s] Level 1:colcon.colcon_core.package_identification:_identify(src/lab1) by extensions ['ignore', 'ignore_ament_install']
[0.517s] Level 1:colcon.colcon_core.package_identification:_identify(src/lab1) by extension 'ignore'
[0.517s] Level 1:colcon.colcon_core.package_identification:_identify(src/lab1) by extension 'ignore_ament_install'
[0.517s] Level 1:colcon.colcon_core.package_identification:_identify(src/lab1) by extensions ['colcon_pkg']
[0.517s] Level 1:colcon.colcon_core.package_identification:_identify(src/lab1) by extension 'colcon_pkg'
[0.517s] Level 1:colcon.colcon_core.package_identification:_identify(src/lab1) by extensions ['colcon_meta']
[0.517s] Level 1:colcon.colcon_core.package_identification:_identify(src/lab1) by extension 'colcon_meta'
[0.517s] Level 1:colcon.colcon_core.package_identification:_identify(src/lab1) by extensions ['ros']
[0.517s] Level 1:colcon.colcon_core.package_identification:_identify(src/lab1) by extension 'ros'
[0.518s] DEBUG:colcon.colcon_core.package_identification:Package 'src/lab1' with type 'ros.ament_cmake' and name 'lab1'
[0.518s] Level 1:colcon.colcon_core.package_identification:_identify(src/pid_god) by extensions ['ignore', 'ignore_ament_install']
[0.518s] Level 1:colcon.colcon_core.package_identification:_identify(src/pid_god) by extension 'ignore'
[0.518s] Level 1:colcon.colcon_core.package_identification:_identify(src/pid_god) by extension 'ignore_ament_install'
[0.518s] Level 1:colcon.colcon_core.package_identification:_identify(src/pid_god) by extensions ['colcon_pkg']
[0.518s] Level 1:colcon.colcon_core.package_identification:_identify(src/pid_god) by extension 'colcon_pkg'
[0.518s] Level 1:colcon.colcon_core.package_identification:_identify(src/pid_god) by extensions ['colcon_meta']
[0.518s] Level 1:colcon.colcon_core.package_identification:_identify(src/pid_god) by extension 'colcon_meta'
[0.518s] Level 1:colcon.colcon_core.package_identification:_identify(src/pid_god) by extensions ['ros']
[0.518s] Level 1:colcon.colcon_core.package_identification:_identify(src/pid_god) by extension 'ros'
[0.519s] DEBUG:colcon.colcon_core.package_identification:Package 'src/pid_god' with type 'ros.ament_cmake' and name 'pid_god'
[0.519s] Level 1:colcon.colcon_core.package_identification:_identify(src/very_simple_robot_simulator) by extensions ['ignore', 'ignore_ament_install']
[0.519s] Level 1:colcon.colcon_core.package_identification:_identify(src/very_simple_robot_simulator) by extension 'ignore'
[0.519s] Level 1:colcon.colcon_core.package_identification:_identify(src/very_simple_robot_simulator) by extension 'ignore_ament_install'
[0.519s] Level 1:colcon.colcon_core.package_identification:_identify(src/very_simple_robot_simulator) by extensions ['colcon_pkg']
[0.519s] Level 1:colcon.colcon_core.package_identification:_identify(src/very_simple_robot_simulator) by extension 'colcon_pkg'
[0.519s] Level 1:colcon.colcon_core.package_identification:_identify(src/very_simple_robot_simulator) by extensions ['colcon_meta']
[0.519s] Level 1:colcon.colcon_core.package_identification:_identify(src/very_simple_robot_simulator) by extension 'colcon_meta'
[0.519s] Level 1:colcon.colcon_core.package_identification:_identify(src/very_simple_robot_simulator) by extensions ['ros']
[0.519s] Level 1:colcon.colcon_core.package_identification:_identify(src/very_simple_robot_simulator) by extension 'ros'
[0.520s] DEBUG:colcon.colcon_core.package_identification:Package 'src/very_simple_robot_simulator' with type 'ros.ament_cmake' and name 'very_simple_robot_simulator'
[0.520s] Level 1:colcon.colcon_core.package_discovery:discover_packages(recursive) using defaults
[0.520s] Level 1:colcon.colcon_core.package_discovery:discover_packages(ignore) discover
[0.520s] Level 1:colcon.colcon_core.package_discovery:discover_packages(ignore) using defaults
[0.520s] Level 1:colcon.colcon_core.package_discovery:discover_packages(path) discover
[0.520s] Level 1:colcon.colcon_core.package_discovery:discover_packages(path) using defaults
[0.546s] Level 1:colcon.colcon_core.package_discovery:discover_packages(prefix_path) check parameters
[0.546s] Level 1:colcon.colcon_core.package_discovery:discover_packages(prefix_path) discover
[0.549s] DEBUG:colcon.colcon_installed_package_information.package_discovery:Found 4 installed packages in /home/maxbe/ros2_ws/install
[0.551s] DEBUG:colcon.colcon_installed_package_information.package_discovery:Found 274 installed packages in /opt/ros/humble
[0.552s] Level 1:colcon.colcon_core.package_discovery:discover_packages(prefix_path) using defaults
[0.618s] Level 5:colcon.colcon_core.verb:set package 'cmd_vel_mux' build argument 'cmake_args' from command line to 'None'
[0.618s] Level 5:colcon.colcon_core.verb:set package 'cmd_vel_mux' build argument 'cmake_target' from command line to 'None'
[0.618s] Level 5:colcon.colcon_core.verb:set package 'cmd_vel_mux' build argument 'cmake_target_skip_unavailable' from command line to 'False'
[0.618s] Level 5:colcon.colcon_core.verb:set package 'cmd_vel_mux' build argument 'cmake_clean_cache' from command line to 'False'
[0.618s] Level 5:colcon.colcon_core.verb:set package 'cmd_vel_mux' build argument 'cmake_clean_first' from command line to 'False'
[0.618s] Level 5:colcon.colcon_core.verb:set package 'cmd_vel_mux' build argument 'cmake_force_configure' from command line to 'False'
[0.618s] Level 5:colcon.colcon_core.verb:set package 'cmd_vel_mux' build argument 'ament_cmake_args' from command line to 'None'
[0.618s] Level 5:colcon.colcon_core.verb:set package 'cmd_vel_mux' build argument 'catkin_cmake_args' from command line to 'None'
[0.618s] Level 5:colcon.colcon_core.verb:set package 'cmd_vel_mux' build argument 'catkin_skip_building_tests' from command line to 'False'
[0.619s] DEBUG:colcon.colcon_core.verb:Building package 'cmd_vel_mux' with the following arguments: {'ament_cmake_args': None, 'build_base': '/home/maxbe/ros2_ws/build/cmd_vel_mux', 'catkin_cmake_args': None, 'catkin_skip_building_tests': False, 'cmake_args': None, 'cmake_clean_cache': False, 'cmake_clean_first': False, 'cmake_force_configure': False, 'cmake_target': None, 'cmake_target_skip_unavailable': False, 'install_base': '/home/maxbe/ros2_ws/install/cmd_vel_mux', 'merge_install': False, 'path': '/home/maxbe/ros2_ws/src/cmd_vel_mux', 'symlink_install': True, 'test_result_base': None}
[0.619s] Level 5:colcon.colcon_core.verb:set package 'lab1' build argument 'cmake_args' from command line to 'None'
[0.619s] Level 5:colcon.colcon_core.verb:set package 'lab1' build argument 'cmake_target' from command line to 'None'
[0.619s] Level 5:colcon.colcon_core.verb:set package 'lab1' build argument 'cmake_target_skip_unavailable' from command line to 'False'
[0.619s] Level 5:colcon.colcon_core.verb:set package 'lab1' build argument 'cmake_clean_cache' from command line to 'False'
[0.619s] Level 5:colcon.colcon_core.verb:set package 'lab1' build argument 'cmake_clean_first' from command line to 'False'
[0.619s] Level 5:colcon.colcon_core.verb:set package 'lab1' build argument 'cmake_force_configure' from command line to 'False'
[0.619s] Level 5:colcon.colcon_core.verb:set package 'lab1' build argument 'ament_cmake_args' from command line to 'None'
[0.619s] Level 5:colcon.colcon_core.verb:set package 'lab1' build argument 'catkin_cmake_args' from command line to 'None'
[0.619s] Level 5:colcon.colcon_core.verb:set package 'lab1' build argument 'catkin_skip_building_tests' from command line to 'False'
[0.619s] DEBUG:colcon.colcon_core.verb:Building package 'lab1' with the following arguments: {'ament_cmake_args': None, 'build_base': '/home/maxbe/ros2_ws/build/lab1', 'catkin_cmake_args': None, 'catkin_skip_building_tests': False, 'cmake_args': None, 'cmake_clean_cache': False, 'cmake_clean_first': False, 'cmake_force_configure': False, 'cmake_target': None, 'cmake_target_skip_unavailable': False, 'install_base': '/home/maxbe/ros2_ws/install/lab1', 'merge_install': False, 'path': '/home/maxbe/ros2_ws/src/lab1', 'symlink_install': True, 'test_result_base': None}
[0.619s] Level 5:colcon.colcon_core.verb:set package 'pid_god' build argument 'cmake_args' from command line to 'None'
[0.619s] Level 5:colcon.colcon_core.verb:set package 'pid_god' build argument 'cmake_target' from command line to 'None'
[0.619s] Level 5:colcon.colcon_core.verb:set package 'pid_god' build argument 'cmake_target_skip_unavailable' from command line to 'False'
[0.619s] Level 5:colcon.colcon_core.verb:set package 'pid_god' build argument 'cmake_clean_cache' from command line to 'False'
[0.619s] Level 5:colcon.colcon_core.verb:set package 'pid_god' build argument 'cmake_clean_first' from command line to 'False'
[0.619s] Level 5:colcon.colcon_core.verb:set package 'pid_god' build argument 'cmake_force_configure' from command line to 'False'
[0.619s] Level 5:colcon.colcon_core.verb:set package 'pid_god' build argument 'ament_cmake_args' from command line to 'None'
[0.619s] Level 5:colcon.colcon_core.verb:set package 'pid_god' build argument 'catkin_cmake_args' from command line to 'None'
[0.619s] Level 5:colcon.colcon_core.verb:set package 'pid_god' build argument 'catkin_skip_building_tests' from command line to 'False'
[0.619s] DEBUG:colcon.colcon_core.verb:Building package 'pid_god' with the following arguments: {'ament_cmake_args': None, 'build_base': '/home/maxbe/ros2_ws/build/pid_god', 'catkin_cmake_args': None, 'catkin_skip_building_tests': False, 'cmake_args': None, 'cmake_clean_cache': False, 'cmake_clean_first': False, 'cmake_force_configure': False, 'cmake_target': None, 'cmake_target_skip_unavailable': False, 'install_base': '/home/maxbe/ros2_ws/install/pid_god', 'merge_install': False, 'path': '/home/maxbe/ros2_ws/src/pid_god', 'symlink_install': True, 'test_result_base': None}
[0.620s] Level 5:colcon.colcon_core.verb:set package 'very_simple_robot_simulator' build argument 'cmake_args' from command line to 'None'
[0.620s] Level 5:colcon.colcon_core.verb:set package 'very_simple_robot_simulator' build argument 'cmake_target' from command line to 'None'
[0.620s] Level 5:colcon.colcon_core.verb:set package 'very_simple_robot_simulator' build argument 'cmake_target_skip_unavailable' from command line to 'False'
[0.620s] Level 5:colcon.colcon_core.verb:set package 'very_simple_robot_simulator' build argument 'cmake_clean_cache' from command line to 'False'
[0.620s] Level 5:colcon.colcon_core.verb:set package 'very_simple_robot_simulator' build argument 'cmake_clean_first' from command line to 'False'
[0.620s] Level 5:colcon.colcon_core.verb:set package 'very_simple_robot_simulator' build argument 'cmake_force_configure' from command line to 'False'
[0.620s] Level 5:colcon.colcon_core.verb:set package 'very_simple_robot_simulator' build argument 'ament_cmake_args' from command line to 'None'
[0.620s] Level 5:colcon.colcon_core.verb:set package 'very_simple_robot_simulator' build argument 'catkin_cmake_args' from command line to 'None'
[0.620s] Level 5:colcon.colcon_core.verb:set package 'very_simple_robot_simulator' build argument 'catkin_skip_building_tests' from command line to 'False'
[0.620s] DEBUG:colcon.colcon_core.verb:Building package 'very_simple_robot_simulator' with the following arguments: {'ament_cmake_args': None, 'build_base': '/home/maxbe/ros2_ws/build/very_simple_robot_simulator', 'catkin_cmake_args': None, 'catkin_skip_building_tests': False, 'cmake_args': None, 'cmake_clean_cache': False, 'cmake_clean_first': False, 'cmake_force_configure': False, 'cmake_target': None, 'cmake_target_skip_unavailable': False, 'install_base': '/home/maxbe/ros2_ws/install/very_simple_robot_simulator', 'merge_install': False, 'path': '/home/maxbe/ros2_ws/src/very_simple_robot_simulator', 'symlink_install': True, 'test_result_base': None}
[0.620s] INFO:colcon.colcon_core.executor:Executing jobs using 'parallel' executor
[0.621s] DEBUG:colcon.colcon_parallel_executor.executor.parallel:run_until_complete
[0.621s] INFO:colcon.colcon_ros.task.ament_cmake.build:Building ROS package in '/home/maxbe/ros2_ws/src/cmd_vel_mux' with build type 'ament_cmake'
[0.621s] INFO:colcon.colcon_cmake.task.cmake.build:Building CMake package in '/home/maxbe/ros2_ws/src/cmd_vel_mux'
[0.625s] INFO:colcon.colcon_core.plugin_system:Skipping extension 'colcon_core.shell.bat': Not used on non-Windows systems
[0.625s] INFO:colcon.colcon_core.shell:Skip shell extension 'powershell' for command environment: Not usable outside of PowerShell
[0.625s] DEBUG:colcon.colcon_core.shell:Skip shell extension 'dsv' for command environment
[0.628s] INFO:colcon.colcon_ros.task.ament_cmake.build:Building ROS package in '/home/maxbe/ros2_ws/src/lab1' with build type 'ament_cmake'
[0.628s] INFO:colcon.colcon_cmake.task.cmake.build:Building CMake package in '/home/maxbe/ros2_ws/src/lab1'
[0.628s] INFO:colcon.colcon_core.shell:Skip shell extension 'powershell' for command environment: Not usable outside of PowerShell
[0.628s] DEBUG:colcon.colcon_core.shell:Skip shell extension 'dsv' for command environment
[0.631s] INFO:colcon.colcon_ros.task.ament_cmake.build:Building ROS package in '/home/maxbe/ros2_ws/src/pid_god' with build type 'ament_cmake'
[0.631s] INFO:colcon.colcon_cmake.task.cmake.build:Building CMake package in '/home/maxbe/ros2_ws/src/pid_god'
[0.631s] INFO:colcon.colcon_core.shell:Skip shell extension 'powershell' for command environment: Not usable outside of PowerShell
[0.632s] DEBUG:colcon.colcon_core.shell:Skip shell extension 'dsv' for command environment
[0.634s] INFO:colcon.colcon_ros.task.ament_cmake.build:Building ROS package in '/home/maxbe/ros2_ws/src/very_simple_robot_simulator' with build type 'ament_cmake'
[0.635s] INFO:colcon.colcon_cmake.task.cmake.build:Building CMake package in '/home/maxbe/ros2_ws/src/very_simple_robot_simulator'
[0.635s] INFO:colcon.colcon_core.shell:Skip shell extension 'powershell' for command environment: Not usable outside of PowerShell
[0.635s] DEBUG:colcon.colcon_core.shell:Skip shell extension 'dsv' for command environment
[0.641s] DEBUG:colcon.colcon_core.event_handler.log_command:Invoking command in '/home/maxbe/ros2_ws/build/cmd_vel_mux': CMAKE_PREFIX_PATH=${CMAKE_PREFIX_PATH}:/opt/ros/humble /usr/bin/cmake --build /home/maxbe/ros2_ws/build/cmd_vel_mux -- -j12 -l12
[0.646s] DEBUG:colcon.colcon_core.event_handler.log_command:Invoking command in '/home/maxbe/ros2_ws/build/lab1': CMAKE_PREFIX_PATH=${CMAKE_PREFIX_PATH}:/opt/ros/humble /usr/bin/cmake --build /home/maxbe/ros2_ws/build/lab1 -- -j12 -l12
[0.652s] DEBUG:colcon.colcon_core.event_handler.log_command:Invoking command in '/home/maxbe/ros2_ws/build/pid_god': CMAKE_PREFIX_PATH=${CMAKE_PREFIX_PATH}:/opt/ros/humble /usr/bin/cmake --build /home/maxbe/ros2_ws/build/pid_god -- -j12 -l12
[0.655s] DEBUG:colcon.colcon_core.event_handler.log_command:Invoking command in '/home/maxbe/ros2_ws/build/very_simple_robot_simulator': CMAKE_PREFIX_PATH=${CMAKE_PREFIX_PATH}:/opt/ros/humble /usr/bin/cmake --build /home/maxbe/ros2_ws/build/very_simple_robot_simulator -- -j12 -l12
[0.700s] DEBUG:colcon.colcon_core.event_handler.log_command:Invoked command in '/home/maxbe/ros2_ws/build/pid_god' returned '0': CMAKE_PREFIX_PATH=${CMAKE_PREFIX_PATH}:/opt/ros/humble /usr/bin/cmake --build /home/maxbe/ros2_ws/build/pid_god -- -j12 -l12
[0.708s] DEBUG:colcon.colcon_core.event_handler.log_command:Invoking command in '/home/maxbe/ros2_ws/build/pid_god': CMAKE_PREFIX_PATH=${CMAKE_PREFIX_PATH}:/opt/ros/humble /usr/bin/cmake --install /home/maxbe/ros2_ws/build/pid_god
[0.720s] DEBUG:colcon.colcon_core.event_handler.log_command:Invoked command in '/home/maxbe/ros2_ws/build/cmd_vel_mux' returned '0': CMAKE_PREFIX_PATH=${CMAKE_PREFIX_PATH}:/opt/ros/humble /usr/bin/cmake --build /home/maxbe/ros2_ws/build/cmd_vel_mux -- -j12 -l12
[0.722s] DEBUG:colcon.colcon_core.event_handler.log_command:Invoking command in '/home/maxbe/ros2_ws/build/cmd_vel_mux': CMAKE_PREFIX_PATH=${CMAKE_PREFIX_PATH}:/opt/ros/humble /usr/bin/cmake --install /home/maxbe/ros2_ws/build/cmd_vel_mux
[0.725s] Level 1:colcon.colcon_core.environment:create_environment_scripts_only(pid_god)
[0.725s] DEBUG:colcon.colcon_core.event_handler.log_command:Invoked command in '/home/maxbe/ros2_ws/build/pid_god' returned '0': CMAKE_PREFIX_PATH=${CMAKE_PREFIX_PATH}:/opt/ros/humble /usr/bin/cmake --install /home/maxbe/ros2_ws/build/pid_god
[0.731s] Level 1:colcon.colcon_core.environment:checking '/home/maxbe/ros2_ws/install/pid_god' for CMake module files
[0.734s] Level 1:colcon.colcon_core.environment:checking '/home/maxbe/ros2_ws/install/pid_god' for CMake config files
[0.735s] Level 1:colcon.colcon_core.shell:create_environment_hook('pid_god', 'cmake_prefix_path')
[0.735s] INFO:colcon.colcon_core.shell:Creating environment hook '/home/maxbe/ros2_ws/install/pid_god/share/pid_god/hook/cmake_prefix_path.ps1'
[0.736s] INFO:colcon.colcon_core.shell:Creating environment descriptor '/home/maxbe/ros2_ws/install/pid_god/share/pid_god/hook/cmake_prefix_path.dsv'
[0.736s] INFO:colcon.colcon_core.shell:Creating environment hook '/home/maxbe/ros2_ws/install/pid_god/share/pid_god/hook/cmake_prefix_path.sh'
[0.737s] Level 1:colcon.colcon_core.environment:checking '/home/maxbe/ros2_ws/install/pid_god/lib'
[0.737s] Level 1:colcon.colcon_core.environment:checking '/home/maxbe/ros2_ws/install/pid_god/bin'
[0.738s] Level 1:colcon.colcon_core.environment:checking '/home/maxbe/ros2_ws/install/pid_god/lib/pkgconfig/pid_god.pc'
[0.738s] Level 1:colcon.colcon_core.environment:checking '/home/maxbe/ros2_ws/install/pid_god/lib/python3.10/site-packages'
[0.738s] Level 1:colcon.colcon_core.environment:checking '/home/maxbe/ros2_ws/install/pid_god/bin'
[0.738s] INFO:colcon.colcon_core.shell:Creating package script '/home/maxbe/ros2_ws/install/pid_god/share/pid_god/package.ps1'
[0.739s] INFO:colcon.colcon_core.shell:Creating package descriptor '/home/maxbe/ros2_ws/install/pid_god/share/pid_god/package.dsv'
[0.740s] INFO:colcon.colcon_core.shell:Creating package script '/home/maxbe/ros2_ws/install/pid_god/share/pid_god/package.sh'
[0.741s] INFO:colcon.colcon_core.shell:Creating package script '/home/maxbe/ros2_ws/install/pid_god/share/pid_god/package.bash'
[0.743s] INFO:colcon.colcon_core.shell:Creating package script '/home/maxbe/ros2_ws/install/pid_god/share/pid_god/package.zsh'
[0.743s] Level 1:colcon.colcon_core.environment:create_file_with_runtime_dependencies(/home/maxbe/ros2_ws/install/pid_god/share/colcon-core/packages/pid_god)
[0.744s] Level 1:colcon.colcon_core.environment:create_environment_scripts_only(pid_god)
[0.744s] Level 1:colcon.colcon_core.environment:checking '/home/maxbe/ros2_ws/install/pid_god' for CMake module files
[0.744s] Level 1:colcon.colcon_core.environment:checking '/home/maxbe/ros2_ws/install/pid_god' for CMake config files
[0.744s] Level 1:colcon.colcon_core.shell:create_environment_hook('pid_god', 'cmake_prefix_path')
[0.744s] INFO:colcon.colcon_core.shell:Creating environment hook '/home/maxbe/ros2_ws/install/pid_god/share/pid_god/hook/cmake_prefix_path.ps1'
[0.744s] INFO:colcon.colcon_core.shell:Creating environment descriptor '/home/maxbe/ros2_ws/install/pid_god/share/pid_god/hook/cmake_prefix_path.dsv'
[0.745s] INFO:colcon.colcon_core.shell:Creating environment hook '/home/maxbe/ros2_ws/install/pid_god/share/pid_god/hook/cmake_prefix_path.sh'
[0.745s] Level 1:colcon.colcon_core.environment:checking '/home/maxbe/ros2_ws/install/pid_god/lib'
[0.745s] Level 1:colcon.colcon_core.environment:checking '/home/maxbe/ros2_ws/install/pid_god/bin'
[0.745s] Level 1:colcon.colcon_core.environment:checking '/home/maxbe/ros2_ws/install/pid_god/lib/pkgconfig/pid_god.pc'
[0.745s] Level 1:colcon.colcon_core.environment:checking '/home/maxbe/ros2_ws/install/pid_god/lib/python3.10/site-packages'
[0.745s] Level 1:colcon.colcon_core.environment:checking '/home/maxbe/ros2_ws/install/pid_god/bin'
[0.746s] INFO:colcon.colcon_core.shell:Creating package script '/home/maxbe/ros2_ws/install/pid_god/share/pid_god/package.ps1'
[0.746s] INFO:colcon.colcon_core.shell:Creating package descriptor '/home/maxbe/ros2_ws/install/pid_god/share/pid_god/package.dsv'
[0.746s] INFO:colcon.colcon_core.shell:Creating package script '/home/maxbe/ros2_ws/install/pid_god/share/pid_god/package.sh'
[0.746s] INFO:colcon.colcon_core.shell:Creating package script '/home/maxbe/ros2_ws/install/pid_god/share/pid_god/package.bash'
[0.747s] INFO:colcon.colcon_core.shell:Creating package script '/home/maxbe/ros2_ws/install/pid_god/share/pid_god/package.zsh'
[0.747s] Level 1:colcon.colcon_core.environment:create_file_with_runtime_dependencies(/home/maxbe/ros2_ws/install/pid_god/share/colcon-core/packages/pid_god)
[0.749s] Level 1:colcon.colcon_core.environment:create_environment_scripts_only(cmd_vel_mux)
[0.749s] Level 1:colcon.colcon_core.environment:checking '/home/maxbe/ros2_ws/install/cmd_vel_mux' for CMake module files
[0.750s] DEBUG:colcon.colcon_core.event_handler.log_command:Invoked command in '/home/maxbe/ros2_ws/build/cmd_vel_mux' returned '0': CMAKE_PREFIX_PATH=${CMAKE_PREFIX_PATH}:/opt/ros/humble /usr/bin/cmake --install /home/maxbe/ros2_ws/build/cmd_vel_mux
[0.750s] Level 1:colcon.colcon_core.environment:checking '/home/maxbe/ros2_ws/install/cmd_vel_mux' for CMake config files
[0.751s] Level 1:colcon.colcon_core.shell:create_environment_hook('cmd_vel_mux', 'cmake_prefix_path')
[0.751s] INFO:colcon.colcon_core.shell:Creating environment hook '/home/maxbe/ros2_ws/install/cmd_vel_mux/share/cmd_vel_mux/hook/cmake_prefix_path.ps1'
[0.751s] INFO:colcon.colcon_core.shell:Creating environment descriptor '/home/maxbe/ros2_ws/install/cmd_vel_mux/share/cmd_vel_mux/hook/cmake_prefix_path.dsv'
[0.752s] INFO:colcon.colcon_core.shell:Creating environment hook '/home/maxbe/ros2_ws/install/cmd_vel_mux/share/cmd_vel_mux/hook/cmake_prefix_path.sh'
[0.752s] Level 1:colcon.colcon_core.environment:checking '/home/maxbe/ros2_ws/install/cmd_vel_mux/lib'
[0.752s] Level 1:colcon.colcon_core.shell:create_environment_hook('cmd_vel_mux', 'ld_library_path_lib')
[0.752s] INFO:colcon.colcon_core.shell:Creating environment hook '/home/maxbe/ros2_ws/install/cmd_vel_mux/share/cmd_vel_mux/hook/ld_library_path_lib.ps1'
[0.753s] INFO:colcon.colcon_core.shell:Creating environment descriptor '/home/maxbe/ros2_ws/install/cmd_vel_mux/share/cmd_vel_mux/hook/ld_library_path_lib.dsv'
[0.753s] INFO:colcon.colcon_core.shell:Creating environment hook '/home/maxbe/ros2_ws/install/cmd_vel_mux/share/cmd_vel_mux/hook/ld_library_path_lib.sh'
[0.753s] Level 1:colcon.colcon_core.environment:checking '/home/maxbe/ros2_ws/install/cmd_vel_mux/bin'
[0.753s] Level 1:colcon.colcon_core.environment:checking '/home/maxbe/ros2_ws/install/cmd_vel_mux/lib/pkgconfig/cmd_vel_mux.pc'
[0.753s] Level 1:colcon.colcon_core.environment:checking '/home/maxbe/ros2_ws/install/cmd_vel_mux/lib/python3.10/site-packages'
[0.753s] Level 1:colcon.colcon_core.environment:checking '/home/maxbe/ros2_ws/install/cmd_vel_mux/bin'
[0.754s] INFO:colcon.colcon_core.shell:Creating package script '/home/maxbe/ros2_ws/install/cmd_vel_mux/share/cmd_vel_mux/package.ps1'
[0.754s] INFO:colcon.colcon_core.shell:Creating package descriptor '/home/maxbe/ros2_ws/install/cmd_vel_mux/share/cmd_vel_mux/package.dsv'
[0.754s] INFO:colcon.colcon_core.shell:Creating package script '/home/maxbe/ros2_ws/install/cmd_vel_mux/share/cmd_vel_mux/package.sh'
[0.755s] INFO:colcon.colcon_core.shell:Creating package script '/home/maxbe/ros2_ws/install/cmd_vel_mux/share/cmd_vel_mux/package.bash'
[0.755s] INFO:colcon.colcon_core.shell:Creating package script '/home/maxbe/ros2_ws/install/cmd_vel_mux/share/cmd_vel_mux/package.zsh'
[0.755s] Level 1:colcon.colcon_core.environment:create_file_with_runtime_dependencies(/home/maxbe/ros2_ws/install/cmd_vel_mux/share/colcon-core/packages/cmd_vel_mux)
[0.755s] Level 1:colcon.colcon_core.environment:create_environment_scripts_only(cmd_vel_mux)
[0.756s] Level 1:colcon.colcon_core.environment:checking '/home/maxbe/ros2_ws/install/cmd_vel_mux' for CMake module files
[0.756s] Level 1:colcon.colcon_core.environment:checking '/home/maxbe/ros2_ws/install/cmd_vel_mux' for CMake config files
[0.756s] Level 1:colcon.colcon_core.shell:create_environment_hook('cmd_vel_mux', 'cmake_prefix_path')
[0.756s] INFO:colcon.colcon_core.shell:Creating environment hook '/home/maxbe/ros2_ws/install/cmd_vel_mux/share/cmd_vel_mux/hook/cmake_prefix_path.ps1'
[0.756s] INFO:colcon.colcon_core.shell:Creating environment descriptor '/home/maxbe/ros2_ws/install/cmd_vel_mux/share/cmd_vel_mux/hook/cmake_prefix_path.dsv'
[0.757s] INFO:colcon.colcon_core.shell:Creating environment hook '/home/maxbe/ros2_ws/install/cmd_vel_mux/share/cmd_vel_mux/hook/cmake_prefix_path.sh'
[0.757s] Level 1:colcon.colcon_core.environment:checking '/home/maxbe/ros2_ws/install/cmd_vel_mux/lib'
[0.757s] Level 1:colcon.colcon_core.shell:create_environment_hook('cmd_vel_mux', 'ld_library_path_lib')
[0.757s] INFO:colcon.colcon_core.shell:Creating environment hook '/home/maxbe/ros2_ws/install/cmd_vel_mux/share/cmd_vel_mux/hook/ld_library_path_lib.ps1'
[0.758s] INFO:colcon.colcon_core.shell:Creating environment descriptor '/home/maxbe/ros2_ws/install/cmd_vel_mux/share/cmd_vel_mux/hook/ld_library_path_lib.dsv'
[0.758s] INFO:colcon.colcon_core.shell:Creating environment hook '/home/maxbe/ros2_ws/install/cmd_vel_mux/share/cmd_vel_mux/hook/ld_library_path_lib.sh'
[0.758s] Level 1:colcon.colcon_core.environment:checking '/home/maxbe/ros2_ws/install/cmd_vel_mux/bin'
[0.758s] Level 1:colcon.colcon_core.environment:checking '/home/maxbe/ros2_ws/install/cmd_vel_mux/lib/pkgconfig/cmd_vel_mux.pc'
[0.758s] Level 1:colcon.colcon_core.environment:checking '/home/maxbe/ros2_ws/install/cmd_vel_mux/lib/python3.10/site-packages'
[0.758s] Level 1:colcon.colcon_core.environment:checking '/home/maxbe/ros2_ws/install/cmd_vel_mux/bin'
[0.759s] INFO:colcon.colcon_core.shell:Creating package script '/home/maxbe/ros2_ws/install/cmd_vel_mux/share/cmd_vel_mux/package.ps1'
[0.759s] INFO:colcon.colcon_core.shell:Creating package descriptor '/home/maxbe/ros2_ws/install/cmd_vel_mux/share/cmd_vel_mux/package.dsv'
[0.759s] INFO:colcon.colcon_core.shell:Creating package script '/home/maxbe/ros2_ws/install/cmd_vel_mux/share/cmd_vel_mux/package.sh'
[0.760s] INFO:colcon.colcon_core.shell:Creating package script '/home/maxbe/ros2_ws/install/cmd_vel_mux/share/cmd_vel_mux/package.bash'
[0.760s] INFO:colcon.colcon_core.shell:Creating package script '/home/maxbe/ros2_ws/install/cmd_vel_mux/share/cmd_vel_mux/package.zsh'
[0.760s] Level 1:colcon.colcon_core.environment:create_file_with_runtime_dependencies(/home/maxbe/ros2_ws/install/cmd_vel_mux/share/colcon-core/packages/cmd_vel_mux)
[0.914s] DEBUG:colcon.colcon_core.event_handler.log_command:Invoked command in '/home/maxbe/ros2_ws/build/lab1' returned '0': CMAKE_PREFIX_PATH=${CMAKE_PREFIX_PATH}:/opt/ros/humble /usr/bin/cmake --build /home/maxbe/ros2_ws/build/lab1 -- -j12 -l12
[0.915s] DEBUG:colcon.colcon_core.event_handler.log_command:Invoking command in '/home/maxbe/ros2_ws/build/lab1': CMAKE_PREFIX_PATH=${CMAKE_PREFIX_PATH}:/opt/ros/humble /usr/bin/cmake --install /home/maxbe/ros2_ws/build/lab1
[0.916s] DEBUG:colcon.colcon_core.event_handler.log_command:Invoked command in '/home/maxbe/ros2_ws/build/very_simple_robot_simulator' returned '0': CMAKE_PREFIX_PATH=${CMAKE_PREFIX_PATH}:/opt/ros/humble /usr/bin/cmake --build /home/maxbe/ros2_ws/build/very_simple_robot_simulator -- -j12 -l12
[0.918s] DEBUG:colcon.colcon_core.event_handler.log_command:Invoking command in '/home/maxbe/ros2_ws/build/very_simple_robot_simulator': CMAKE_PREFIX_PATH=${CMAKE_PREFIX_PATH}:/opt/ros/humble /usr/bin/cmake --install /home/maxbe/ros2_ws/build/very_simple_robot_simulator
[0.967s] Level 1:colcon.colcon_core.environment:create_environment_scripts_only(lab1)
[0.968s] DEBUG:colcon.colcon_core.event_handler.log_command:Invoked command in '/home/maxbe/ros2_ws/build/lab1' returned '0': CMAKE_PREFIX_PATH=${CMAKE_PREFIX_PATH}:/opt/ros/humble /usr/bin/cmake --install /home/maxbe/ros2_ws/build/lab1
[0.968s] Level 1:colcon.colcon_core.environment:checking '/home/maxbe/ros2_ws/install/lab1' for CMake module files
[0.969s] Level 1:colcon.colcon_core.environment:checking '/home/maxbe/ros2_ws/install/lab1' for CMake config files
[0.970s] Level 1:colcon.colcon_core.shell:create_environment_hook('lab1', 'cmake_prefix_path')
[0.970s] INFO:colcon.colcon_core.shell:Creating environment hook '/home/maxbe/ros2_ws/install/lab1/share/lab1/hook/cmake_prefix_path.ps1'
[0.971s] INFO:colcon.colcon_core.shell:Creating environment descriptor '/home/maxbe/ros2_ws/install/lab1/share/lab1/hook/cmake_prefix_path.dsv'
[0.971s] INFO:colcon.colcon_core.shell:Creating environment hook '/home/maxbe/ros2_ws/install/lab1/share/lab1/hook/cmake_prefix_path.sh'
[0.971s] Level 1:colcon.colcon_core.environment:checking '/home/maxbe/ros2_ws/install/lab1/libexec'
[0.971s] Level 1:colcon.colcon_core.environment:checking '/home/maxbe/ros2_ws/install/lab1/lib'
[0.972s] Level 1:colcon.colcon_core.environment:checking '/home/maxbe/ros2_ws/install/lab1/bin'
[0.972s] Level 1:colcon.colcon_core.environment:checking '/home/maxbe/ros2_ws/install/lab1/lib/pkgconfig/lab1.pc'
[0.972s] Level 1:colcon.colcon_core.environment:checking '/home/maxbe/ros2_ws/install/lab1/lib/python3.10/site-packages'
[0.972s] Level 1:colcon.colcon_core.environment:checking '/home/maxbe/ros2_ws/install/lab1/bin'
[0.972s] INFO:colcon.colcon_core.shell:Creating package script '/home/maxbe/ros2_ws/install/lab1/share/lab1/package.ps1'
[0.972s] INFO:colcon.colcon_core.shell:Creating package descriptor '/home/maxbe/ros2_ws/install/lab1/share/lab1/package.dsv'
[0.973s] INFO:colcon.colcon_core.shell:Creating package script '/home/maxbe/ros2_ws/install/lab1/share/lab1/package.sh'
[0.973s] INFO:colcon.colcon_core.shell:Creating package script '/home/maxbe/ros2_ws/install/lab1/share/lab1/package.bash'
[0.973s] INFO:colcon.colcon_core.shell:Creating package script '/home/maxbe/ros2_ws/install/lab1/share/lab1/package.zsh'
[0.973s] Level 1:colcon.colcon_core.environment:create_file_with_runtime_dependencies(/home/maxbe/ros2_ws/install/lab1/share/colcon-core/packages/lab1)
[0.974s] Level 1:colcon.colcon_core.environment:create_environment_scripts_only(lab1)
[0.974s] Level 1:colcon.colcon_core.environment:checking '/home/maxbe/ros2_ws/install/lab1' for CMake module files
[0.974s] Level 1:colcon.colcon_core.environment:checking '/home/maxbe/ros2_ws/install/lab1' for CMake config files
[0.974s] Level 1:colcon.colcon_core.shell:create_environment_hook('lab1', 'cmake_prefix_path')
[0.975s] INFO:colcon.colcon_core.shell:Creating environment hook '/home/maxbe/ros2_ws/install/lab1/share/lab1/hook/cmake_prefix_path.ps1'
[0.975s] INFO:colcon.colcon_core.shell:Creating environment descriptor '/home/maxbe/ros2_ws/install/lab1/share/lab1/hook/cmake_prefix_path.dsv'
[0.975s] INFO:colcon.colcon_core.shell:Creating environment hook '/home/maxbe/ros2_ws/install/lab1/share/lab1/hook/cmake_prefix_path.sh'
[0.975s] Level 1:colcon.colcon_core.environment:checking '/home/maxbe/ros2_ws/install/lab1/libexec'
[0.975s] Level 1:colcon.colcon_core.environment:checking '/home/maxbe/ros2_ws/install/lab1/lib'
[0.976s] Level 1:colcon.colcon_core.environment:checking '/home/maxbe/ros2_ws/install/lab1/bin'
[0.976s] Level 1:colcon.colcon_core.environment:checking '/home/maxbe/ros2_ws/install/lab1/lib/pkgconfig/lab1.pc'
[0.976s] Level 1:colcon.colcon_core.environment:checking '/home/maxbe/ros2_ws/install/lab1/lib/python3.10/site-packages'
[0.976s] Level 1:colcon.colcon_core.environment:checking '/home/maxbe/ros2_ws/install/lab1/bin'
[0.976s] INFO:colcon.colcon_core.shell:Creating package script '/home/maxbe/ros2_ws/install/lab1/share/lab1/package.ps1'
[0.976s] INFO:colcon.colcon_core.shell:Creating package descriptor '/home/maxbe/ros2_ws/install/lab1/share/lab1/package.dsv'
[0.977s] INFO:colcon.colcon_core.shell:Creating package script '/home/maxbe/ros2_ws/install/lab1/share/lab1/package.sh'
[0.977s] INFO:colcon.colcon_core.shell:Creating package script '/home/maxbe/ros2_ws/install/lab1/share/lab1/package.bash'
[0.977s] INFO:colcon.colcon_core.shell:Creating package script '/home/maxbe/ros2_ws/install/lab1/share/lab1/package.zsh'
[0.977s] Level 1:colcon.colcon_core.environment:create_file_with_runtime_dependencies(/home/maxbe/ros2_ws/install/lab1/share/colcon-core/packages/lab1)
[0.979s] Level 1:colcon.colcon_core.environment:create_environment_scripts_only(very_simple_robot_simulator)
[0.979s] Level 1:colcon.colcon_core.environment:checking '/home/maxbe/ros2_ws/install/very_simple_robot_simulator' for CMake module files
[0.980s] DEBUG:colcon.colcon_core.event_handler.log_command:Invoked command in '/home/maxbe/ros2_ws/build/very_simple_robot_simulator' returned '0': CMAKE_PREFIX_PATH=${CMAKE_PREFIX_PATH}:/opt/ros/humble /usr/bin/cmake --install /home/maxbe/ros2_ws/build/very_simple_robot_simulator
[0.980s] Level 1:colcon.colcon_core.environment:checking '/home/maxbe/ros2_ws/install/very_simple_robot_simulator' for CMake config files
[0.982s] Level 1:colcon.colcon_core.shell:create_environment_hook('very_simple_robot_simulator', 'cmake_prefix_path')
[0.983s] INFO:colcon.colcon_core.shell:Creating environment hook '/home/maxbe/ros2_ws/install/very_simple_robot_simulator/share/very_simple_robot_simulator/hook/cmake_prefix_path.ps1'
[0.983s] INFO:colcon.colcon_core.shell:Creating environment descriptor '/home/maxbe/ros2_ws/install/very_simple_robot_simulator/share/very_simple_robot_simulator/hook/cmake_prefix_path.dsv'
[0.983s] INFO:colcon.colcon_core.shell:Creating environment hook '/home/maxbe/ros2_ws/install/very_simple_robot_simulator/share/very_simple_robot_simulator/hook/cmake_prefix_path.sh'
[0.984s] Level 1:colcon.colcon_core.environment:checking '/home/maxbe/ros2_ws/install/very_simple_robot_simulator/lib'
[0.984s] Level 1:colcon.colcon_core.environment:checking '/home/maxbe/ros2_ws/install/very_simple_robot_simulator/bin'
[0.984s] Level 1:colcon.colcon_core.environment:checking '/home/maxbe/ros2_ws/install/very_simple_robot_simulator/lib/pkgconfig/very_simple_robot_simulator.pc'
[0.984s] Level 1:colcon.colcon_core.environment:checking '/home/maxbe/ros2_ws/install/very_simple_robot_simulator/lib/python3.10/site-packages'
[0.984s] Level 1:colcon.colcon_core.environment:checking '/home/maxbe/ros2_ws/install/very_simple_robot_simulator/bin'
[0.984s] INFO:colcon.colcon_core.shell:Creating package script '/home/maxbe/ros2_ws/install/very_simple_robot_simulator/share/very_simple_robot_simulator/package.ps1'
[0.985s] INFO:colcon.colcon_core.shell:Creating package descriptor '/home/maxbe/ros2_ws/install/very_simple_robot_simulator/share/very_simple_robot_simulator/package.dsv'
[0.985s] INFO:colcon.colcon_core.shell:Creating package script '/home/maxbe/ros2_ws/install/very_simple_robot_simulator/share/very_simple_robot_simulator/package.sh'
[0.985s] INFO:colcon.colcon_core.shell:Creating package script '/home/maxbe/ros2_ws/install/very_simple_robot_simulator/share/very_simple_robot_simulator/package.bash'
[0.985s] INFO:colcon.colcon_core.shell:Creating package script '/home/maxbe/ros2_ws/install/very_simple_robot_simulator/share/very_simple_robot_simulator/package.zsh'
[0.986s] Level 1:colcon.colcon_core.environment:create_file_with_runtime_dependencies(/home/maxbe/ros2_ws/install/very_simple_robot_simulator/share/colcon-core/packages/very_simple_robot_simulator)
[0.986s] Level 1:colcon.colcon_core.environment:create_environment_scripts_only(very_simple_robot_simulator)
[0.986s] Level 1:colcon.colcon_core.environment:checking '/home/maxbe/ros2_ws/install/very_simple_robot_simulator' for CMake module files
[0.986s] Level 1:colcon.colcon_core.environment:checking '/home/maxbe/ros2_ws/install/very_simple_robot_simulator' for CMake config files
[0.987s] Level 1:colcon.colcon_core.shell:create_environment_hook('very_simple_robot_simulator', 'cmake_prefix_path')
[0.987s] INFO:colcon.colcon_core.shell:Creating environment hook '/home/maxbe/ros2_ws/install/very_simple_robot_simulator/share/very_simple_robot_simulator/hook/cmake_prefix_path.ps1'
[0.987s] INFO:colcon.colcon_core.shell:Creating environment descriptor '/home/maxbe/ros2_ws/install/very_simple_robot_simulator/share/very_simple_robot_simulator/hook/cmake_prefix_path.dsv'
[0.987s] INFO:colcon.colcon_core.shell:Creating environment hook '/home/maxbe/ros2_ws/install/very_simple_robot_simulator/share/very_simple_robot_simulator/hook/cmake_prefix_path.sh'
[0.988s] Level 1:colcon.colcon_core.environment:checking '/home/maxbe/ros2_ws/install/very_simple_robot_simulator/lib'
[0.988s] Level 1:colcon.colcon_core.environment:checking '/home/maxbe/ros2_ws/install/very_simple_robot_simulator/bin'
[0.988s] Level 1:colcon.colcon_core.environment:checking '/home/maxbe/ros2_ws/install/very_simple_robot_simulator/lib/pkgconfig/very_simple_robot_simulator.pc'
[0.988s] Level 1:colcon.colcon_core.environment:checking '/home/maxbe/ros2_ws/install/very_simple_robot_simulator/lib/python3.10/site-packages'
[0.988s] Level 1:colcon.colcon_core.environment:checking '/home/maxbe/ros2_ws/install/very_simple_robot_simulator/bin'
[0.988s] INFO:colcon.colcon_core.shell:Creating package script '/home/maxbe/ros2_ws/install/very_simple_robot_simulator/share/very_simple_robot_simulator/package.ps1'
[0.989s] INFO:colcon.colcon_core.shell:Creating package descriptor '/home/maxbe/ros2_ws/install/very_simple_robot_simulator/share/very_simple_robot_simulator/package.dsv'
[0.989s] INFO:colcon.colcon_core.shell:Creating package script '/home/maxbe/ros2_ws/install/very_simple_robot_simulator/share/very_simple_robot_simulator/package.sh'
[0.989s] INFO:colcon.colcon_core.shell:Creating package script '/home/maxbe/ros2_ws/install/very_simple_robot_simulator/share/very_simple_robot_simulator/package.bash'
[0.989s] INFO:colcon.colcon_core.shell:Creating package script '/home/maxbe/ros2_ws/install/very_simple_robot_simulator/share/very_simple_robot_simulator/package.zsh'
[0.990s] Level 1:colcon.colcon_core.environment:create_file_with_runtime_dependencies(/home/maxbe/ros2_ws/install/very_simple_robot_simulator/share/colcon-core/packages/very_simple_robot_simulator)
[0.990s] DEBUG:colcon.colcon_parallel_executor.executor.parallel:closing loop
[0.991s] DEBUG:colcon.colcon_parallel_executor.executor.parallel:loop closed
[0.991s] DEBUG:colcon.colcon_parallel_executor.executor.parallel:run_until_complete finished with '0'
[0.991s] DEBUG:colcon.colcon_core.event_reactor:joining thread
[1.044s] INFO:colcon.colcon_core.plugin_system:Skipping extension 'colcon_notification.desktop_notification.notify_send': Could not find 'notify-send'
[1.044s] INFO:colcon.colcon_core.plugin_system:Skipping extension 'colcon_notification.desktop_notification.terminal_notifier': Not used on non-Darwin systems
[1.044s] INFO:colcon.colcon_core.plugin_system:Skipping extension 'colcon_notification.desktop_notification.win32': Not used on non-Windows systems
[1.044s] INFO:colcon.colcon_notification.desktop_notification:Sending desktop notification using 'notify2'
[1.044s] DEBUG:colcon.colcon_notification.desktop_notification.notify2:Failed to initialize notify2: org.freedesktop.DBus.Error.FileNotFound: Failed to connect to socket /run/user/1000/bus: No such file or directory
[1.044s] DEBUG:colcon.colcon_core.event_reactor:joined thread
[1.045s] INFO:colcon.colcon_core.shell:Creating prefix script '/home/maxbe/ros2_ws/install/local_setup.ps1'
[1.046s] INFO:colcon.colcon_core.shell:Creating prefix util module '/home/maxbe/ros2_ws/install/_local_setup_util_ps1.py'
[1.047s] INFO:colcon.colcon_core.shell:Creating prefix chain script '/home/maxbe/ros2_ws/install/setup.ps1'
[1.048s] INFO:colcon.colcon_core.shell:Creating prefix script '/home/maxbe/ros2_ws/install/local_setup.sh'
[1.048s] INFO:colcon.colcon_core.shell:Creating prefix util module '/home/maxbe/ros2_ws/install/_local_setup_util_sh.py'
[1.049s] INFO:colcon.colcon_core.shell:Creating prefix chain script '/home/maxbe/ros2_ws/install/setup.sh'
[1.049s] INFO:colcon.colcon_core.shell:Creating prefix script '/home/maxbe/ros2_ws/install/local_setup.bash'
[1.050s] INFO:colcon.colcon_core.shell:Creating prefix chain script '/home/maxbe/ros2_ws/install/setup.bash'
[1.051s] INFO:colcon.colcon_core.shell:Creating prefix script '/home/maxbe/ros2_ws/install/local_setup.zsh'
[1.051s] INFO:colcon.colcon_core.shell:Creating prefix chain script '/home/maxbe/ros2_ws/install/setup.zsh'
