[0.022s] Invoking command in '/home/maxbe/ros2_ws/build/lab2': CMAKE_PREFIX_PATH=${CMAKE_PREFIX_PATH}:/opt/ros/humble /usr/bin/cmake --build /home/maxbe/ros2_ws/build/lab2 -- -j12 -l12
[0.064s] -- Found ament_cmake: 1.3.11 (/opt/ros/humble/share/ament_cmake/cmake)
[0.182s] -- Override CMake install command with custom implementation using symlinks instead of copying resources
[0.199s] -- Found rclpy: 3.3.16 (/opt/ros/humble/share/rclpy/cmake)
[0.200s] -- Found std_msgs: 4.8.0 (/opt/ros/humble/share/std_msgs/cmake)
[0.343s] -- Found rosidl_generator_c: 3.1.6 (/opt/ros/humble/share/rosidl_generator_c/cmake)
[0.347s] -- Found rosidl_adapter: 3.1.6 (/opt/ros/humble/share/rosidl_adapter/cmake)
[0.356s] -- Found rosidl_generator_cpp: 3.1.6 (/opt/ros/humble/share/rosidl_generator_cpp/cmake)
[0.371s] -- Using all available rosidl_typesupport_c: rosidl_typesupport_fastrtps_c;rosidl_typesupport_introspection_c
[0.387s] -- Using all available rosidl_typesupport_cpp: rosidl_typesupport_fastrtps_cpp;rosidl_typesupport_introspection_cpp
[0.414s] -- Found geometry_msgs: 4.8.0 (/opt/ros/humble/share/geometry_msgs/cmake)
[0.429s] -- Found nav_msgs: 4.8.0 (/opt/ros/humble/share/nav_msgs/cmake)
[0.447s] -- Found ament_lint_auto: 0.12.12 (/opt/ros/humble/share/ament_lint_auto/cmake)
[0.506s] -- Added test 'flake8' to check Python code syntax and style conventions
[0.507s] -- Added test 'lint_cmake' to check CMake code style
[0.507s] -- Added test 'pep257' to check Python code against some of the docstring style conventions in PEP 257
[0.509s] -- Added test 'xmllint' to check XML markup files
[0.511s] -- Configuring done
[0.517s] -- Generating done
[0.518s] -- Build files have been written to: /home/maxbe/ros2_ws/build/lab2
[0.533s] Invoked command in '/home/maxbe/ros2_ws/build/lab2' returned '0': CMAKE_PREFIX_PATH=${CMAKE_PREFIX_PATH}:/opt/ros/humble /usr/bin/cmake --build /home/maxbe/ros2_ws/build/lab2 -- -j12 -l12
[0.534s] Invoking command in '/home/maxbe/ros2_ws/build/lab2': CMAKE_PREFIX_PATH=${CMAKE_PREFIX_PATH}:/opt/ros/humble /usr/bin/cmake --install /home/maxbe/ros2_ws/build/lab2
[0.539s] -- Install configuration: ""
[0.539s] -- Execute custom install script
[0.539s] -- Up-to-date symlink: /home/maxbe/ros2_ws/install/lab2/lib/lab2/desplazador.py
[0.539s] -- Up-to-date symlink: /home/maxbe/ros2_ws/install/lab2/lib/lab2/pose_loader.py
[0.540s] -- Symlinking: /home/maxbe/ros2_ws/install/lab2/lib/lab2/pub_velocidad.py
[0.544s] -- Symlinking: /home/maxbe/ros2_ws/install/lab2/lib/lab2/pid.py
[0.549s] -- Symlinking: /home/maxbe/ros2_ws/install/lab2/lib/lab2/run_all.py
[0.554s] -- Symlinking: /home/maxbe/ros2_ws/install/lab2/lib/lab2/obstacle_detector.py
[0.559s] -- Symlinking: /home/maxbe/ros2_ws/install/lab2/share/ament_index/resource_index/package_run_dependencies/lab2
[0.565s] -- Symlinking: /home/maxbe/ros2_ws/install/lab2/share/ament_index/resource_index/parent_prefix_path/lab2
[0.570s] -- Symlinking: /home/maxbe/ros2_ws/install/lab2/share/lab2/environment/ament_prefix_path.sh
[0.575s] -- Symlinking: /home/maxbe/ros2_ws/install/lab2/share/lab2/environment/ament_prefix_path.dsv
[0.580s] -- Symlinking: /home/maxbe/ros2_ws/install/lab2/share/lab2/environment/path.sh
[0.584s] -- Symlinking: /home/maxbe/ros2_ws/install/lab2/share/lab2/environment/path.dsv
[0.589s] -- Symlinking: /home/maxbe/ros2_ws/install/lab2/share/lab2/local_setup.bash
[0.594s] -- Symlinking: /home/maxbe/ros2_ws/install/lab2/share/lab2/local_setup.sh
[0.598s] -- Symlinking: /home/maxbe/ros2_ws/install/lab2/share/lab2/local_setup.zsh
[0.603s] -- Symlinking: /home/maxbe/ros2_ws/install/lab2/share/lab2/local_setup.dsv
[0.608s] -- Symlinking: /home/maxbe/ros2_ws/install/lab2/share/lab2/package.dsv
[0.614s] -- Symlinking: /home/maxbe/ros2_ws/install/lab2/share/ament_index/resource_index/packages/lab2
[0.619s] -- Symlinking: /home/maxbe/ros2_ws/install/lab2/share/lab2/cmake/lab2Config.cmake
[0.624s] -- Symlinking: /home/maxbe/ros2_ws/install/lab2/share/lab2/cmake/lab2Config-version.cmake
[0.629s] -- Symlinking: /home/maxbe/ros2_ws/install/lab2/share/lab2/package.xml
[0.635s] Invoked command in '/home/maxbe/ros2_ws/build/lab2' returned '0': CMAKE_PREFIX_PATH=${CMAKE_PREFIX_PATH}:/opt/ros/humble /usr/bin/cmake --install /home/maxbe/ros2_ws/build/lab2
