[0.028s] Invoking command in '/home/maxbe/ros2_ws/src/build/cmd_vel_mux': CMAKE_PREFIX_PATH=${CMAKE_PREFIX_PATH}:/opt/ros/humble /usr/bin/cmake /home/maxbe/ros2_ws/src/cmd_vel_mux -DAMENT_CMAKE_SYMLINK_INSTALL=1 -DCMAKE_INSTALL_PREFIX=/home/maxbe/ros2_ws/src/install/cmd_vel_mux
[0.230s] -- The C compiler identification is GNU 11.4.0
[0.645s] -- The CXX compiler identification is GNU 11.4.0
[1.001s] -- Detecting C compiler ABI info
[1.122s] -- Detecting C compiler ABI info - done
[1.127s] -- Check for working C compiler: /usr/bin/cc - skipped
[1.127s] -- Detecting C compile features
[1.128s] -- Detecting C compile features - done
[1.131s] -- Detecting CXX compiler ABI info
[1.272s] -- Detecting CXX compiler ABI info - done
[1.285s] -- Check for working CXX compiler: /usr/bin/c++ - skipped
[1.285s] -- Detecting CXX compile features
[1.286s] -- Detecting CXX compile features - done
[1.289s] -- Found ament_cmake_ros: 0.10.0 (/opt/ros/humble/share/ament_cmake_ros/cmake)
[1.415s] -- Found Python3: /usr/bin/python3 (found version "3.10.12") found components: Interpreter 
[1.460s] -- Override CMake install command with custom implementation using symlinks instead of copying resources
[1.487s] -- Found geometry_msgs: 4.8.0 (/opt/ros/humble/share/geometry_msgs/cmake)
[1.642s] -- Found rosidl_generator_c: 3.1.6 (/opt/ros/humble/share/rosidl_generator_c/cmake)
[1.647s] -- Found rosidl_adapter: 3.1.6 (/opt/ros/humble/share/rosidl_adapter/cmake)
[1.657s] -- Found rosidl_generator_cpp: 3.1.6 (/opt/ros/humble/share/rosidl_generator_cpp/cmake)
[1.669s] -- Using all available rosidl_typesupport_c: rosidl_typesupport_fastrtps_c;rosidl_typesupport_introspection_c
[1.685s] -- Using all available rosidl_typesupport_cpp: rosidl_typesupport_fastrtps_cpp;rosidl_typesupport_introspection_cpp
[1.720s] -- Found rcl_interfaces: 1.2.1 (/opt/ros/humble/share/rcl_interfaces/cmake)
[1.731s] -- Found rclcpp: 16.0.12 (/opt/ros/humble/share/rclcpp/cmake)
[1.755s] -- Found rmw_implementation_cmake: 6.1.2 (/opt/ros/humble/share/rmw_implementation_cmake/cmake)
[1.757s] -- Found rmw_fastrtps_cpp: 6.2.7 (/opt/ros/humble/share/rmw_fastrtps_cpp/cmake)
[2.808s] -- Found OpenSSL: /usr/lib/x86_64-linux-gnu/libcrypto.so (found version "3.0.2")  
[3.912s] -- Found FastRTPS: /opt/ros/humble/include  
[5.669s] -- Using RMW implementation 'rmw_fastrtps_cpp' as default
[5.676s] -- Looking for pthread.h
[5.798s] -- Looking for pthread.h - found
[5.798s] -- Performing Test CMAKE_HAVE_LIBC_PTHREAD
[5.924s] -- Performing Test CMAKE_HAVE_LIBC_PTHREAD - Success
[5.925s] -- Found Threads: TRUE  
[5.954s] -- Found rclcpp_components: 16.0.12 (/opt/ros/humble/share/rclcpp_components/cmake)
[5.988s] -- Found ament_lint_auto: 0.12.12 (/opt/ros/humble/share/ament_lint_auto/cmake)
[6.059s] -- Found launch_testing_ament_cmake: 1.0.8 (/opt/ros/humble/share/launch_testing_ament_cmake/cmake)
[6.062s] -- Found python_cmake_module: 0.10.0 (/opt/ros/humble/share/python_cmake_module/cmake)
[6.201s] -- Found PythonInterp: /usr/bin/python3 (found suitable version "3.10.12", minimum required is "3.6") 
[6.578s] -- Found PythonLibs: /usr/lib/x86_64-linux-gnu/libpython3.10.so (found suitable version "3.10.12", minimum required is "3.5") 
[6.578s] -- Using PYTHON_EXECUTABLE: /usr/bin/python3
[6.578s] -- Using PYTHON_INCLUDE_DIRS: /usr/include/python3.10
[6.578s] -- Using PYTHON_LIBRARIES: /usr/lib/x86_64-linux-gnu/libpython3.10.so
[6.592s] -- Found PythonExtra: .so  
[6.601s] -- Added test 'cppcheck' to perform static code analysis on C / C++ code
[6.601s] -- Configured cppcheck include dirs: /home/maxbe/ros2_ws/src/cmd_vel_mux/include
[6.601s] -- Configured cppcheck exclude dirs and/or files: 
[6.605s] -- Added test 'cpplint' to check C / C++ code against the Google style
[6.605s] -- Configured cpplint exclude dirs and/or files: 
[6.606s] -- Added test 'flake8' to check Python code syntax and style conventions
[6.607s] -- Added test 'lint_cmake' to check CMake code style
[6.608s] -- Added test 'pep257' to check Python code against some of the docstring style conventions in PEP 257
[6.611s] -- Added test 'uncrustify' to check C / C++ code style
[6.611s] -- Configured uncrustify additional arguments: 
[6.612s] -- Added test 'xmllint' to check XML markup files
[6.614s] -- Configuring done
[6.628s] -- Generating done
[6.632s] -- Build files have been written to: /home/maxbe/ros2_ws/src/build/cmd_vel_mux
