[0.024s] Invoking command in '/home/maxbe/ros2_ws/build/very_simple_robot_simulator': CMAKE_PREFIX_PATH=${CMAKE_PREFIX_PATH}:/opt/ros/humble /usr/bin/cmake --build /home/maxbe/ros2_ws/build/very_simple_robot_simulator -- -j12 -l12
[0.066s] [  0%] Built target ament_cmake_python_symlink_very_simple_robot_simulator
[0.068s] [100%] Built target kinect_simulator
[0.068s] [100%] Built target lidar_simulator
[0.347s] running egg_info
[0.348s] writing very_simple_robot_simulator.egg-info/PKG-INFO
[0.348s] writing dependency_links to very_simple_robot_simulator.egg-info/dependency_links.txt
[0.348s] writing top-level names to very_simple_robot_simulator.egg-info/top_level.txt
[0.350s] reading manifest file 'very_simple_robot_simulator.egg-info/SOURCES.txt'
[0.351s] writing manifest file 'very_simple_robot_simulator.egg-info/SOURCES.txt'
[0.375s] [100%] Built target ament_cmake_python_build_very_simple_robot_simulator_egg
[0.384s] Invoked command in '/home/maxbe/ros2_ws/build/very_simple_robot_simulator' returned '0': CMAKE_PREFIX_PATH=${CMAKE_PREFIX_PATH}:/opt/ros/humble /usr/bin/cmake --build /home/maxbe/ros2_ws/build/very_simple_robot_simulator -- -j12 -l12
[0.385s] Invoking command in '/home/maxbe/ros2_ws/build/very_simple_robot_simulator': CMAKE_PREFIX_PATH=${CMAKE_PREFIX_PATH}:/opt/ros/humble /usr/bin/cmake --install /home/maxbe/ros2_ws/build/very_simple_robot_simulator
[0.391s] -- Install configuration: ""
[0.391s] -- Execute custom install script
[0.391s] -- Up-to-date symlink: /home/maxbe/ros2_ws/install/very_simple_robot_simulator/lib/very_simple_robot_simulator/kinect_simulator
[0.391s] -- Up-to-date symlink: /home/maxbe/ros2_ws/install/very_simple_robot_simulator/lib/very_simple_robot_simulator/lidar_simulator
[0.392s] -- Up-to-date symlink: /home/maxbe/ros2_ws/install/very_simple_robot_simulator/share/very_simple_robot_simulator/environment/pythonpath.sh
[0.392s] -- Up-to-date symlink: /home/maxbe/ros2_ws/install/very_simple_robot_simulator/share/very_simple_robot_simulator/environment/pythonpath.dsv
[0.392s] -- Up-to-date symlink: /home/maxbe/ros2_ws/install/very_simple_robot_simulator/local/lib/python3.10/dist-packages/very_simple_robot_simulator-0.0.0-py3.10.egg-info/PKG-INFO
[0.392s] -- Up-to-date symlink: /home/maxbe/ros2_ws/install/very_simple_robot_simulator/local/lib/python3.10/dist-packages/very_simple_robot_simulator-0.0.0-py3.10.egg-info/SOURCES.txt
[0.392s] -- Up-to-date symlink: /home/maxbe/ros2_ws/install/very_simple_robot_simulator/local/lib/python3.10/dist-packages/very_simple_robot_simulator-0.0.0-py3.10.egg-info/dependency_links.txt
[0.393s] -- Up-to-date symlink: /home/maxbe/ros2_ws/install/very_simple_robot_simulator/local/lib/python3.10/dist-packages/very_simple_robot_simulator-0.0.0-py3.10.egg-info/top_level.txt
[0.393s] -- Up-to-date symlink: /home/maxbe/ros2_ws/install/very_simple_robot_simulator/local/lib/python3.10/dist-packages/very_simple_robot_simulator/__init__.py
[0.393s] -- Up-to-date symlink: /home/maxbe/ros2_ws/install/very_simple_robot_simulator/lib/very_simple_robot_simulator/kinect_simulator.py
[0.393s] -- Up-to-date symlink: /home/maxbe/ros2_ws/install/very_simple_robot_simulator/lib/very_simple_robot_simulator/kobuki_simulator.py
[0.394s] -- Up-to-date symlink: /home/maxbe/ros2_ws/install/very_simple_robot_simulator/lib/very_simple_robot_simulator/lidar_simulator.py
[0.394s] -- Up-to-date symlink: /home/maxbe/ros2_ws/install/very_simple_robot_simulator/lib/very_simple_robot_simulator/rangefinder.py
[0.394s] -- Up-to-date symlink: /home/maxbe/ros2_ws/install/very_simple_robot_simulator/lib/very_simple_robot_simulator/utils.py
[0.394s] -- Up-to-date symlink: /home/maxbe/ros2_ws/install/very_simple_robot_simulator/lib/very_simple_robot_simulator/world_state_gui.py
[0.394s] -- Up-to-date symlink: /home/maxbe/ros2_ws/install/very_simple_robot_simulator/share/very_simple_robot_simulator//launch/lidar_simulator.xml
[0.395s] -- Up-to-date symlink: /home/maxbe/ros2_ws/install/very_simple_robot_simulator/share/very_simple_robot_simulator//launch/minimal_simulator.xml
[0.395s] -- Up-to-date symlink: /home/maxbe/ros2_ws/install/very_simple_robot_simulator/share/very_simple_robot_simulator//launch/minimal_simulator_py.xml
[0.395s] -- Up-to-date symlink: /home/maxbe/ros2_ws/install/very_simple_robot_simulator/share/very_simple_robot_simulator//launch/openni_simulator.xml
[0.395s] -- Up-to-date symlink: /home/maxbe/ros2_ws/install/very_simple_robot_simulator/share/very_simple_robot_simulator//launch/openni_simulator_py.xml
[0.395s] -- Up-to-date symlink: /home/maxbe/ros2_ws/install/very_simple_robot_simulator/share/very_simple_robot_simulator//launch/run_all.xml
[0.396s] -- Up-to-date symlink: /home/maxbe/ros2_ws/install/very_simple_robot_simulator/share/very_simple_robot_simulator//launch/world_state.xml
[0.396s] -- Up-to-date symlink: /home/maxbe/ros2_ws/install/very_simple_robot_simulator/share/ament_index/resource_index/package_run_dependencies/very_simple_robot_simulator
[0.396s] -- Up-to-date symlink: /home/maxbe/ros2_ws/install/very_simple_robot_simulator/share/ament_index/resource_index/parent_prefix_path/very_simple_robot_simulator
[0.396s] -- Up-to-date symlink: /home/maxbe/ros2_ws/install/very_simple_robot_simulator/share/very_simple_robot_simulator/environment/ament_prefix_path.sh
[0.396s] -- Up-to-date symlink: /home/maxbe/ros2_ws/install/very_simple_robot_simulator/share/very_simple_robot_simulator/environment/ament_prefix_path.dsv
[0.396s] -- Up-to-date symlink: /home/maxbe/ros2_ws/install/very_simple_robot_simulator/share/very_simple_robot_simulator/environment/path.sh
[0.397s] -- Up-to-date symlink: /home/maxbe/ros2_ws/install/very_simple_robot_simulator/share/very_simple_robot_simulator/environment/path.dsv
[0.397s] -- Up-to-date symlink: /home/maxbe/ros2_ws/install/very_simple_robot_simulator/share/very_simple_robot_simulator/local_setup.bash
[0.397s] -- Up-to-date symlink: /home/maxbe/ros2_ws/install/very_simple_robot_simulator/share/very_simple_robot_simulator/local_setup.sh
[0.397s] -- Up-to-date symlink: /home/maxbe/ros2_ws/install/very_simple_robot_simulator/share/very_simple_robot_simulator/local_setup.zsh
[0.397s] -- Up-to-date symlink: /home/maxbe/ros2_ws/install/very_simple_robot_simulator/share/very_simple_robot_simulator/local_setup.dsv
[0.397s] -- Symlinking: /home/maxbe/ros2_ws/install/very_simple_robot_simulator/share/very_simple_robot_simulator/package.dsv
[0.403s] -- Up-to-date symlink: /home/maxbe/ros2_ws/install/very_simple_robot_simulator/share/ament_index/resource_index/packages/very_simple_robot_simulator
[0.404s] -- Up-to-date symlink: /home/maxbe/ros2_ws/install/very_simple_robot_simulator/share/very_simple_robot_simulator/cmake/very_simple_robot_simulatorConfig.cmake
[0.404s] -- Up-to-date symlink: /home/maxbe/ros2_ws/install/very_simple_robot_simulator/share/very_simple_robot_simulator/cmake/very_simple_robot_simulatorConfig-version.cmake
[0.404s] -- Up-to-date symlink: /home/maxbe/ros2_ws/install/very_simple_robot_simulator/share/very_simple_robot_simulator/package.xml
[0.428s] Listing '/home/maxbe/ros2_ws/install/very_simple_robot_simulator/local/lib/python3.10/dist-packages/very_simple_robot_simulator'...
[0.433s] Invoked command in '/home/maxbe/ros2_ws/build/very_simple_robot_simulator' returned '0': CMAKE_PREFIX_PATH=${CMAKE_PREFIX_PATH}:/opt/ros/humble /usr/bin/cmake --install /home/maxbe/ros2_ws/build/very_simple_robot_simulator
