[0.025s] Invoking command in '/home/maxbe/ros2_ws/build/cmd_vel_mux': CMAKE_PREFIX_PATH=${CMAKE_PREFIX_PATH}:/opt/ros/humble /usr/bin/cmake --build /home/maxbe/ros2_ws/build/cmd_vel_mux -- -j12 -l12
[0.155s] [ 25%] [32mBuilding CXX object CMakeFiles/cmd_vel_mux.dir/src/cmd_vel_mux.cpp.o[0m
[0.155s] [ 50%] [32mBuilding CXX object CMakeFiles/cmd_vel_mux_node.dir/rclcpp_components/node_main_cmd_vel_mux_node.cpp.o[0m
[3.353s] [ 75%] [32m[1mLinking CXX executable cmd_vel_mux_node[0m
[3.585s] [ 75%] Built target cmd_vel_mux_node
[8.114s] [100%] [32m[1mLinking CXX shared library libcmd_vel_mux.so[0m
[8.529s] [100%] Built target cmd_vel_mux
[8.537s] Invoked command in '/home/maxbe/ros2_ws/build/cmd_vel_mux' returned '0': CMAKE_PREFIX_PATH=${CMAKE_PREFIX_PATH}:/opt/ros/humble /usr/bin/cmake --build /home/maxbe/ros2_ws/build/cmd_vel_mux -- -j12 -l12
[8.538s] Invoking command in '/home/maxbe/ros2_ws/build/cmd_vel_mux': CMAKE_PREFIX_PATH=${CMAKE_PREFIX_PATH}:/opt/ros/humble /usr/bin/cmake --install /home/maxbe/ros2_ws/build/cmd_vel_mux
[8.543s] -- Install configuration: ""
[8.543s] -- Execute custom install script
[8.544s] -- Up-to-date symlink: /home/maxbe/ros2_ws/install/cmd_vel_mux/lib/cmd_vel_mux/cmd_vel_mux_node
[8.544s] -- Up-to-date symlink: /home/maxbe/ros2_ws/install/cmd_vel_mux/lib/libcmd_vel_mux.so
[8.545s] -- Up-to-date symlink: /home/maxbe/ros2_ws/install/cmd_vel_mux/include/cmd_vel_mux/cmd_vel_mux.hpp
[8.545s] -- Up-to-date symlink: /home/maxbe/ros2_ws/install/cmd_vel_mux/share/cmd_vel_mux/config/cmd_vel_mux_params.yaml
[8.546s] -- Up-to-date symlink: /home/maxbe/ros2_ws/install/cmd_vel_mux/share/cmd_vel_mux/launch/cmd_vel_mux-composed-launch.py
[8.546s] -- Up-to-date symlink: /home/maxbe/ros2_ws/install/cmd_vel_mux/share/cmd_vel_mux/launch/cmd_vel_mux-launch.py
[8.547s] -- Up-to-date symlink: /home/maxbe/ros2_ws/install/cmd_vel_mux/share/ament_index/resource_index/package_run_dependencies/cmd_vel_mux
[8.547s] -- Up-to-date symlink: /home/maxbe/ros2_ws/install/cmd_vel_mux/share/ament_index/resource_index/parent_prefix_path/cmd_vel_mux
[8.547s] -- Up-to-date symlink: /home/maxbe/ros2_ws/install/cmd_vel_mux/share/cmd_vel_mux/environment/ament_prefix_path.sh
[8.548s] -- Up-to-date symlink: /home/maxbe/ros2_ws/install/cmd_vel_mux/share/cmd_vel_mux/environment/ament_prefix_path.dsv
[8.548s] -- Up-to-date symlink: /home/maxbe/ros2_ws/install/cmd_vel_mux/share/cmd_vel_mux/environment/path.sh
[8.548s] -- Up-to-date symlink: /home/maxbe/ros2_ws/install/cmd_vel_mux/share/cmd_vel_mux/environment/path.dsv
[8.549s] -- Up-to-date symlink: /home/maxbe/ros2_ws/install/cmd_vel_mux/share/cmd_vel_mux/local_setup.bash
[8.549s] -- Up-to-date symlink: /home/maxbe/ros2_ws/install/cmd_vel_mux/share/cmd_vel_mux/local_setup.sh
[8.549s] -- Up-to-date symlink: /home/maxbe/ros2_ws/install/cmd_vel_mux/share/cmd_vel_mux/local_setup.zsh
[8.549s] -- Up-to-date symlink: /home/maxbe/ros2_ws/install/cmd_vel_mux/share/cmd_vel_mux/local_setup.dsv
[8.550s] -- Symlinking: /home/maxbe/ros2_ws/install/cmd_vel_mux/share/cmd_vel_mux/package.dsv
[8.555s] -- Up-to-date symlink: /home/maxbe/ros2_ws/install/cmd_vel_mux/share/ament_index/resource_index/packages/cmd_vel_mux
[8.556s] -- Up-to-date symlink: /home/maxbe/ros2_ws/install/cmd_vel_mux/share/ament_index/resource_index/rclcpp_components/cmd_vel_mux
[8.556s] -- Up-to-date symlink: /home/maxbe/ros2_ws/install/cmd_vel_mux/share/cmd_vel_mux/cmake/cmd_vel_muxConfig.cmake
[8.557s] -- Up-to-date symlink: /home/maxbe/ros2_ws/install/cmd_vel_mux/share/cmd_vel_mux/cmake/cmd_vel_muxConfig-version.cmake
[8.557s] -- Up-to-date symlink: /home/maxbe/ros2_ws/install/cmd_vel_mux/share/cmd_vel_mux/package.xml
[8.558s] Invoked command in '/home/maxbe/ros2_ws/build/cmd_vel_mux' returned '0': CMAKE_PREFIX_PATH=${CMAKE_PREFIX_PATH}:/opt/ros/humble /usr/bin/cmake --install /home/maxbe/ros2_ws/build/cmd_vel_mux
