[0.023s] Invoking command in '/home/maxbe/ros2_ws/build/lab2': CMAKE_PREFIX_PATH=${CMAKE_PREFIX_PATH}:/opt/ros/humble /usr/bin/cmake --build /home/maxbe/ros2_ws/build/lab2 -- -j12 -l12
[0.082s] Invoked command in '/home/maxbe/ros2_ws/build/lab2' returned '0': CMAKE_PREFIX_PATH=${CMAKE_PREFIX_PATH}:/opt/ros/humble /usr/bin/cmake --build /home/maxbe/ros2_ws/build/lab2 -- -j12 -l12
[0.089s] Invoking command in '/home/maxbe/ros2_ws/build/lab2': CMAKE_PREFIX_PATH=${CMAKE_PREFIX_PATH}:/opt/ros/humble /usr/bin/cmake --install /home/maxbe/ros2_ws/build/lab2
[0.095s] -- Install configuration: ""
[0.097s] -- Execute custom install script
[0.097s] -- Up-to-date symlink: /home/maxbe/ros2_ws/install/lab2/lib/lab2/desplazador.py
[0.097s] -- Up-to-date symlink: /home/maxbe/ros2_ws/install/lab2/lib/lab2/pose_loader.py
[0.098s] -- Up-to-date symlink: /home/maxbe/ros2_ws/install/lab2/lib/lab2/pub_velocidad.py
[0.098s] -- Up-to-date symlink: /home/maxbe/ros2_ws/install/lab2/lib/lab2/pid.py
[0.098s] -- Up-to-date symlink: /home/maxbe/ros2_ws/install/lab2/lib/lab2/run_all.py
[0.099s] -- Up-to-date symlink: /home/maxbe/ros2_ws/install/lab2/lib/lab2/wall_detector.py
[0.099s] -- Up-to-date symlink: /home/maxbe/ros2_ws/install/lab2/lib/lab2/data_recorder.py
[0.099s] -- Up-to-date symlink: /home/maxbe/ros2_ws/install/lab2/lib/lab2/run_all_2.py
[0.099s] -- Up-to-date symlink: /home/maxbe/ros2_ws/install/lab2/lib/lab2/run_all_3.py
[0.101s] -- Up-to-date symlink: /home/maxbe/ros2_ws/install/lab2/share/lab2//launch/avanzar_y_rotar_ctrl.xml
[0.101s] -- Up-to-date symlink: /home/maxbe/ros2_ws/install/lab2/share/lab2//launch/correr_nodos.xml
[0.101s] -- Up-to-date symlink: /home/maxbe/ros2_ws/install/lab2/share/lab2//launch/dead_reckoning.xml
[0.101s] -- Up-to-date symlink: /home/maxbe/ros2_ws/install/lab2/share/lab2//launch/follow_the_carrot.xml
[0.102s] -- Up-to-date symlink: /home/maxbe/ros2_ws/install/lab2/share/lab2//launch/navegacion_pasillo.xml
[0.103s] -- Up-to-date symlink: /home/maxbe/ros2_ws/install/lab2/share/lab2//launch/obstacle_detector.xml
[0.103s] -- Up-to-date symlink: /home/maxbe/ros2_ws/install/lab2/share/lab2//launch/run_all.xml
[0.103s] -- Symlinking: /home/maxbe/ros2_ws/install/lab2/share/lab2/config/path_line.txt
[0.109s] -- Symlinking: /home/maxbe/ros2_ws/install/lab2/share/lab2/config/path_sin.txt
[0.116s] -- Symlinking: /home/maxbe/ros2_ws/install/lab2/share/lab2/config/path_sqrt.txt
[0.121s] -- Up-to-date symlink: /home/maxbe/ros2_ws/install/lab2/share/lab2/config/poses.txt
[0.121s] -- Up-to-date symlink: /home/maxbe/ros2_ws/install/lab2/share/ament_index/resource_index/package_run_dependencies/lab2
[0.122s] -- Up-to-date symlink: /home/maxbe/ros2_ws/install/lab2/share/ament_index/resource_index/parent_prefix_path/lab2
[0.122s] -- Up-to-date symlink: /home/maxbe/ros2_ws/install/lab2/share/lab2/environment/ament_prefix_path.sh
[0.123s] -- Up-to-date symlink: /home/maxbe/ros2_ws/install/lab2/share/lab2/environment/ament_prefix_path.dsv
[0.123s] -- Up-to-date symlink: /home/maxbe/ros2_ws/install/lab2/share/lab2/environment/path.sh
[0.123s] -- Up-to-date symlink: /home/maxbe/ros2_ws/install/lab2/share/lab2/environment/path.dsv
[0.124s] -- Up-to-date symlink: /home/maxbe/ros2_ws/install/lab2/share/lab2/local_setup.bash
[0.124s] -- Up-to-date symlink: /home/maxbe/ros2_ws/install/lab2/share/lab2/local_setup.sh
[0.124s] -- Up-to-date symlink: /home/maxbe/ros2_ws/install/lab2/share/lab2/local_setup.zsh
[0.125s] -- Up-to-date symlink: /home/maxbe/ros2_ws/install/lab2/share/lab2/local_setup.dsv
[0.125s] -- Symlinking: /home/maxbe/ros2_ws/install/lab2/share/lab2/package.dsv
[0.130s] -- Up-to-date symlink: /home/maxbe/ros2_ws/install/lab2/share/ament_index/resource_index/packages/lab2
[0.131s] -- Up-to-date symlink: /home/maxbe/ros2_ws/install/lab2/share/lab2/cmake/lab2Config.cmake
[0.131s] -- Up-to-date symlink: /home/maxbe/ros2_ws/install/lab2/share/lab2/cmake/lab2Config-version.cmake
[0.131s] -- Up-to-date symlink: /home/maxbe/ros2_ws/install/lab2/share/lab2/package.xml
[0.159s] Invoked command in '/home/maxbe/ros2_ws/build/lab2' returned '0': CMAKE_PREFIX_PATH=${CMAKE_PREFIX_PATH}:/opt/ros/humble /usr/bin/cmake --install /home/maxbe/ros2_ws/build/lab2
