[0.028s] Invoking command in '/home/maxbe/ros2_ws/build/cmd_vel_mux': CMAKE_PREFIX_PATH=${CMAKE_PREFIX_PATH}:/opt/ros/humble /usr/bin/cmake --build /home/maxbe/ros2_ws/build/cmd_vel_mux -- -j12 -l12
[0.101s] [ 50%] Built target cmd_vel_mux_node
[0.102s] [100%] Built target cmd_vel_mux
[0.115s] Invoked command in '/home/maxbe/ros2_ws/build/cmd_vel_mux' returned '0': CMAKE_PREFIX_PATH=${CMAKE_PREFIX_PATH}:/opt/ros/humble /usr/bin/cmake --build /home/maxbe/ros2_ws/build/cmd_vel_mux -- -j12 -l12
[0.117s] Invoking command in '/home/maxbe/ros2_ws/build/cmd_vel_mux': CMAKE_PREFIX_PATH=${CMAKE_PREFIX_PATH}:/opt/ros/humble /usr/bin/cmake --install /home/maxbe/ros2_ws/build/cmd_vel_mux
[0.124s] -- Install configuration: ""
[0.125s] -- Execute custom install script
[0.126s] -- Up-to-date symlink: /home/maxbe/ros2_ws/install/cmd_vel_mux/lib/cmd_vel_mux/cmd_vel_mux_node
[0.126s] -- Up-to-date symlink: /home/maxbe/ros2_ws/install/cmd_vel_mux/lib/libcmd_vel_mux.so
[0.126s] -- Up-to-date symlink: /home/maxbe/ros2_ws/install/cmd_vel_mux/include/cmd_vel_mux/cmd_vel_mux.hpp
[0.127s] -- Up-to-date symlink: /home/maxbe/ros2_ws/install/cmd_vel_mux/share/cmd_vel_mux/config/cmd_vel_mux_params.yaml
[0.128s] -- Up-to-date symlink: /home/maxbe/ros2_ws/install/cmd_vel_mux/share/cmd_vel_mux/launch/cmd_vel_mux-composed-launch.py
[0.128s] -- Up-to-date symlink: /home/maxbe/ros2_ws/install/cmd_vel_mux/share/cmd_vel_mux/launch/cmd_vel_mux-launch.py
[0.129s] -- Up-to-date symlink: /home/maxbe/ros2_ws/install/cmd_vel_mux/share/ament_index/resource_index/package_run_dependencies/cmd_vel_mux
[0.130s] -- Up-to-date symlink: /home/maxbe/ros2_ws/install/cmd_vel_mux/share/ament_index/resource_index/parent_prefix_path/cmd_vel_mux
[0.130s] -- Up-to-date symlink: /home/maxbe/ros2_ws/install/cmd_vel_mux/share/cmd_vel_mux/environment/ament_prefix_path.sh
[0.130s] -- Up-to-date symlink: /home/maxbe/ros2_ws/install/cmd_vel_mux/share/cmd_vel_mux/environment/ament_prefix_path.dsv
[0.130s] -- Up-to-date symlink: /home/maxbe/ros2_ws/install/cmd_vel_mux/share/cmd_vel_mux/environment/path.sh
[0.130s] -- Up-to-date symlink: /home/maxbe/ros2_ws/install/cmd_vel_mux/share/cmd_vel_mux/environment/path.dsv
[0.131s] -- Up-to-date symlink: /home/maxbe/ros2_ws/install/cmd_vel_mux/share/cmd_vel_mux/local_setup.bash
[0.131s] -- Up-to-date symlink: /home/maxbe/ros2_ws/install/cmd_vel_mux/share/cmd_vel_mux/local_setup.sh
[0.132s] -- Up-to-date symlink: /home/maxbe/ros2_ws/install/cmd_vel_mux/share/cmd_vel_mux/local_setup.zsh
[0.132s] -- Up-to-date symlink: /home/maxbe/ros2_ws/install/cmd_vel_mux/share/cmd_vel_mux/local_setup.dsv
[0.132s] -- Symlinking: /home/maxbe/ros2_ws/install/cmd_vel_mux/share/cmd_vel_mux/package.dsv
[0.138s] -- Up-to-date symlink: /home/maxbe/ros2_ws/install/cmd_vel_mux/share/ament_index/resource_index/packages/cmd_vel_mux
[0.139s] -- Up-to-date symlink: /home/maxbe/ros2_ws/install/cmd_vel_mux/share/ament_index/resource_index/rclcpp_components/cmd_vel_mux
[0.139s] -- Up-to-date symlink: /home/maxbe/ros2_ws/install/cmd_vel_mux/share/cmd_vel_mux/cmake/cmd_vel_muxConfig.cmake
[0.140s] -- Up-to-date symlink: /home/maxbe/ros2_ws/install/cmd_vel_mux/share/cmd_vel_mux/cmake/cmd_vel_muxConfig-version.cmake
[0.140s] -- Up-to-date symlink: /home/maxbe/ros2_ws/install/cmd_vel_mux/share/cmd_vel_mux/package.xml
[0.160s] Invoked command in '/home/maxbe/ros2_ws/build/cmd_vel_mux' returned '0': CMAKE_PREFIX_PATH=${CMAKE_PREFIX_PATH}:/opt/ros/humble /usr/bin/cmake --install /home/maxbe/ros2_ws/build/cmd_vel_mux
