-- Install configuration: ""
-- Execute custom install script
-- Up-to-date symlink: /home/maxbe/ros2_ws/install/pid_god/lib/pid_god/virtual_robot
-- Up-to-date symlink: /home/maxbe/ros2_ws/install/pid_god/lib/pid_god/pid
-- Up-to-date symlink: /home/maxbe/ros2_ws/install/pid_god/share/pid_god//launch/launch.xml
-- Up-to-date symlink: /home/maxbe/ros2_ws/install/pid_god/share/ament_index/resource_index/package_run_dependencies/pid_god
-- Up-to-date symlink: /home/maxbe/ros2_ws/install/pid_god/share/ament_index/resource_index/parent_prefix_path/pid_god
-- Up-to-date symlink: /home/maxbe/ros2_ws/install/pid_god/share/pid_god/environment/ament_prefix_path.sh
-- Up-to-date symlink: /home/maxbe/ros2_ws/install/pid_god/share/pid_god/environment/ament_prefix_path.dsv
-- Up-to-date symlink: /home/maxbe/ros2_ws/install/pid_god/share/pid_god/environment/path.sh
-- Up-to-date symlink: /home/maxbe/ros2_ws/install/pid_god/share/pid_god/environment/path.dsv
-- Up-to-date symlink: /home/maxbe/ros2_ws/install/pid_god/share/pid_god/local_setup.bash
-- Up-to-date symlink: /home/maxbe/ros2_ws/install/pid_god/share/pid_god/local_setup.sh
-- Up-to-date symlink: /home/maxbe/ros2_ws/install/pid_god/share/pid_god/local_setup.zsh
-- Up-to-date symlink: /home/maxbe/ros2_ws/install/pid_god/share/pid_god/local_setup.dsv
-- Symlinking: /home/maxbe/ros2_ws/install/pid_god/share/pid_god/package.dsv
-- Up-to-date symlink: /home/maxbe/ros2_ws/install/pid_god/share/ament_index/resource_index/packages/pid_god
-- Up-to-date symlink: /home/maxbe/ros2_ws/install/pid_god/share/pid_god/cmake/pid_godConfig.cmake
-- Up-to-date symlink: /home/maxbe/ros2_ws/install/pid_god/share/pid_god/cmake/pid_godConfig-version.cmake
-- Up-to-date symlink: /home/maxbe/ros2_ws/install/pid_god/share/pid_god/package.xml
