[0.019s] Invoking command in '/home/maxbe/ros2_ws/build/lab2': CMAKE_PREFIX_PATH=${CMAKE_PREFIX_PATH}:/opt/ros/humble /usr/bin/cmake /home/maxbe/ros2_ws/src/lab2 -DAMENT_CMAKE_SYMLINK_INSTALL=1 -DCMAKE_INSTALL_PREFIX=/home/maxbe/ros2_ws/install/lab2
[0.031s] -- Found ament_cmake: 1.3.11 (/opt/ros/humble/share/ament_cmake/cmake)
[0.130s] -- Override CMake install command with custom implementation using symlinks instead of copying resources
[0.135s] -- Found rclpy: 3.3.16 (/opt/ros/humble/share/rclpy/cmake)
[0.135s] -- Found std_msgs: 4.8.0 (/opt/ros/humble/share/std_msgs/cmake)
[0.263s] -- Found rosidl_generator_c: 3.1.6 (/opt/ros/humble/share/rosidl_generator_c/cmake)
[0.265s] -- Found rosidl_adapter: 3.1.6 (/opt/ros/humble/share/rosidl_adapter/cmake)
[0.270s] -- Found rosidl_generator_cpp: 3.1.6 (/opt/ros/humble/share/rosidl_generator_cpp/cmake)
[0.276s] -- Using all available rosidl_typesupport_c: rosidl_typesupport_fastrtps_c;rosidl_typesupport_introspection_c
[0.285s] -- Using all available rosidl_typesupport_cpp: rosidl_typesupport_fastrtps_cpp;rosidl_typesupport_introspection_cpp
[0.303s] -- Found geometry_msgs: 4.8.0 (/opt/ros/humble/share/geometry_msgs/cmake)
[0.319s] -- Found nav_msgs: 4.8.0 (/opt/ros/humble/share/nav_msgs/cmake)
[0.338s] -- Found ament_lint_auto: 0.12.12 (/opt/ros/humble/share/ament_lint_auto/cmake)
[0.408s] -- Added test 'flake8' to check Python code syntax and style conventions
[0.409s] -- Added test 'lint_cmake' to check CMake code style
[0.410s] -- Added test 'pep257' to check Python code against some of the docstring style conventions in PEP 257
[0.412s] -- Added test 'xmllint' to check XML markup files
[0.414s] -- Configuring done
[0.420s] -- Generating done
[0.421s] -- Build files have been written to: /home/maxbe/ros2_ws/build/lab2
[0.425s] Invoked command in '/home/maxbe/ros2_ws/build/lab2' returned '0': CMAKE_PREFIX_PATH=${CMAKE_PREFIX_PATH}:/opt/ros/humble /usr/bin/cmake /home/maxbe/ros2_ws/src/lab2 -DAMENT_CMAKE_SYMLINK_INSTALL=1 -DCMAKE_INSTALL_PREFIX=/home/maxbe/ros2_ws/install/lab2
[0.426s] Invoking command in '/home/maxbe/ros2_ws/build/lab2': CMAKE_PREFIX_PATH=${CMAKE_PREFIX_PATH}:/opt/ros/humble /usr/bin/cmake --build /home/maxbe/ros2_ws/build/lab2 -- -j12 -l12
[0.456s] Invoked command in '/home/maxbe/ros2_ws/build/lab2' returned '0': CMAKE_PREFIX_PATH=${CMAKE_PREFIX_PATH}:/opt/ros/humble /usr/bin/cmake --build /home/maxbe/ros2_ws/build/lab2 -- -j12 -l12
[0.457s] Invoking command in '/home/maxbe/ros2_ws/build/lab2': CMAKE_PREFIX_PATH=${CMAKE_PREFIX_PATH}:/opt/ros/humble /usr/bin/cmake --install /home/maxbe/ros2_ws/build/lab2
[0.462s] -- Install configuration: ""
[0.462s] -- Execute custom install script
[0.463s] -- Symlinking: /home/maxbe/ros2_ws/install/lab2/lib/lab2/desplazador.py
[0.470s] -- Symlinking: /home/maxbe/ros2_ws/install/lab2/lib/lab2/pose_loader.py
[0.474s] [31mCMake Error at ament_cmake_symlink_install/ament_cmake_symlink_install.cmake:204 (message):
[0.475s]   ament_cmake_symlink_install_programs() can't find
[0.475s]   '/home/maxbe/ros2_ws/src/lab2/scripts/pub_velocity.py'
[0.475s] Call Stack (most recent call first):
[0.475s]   ament_cmake_symlink_install/ament_cmake_symlink_install.cmake:314 (ament_cmake_symlink_install_programs)
[0.475s]   cmake_install.cmake:46 (include)
[0.475s] 
[0.475s] [0m
[0.476s] Invoked command in '/home/maxbe/ros2_ws/build/lab2' returned '1': CMAKE_PREFIX_PATH=${CMAKE_PREFIX_PATH}:/opt/ros/humble /usr/bin/cmake --install /home/maxbe/ros2_ws/build/lab2
