[0.022s] Invoking command in '/home/maxbe/ros2_ws/build/lab1': CMAKE_PREFIX_PATH=${CMAKE_PREFIX_PATH}:/opt/ros/humble /usr/bin/cmake --build /home/maxbe/ros2_ws/build/lab1 -- -j12 -l12
[0.089s] Built target ament_cmake_python_symlink_lab1
[0.275s] running egg_info
[0.275s] writing lab1.egg-info/PKG-INFO
[0.276s] writing dependency_links to lab1.egg-info/dependency_links.txt
[0.276s] writing top-level names to lab1.egg-info/top_level.txt
[0.278s] reading manifest file 'lab1.egg-info/SOURCES.txt'
[0.279s] writing manifest file 'lab1.egg-info/SOURCES.txt'
[0.296s] Built target ament_cmake_python_build_lab1_egg
[0.302s] Invoked command in '/home/maxbe/ros2_ws/build/lab1' returned '0': CMAKE_PREFIX_PATH=${CMAKE_PREFIX_PATH}:/opt/ros/humble /usr/bin/cmake --build /home/maxbe/ros2_ws/build/lab1 -- -j12 -l12
[0.304s] Invoking command in '/home/maxbe/ros2_ws/build/lab1': CMAKE_PREFIX_PATH=${CMAKE_PREFIX_PATH}:/opt/ros/humble /usr/bin/cmake --install /home/maxbe/ros2_ws/build/lab1
[0.310s] -- Install configuration: ""
[0.310s] -- Execute custom install script
[0.310s] -- Up-to-date symlink: /home/maxbe/ros2_ws/install/lab1/share/lab1/environment/pythonpath.sh
[0.310s] -- Up-to-date symlink: /home/maxbe/ros2_ws/install/lab1/share/lab1/environment/pythonpath.dsv
[0.311s] -- Up-to-date symlink: /home/maxbe/ros2_ws/install/lab1/local/lib/python3.10/dist-packages/lab1-0.0.0-py3.10.egg-info/PKG-INFO
[0.311s] -- Up-to-date symlink: /home/maxbe/ros2_ws/install/lab1/local/lib/python3.10/dist-packages/lab1-0.0.0-py3.10.egg-info/SOURCES.txt
[0.311s] -- Up-to-date symlink: /home/maxbe/ros2_ws/install/lab1/local/lib/python3.10/dist-packages/lab1-0.0.0-py3.10.egg-info/dependency_links.txt
[0.311s] -- Up-to-date symlink: /home/maxbe/ros2_ws/install/lab1/local/lib/python3.10/dist-packages/lab1-0.0.0-py3.10.egg-info/top_level.txt
[0.312s] -- Up-to-date symlink: /home/maxbe/ros2_ws/install/lab1/local/lib/python3.10/dist-packages/lab1/__init__.py
[0.312s] -- Up-to-date symlink: /home/maxbe/ros2_ws/install/lab1/lib/lab1/data_recorder.py
[0.312s] -- Up-to-date symlink: /home/maxbe/ros2_ws/install/lab1/lib/lab1/dead_reckoning_nav.py
[0.312s] -- Up-to-date symlink: /home/maxbe/ros2_ws/install/lab1/lib/lab1/obstacle_detector.py
[0.313s] -- Up-to-date symlink: /home/maxbe/ros2_ws/install/lab1/lib/lab1/pose_loader.py
[0.313s] -- Up-to-date symlink: /home/maxbe/ros2_ws/install/lab1/lib/lab1/run_all.py
[0.313s] -- Up-to-date symlink: /home/maxbe/ros2_ws/install/lab1/lib/lab1/teleop_nav.py
[0.313s] -- Up-to-date symlink: /home/maxbe/ros2_ws/install/lab1/lib/lab1/dead_reckoning_nav.py
[0.313s] -- Up-to-date symlink: /home/maxbe/ros2_ws/install/lab1/lib/lab1/obstacle_detector.py
[0.313s] -- Up-to-date symlink: /home/maxbe/ros2_ws/install/lab1/lib/lab1/pose_loader.py
[0.313s] -- Up-to-date symlink: /home/maxbe/ros2_ws/install/lab1/lib/lab1/data_recorder.py
[0.313s] -- Up-to-date symlink: /home/maxbe/ros2_ws/install/lab1/lib/lab1/teleop_nav.py
[0.313s] -- Up-to-date symlink: /home/maxbe/ros2_ws/install/lab1/lib/lab1/obstacle_detector.py
[0.314s] -- Up-to-date symlink: /home/maxbe/ros2_ws/install/lab1/share/lab1//launch/accion_y_percepcion.xml
[0.314s] -- Up-to-date symlink: /home/maxbe/ros2_ws/install/lab1/share/lab1//launch/avanzar_y_rotar.xml
[0.314s] -- Up-to-date symlink: /home/maxbe/ros2_ws/install/lab1/share/lab1//launch/correr_nodos.xml
[0.314s] -- Up-to-date symlink: /home/maxbe/ros2_ws/install/lab1/share/lab1//launch/dead_reckoning.xml
[0.314s] -- Up-to-date symlink: /home/maxbe/ros2_ws/install/lab1/share/lab1//launch/obstacle_detector.xml
[0.315s] -- Up-to-date symlink: /home/maxbe/ros2_ws/install/lab1/share/lab1//launch/run_all.xml
[0.315s] -- Up-to-date symlink: /home/maxbe/ros2_ws/install/lab1/share/lab1/config/poses.txt
[0.315s] -- Up-to-date symlink: /home/maxbe/ros2_ws/install/lab1/share/ament_index/resource_index/package_run_dependencies/lab1
[0.315s] -- Up-to-date symlink: /home/maxbe/ros2_ws/install/lab1/share/ament_index/resource_index/parent_prefix_path/lab1
[0.316s] -- Up-to-date symlink: /home/maxbe/ros2_ws/install/lab1/share/lab1/environment/ament_prefix_path.sh
[0.316s] -- Up-to-date symlink: /home/maxbe/ros2_ws/install/lab1/share/lab1/environment/ament_prefix_path.dsv
[0.317s] -- Up-to-date symlink: /home/maxbe/ros2_ws/install/lab1/share/lab1/environment/path.sh
[0.317s] -- Up-to-date symlink: /home/maxbe/ros2_ws/install/lab1/share/lab1/environment/path.dsv
[0.317s] -- Up-to-date symlink: /home/maxbe/ros2_ws/install/lab1/share/lab1/local_setup.bash
[0.318s] -- Up-to-date symlink: /home/maxbe/ros2_ws/install/lab1/share/lab1/local_setup.sh
[0.318s] -- Up-to-date symlink: /home/maxbe/ros2_ws/install/lab1/share/lab1/local_setup.zsh
[0.319s] -- Up-to-date symlink: /home/maxbe/ros2_ws/install/lab1/share/lab1/local_setup.dsv
[0.319s] -- Symlinking: /home/maxbe/ros2_ws/install/lab1/share/lab1/package.dsv
[0.326s] -- Up-to-date symlink: /home/maxbe/ros2_ws/install/lab1/share/ament_index/resource_index/packages/lab1
[0.326s] -- Up-to-date symlink: /home/maxbe/ros2_ws/install/lab1/share/lab1/cmake/lab1Config.cmake
[0.327s] -- Up-to-date symlink: /home/maxbe/ros2_ws/install/lab1/share/lab1/cmake/lab1Config-version.cmake
[0.327s] -- Up-to-date symlink: /home/maxbe/ros2_ws/install/lab1/share/lab1/package.xml
[0.353s] Listing '/home/maxbe/ros2_ws/install/lab1/local/lib/python3.10/dist-packages/lab1'...
[0.358s] Invoked command in '/home/maxbe/ros2_ws/build/lab1' returned '0': CMAKE_PREFIX_PATH=${CMAKE_PREFIX_PATH}:/opt/ros/humble /usr/bin/cmake --install /home/maxbe/ros2_ws/build/lab1
