[0.264s] DEBUG:colcon:Command line arguments: ['/usr/bin/colcon', 'build', '--symlink-install']
[0.264s] DEBUG:colcon:Parsed command line arguments: Namespace(log_base=None, log_level=None, verb_name='build', build_base='build', install_base='install', merge_install=False, symlink_install=True, test_result_base=None, continue_on_error=False, executor='parallel', parallel_workers=12, event_handlers=None, ignore_user_meta=False, metas=['./colcon.meta'], base_paths=['.'], packages_ignore=None, packages_ignore_regex=None, paths=None, packages_up_to=None, packages_up_to_regex=None, packages_above=None, packages_above_and_dependencies=None, packages_above_depth=None, packages_select_by_dep=None, packages_skip_by_dep=None, packages_skip_up_to=None, packages_select_build_failed=False, packages_skip_build_finished=False, packages_select_test_failures=False, packages_skip_test_passed=False, packages_select=None, packages_skip=None, packages_select_regex=None, packages_skip_regex=None, packages_start=None, packages_end=None, allow_overriding=[], cmake_args=None, cmake_target=None, cmake_target_skip_unavailable=False, cmake_clean_cache=False, cmake_clean_first=False, cmake_force_configure=False, ament_cmake_args=None, catkin_cmake_args=None, catkin_skip_building_tests=False, mixin_files=None, mixin=None, verb_parser=<colcon_mixin.mixin.mixin_argument.MixinArgumentDecorator object at 0x7efca09b9780>, verb_extension=<colcon_core.verb.build.BuildVerb object at 0x7efca09b91b0>, main=<bound method BuildVerb.main of <colcon_core.verb.build.BuildVerb object at 0x7efca09b91b0>>, mixin_verb=('build',))
[0.522s] Level 1:colcon.colcon_core.package_discovery:discover_packages(colcon_meta) check parameters
[0.522s] Level 1:colcon.colcon_core.package_discovery:discover_packages(recursive) check parameters
[0.522s] Level 1:colcon.colcon_core.package_discovery:discover_packages(ignore) check parameters
[0.522s] Level 1:colcon.colcon_core.package_discovery:discover_packages(path) check parameters
[0.522s] Level 1:colcon.colcon_core.package_discovery:discover_packages(colcon_meta) discover
[0.522s] Level 1:colcon.colcon_core.package_discovery:discover_packages(recursive) discover
[0.522s] INFO:colcon.colcon_core.package_discovery:Crawling recursively for packages in '/home/maxbe/ros2_ws'
[0.522s] Level 1:colcon.colcon_core.package_identification:_identify(.) by extensions ['ignore', 'ignore_ament_install']
[0.522s] Level 1:colcon.colcon_core.package_identification:_identify(.) by extension 'ignore'
[0.522s] Level 1:colcon.colcon_core.package_identification:_identify(.) by extension 'ignore_ament_install'
[0.522s] Level 1:colcon.colcon_core.package_identification:_identify(.) by extensions ['colcon_pkg']
[0.522s] Level 1:colcon.colcon_core.package_identification:_identify(.) by extension 'colcon_pkg'
[0.522s] Level 1:colcon.colcon_core.package_identification:_identify(.) by extensions ['colcon_meta']
[0.522s] Level 1:colcon.colcon_core.package_identification:_identify(.) by extension 'colcon_meta'
[0.522s] Level 1:colcon.colcon_core.package_identification:_identify(.) by extensions ['ros']
[0.522s] Level 1:colcon.colcon_core.package_identification:_identify(.) by extension 'ros'
[0.533s] Level 1:colcon.colcon_core.package_identification:_identify(.) by extensions ['cmake', 'python']
[0.533s] Level 1:colcon.colcon_core.package_identification:_identify(.) by extension 'cmake'
[0.533s] Level 1:colcon.colcon_core.package_identification:_identify(.) by extension 'python'
[0.533s] Level 1:colcon.colcon_core.package_identification:_identify(.) by extensions ['python_setup_py']
[0.533s] Level 1:colcon.colcon_core.package_identification:_identify(.) by extension 'python_setup_py'
[0.534s] Level 1:colcon.colcon_core.package_identification:_identify(build) by extensions ['ignore', 'ignore_ament_install']
[0.534s] Level 1:colcon.colcon_core.package_identification:_identify(build) by extension 'ignore'
[0.534s] Level 1:colcon.colcon_core.package_identification:_identify(build) ignored
[0.534s] Level 1:colcon.colcon_core.package_identification:_identify(install) by extensions ['ignore', 'ignore_ament_install']
[0.534s] Level 1:colcon.colcon_core.package_identification:_identify(install) by extension 'ignore'
[0.534s] Level 1:colcon.colcon_core.package_identification:_identify(install) ignored
[0.534s] Level 1:colcon.colcon_core.package_identification:_identify(log) by extensions ['ignore', 'ignore_ament_install']
[0.534s] Level 1:colcon.colcon_core.package_identification:_identify(log) by extension 'ignore'
[0.535s] Level 1:colcon.colcon_core.package_identification:_identify(log) ignored
[0.535s] Level 1:colcon.colcon_core.package_identification:_identify(src) by extensions ['ignore', 'ignore_ament_install']
[0.535s] Level 1:colcon.colcon_core.package_identification:_identify(src) by extension 'ignore'
[0.535s] Level 1:colcon.colcon_core.package_identification:_identify(src) by extension 'ignore_ament_install'
[0.535s] Level 1:colcon.colcon_core.package_identification:_identify(src) by extensions ['colcon_pkg']
[0.535s] Level 1:colcon.colcon_core.package_identification:_identify(src) by extension 'colcon_pkg'
[0.535s] Level 1:colcon.colcon_core.package_identification:_identify(src) by extensions ['colcon_meta']
[0.535s] Level 1:colcon.colcon_core.package_identification:_identify(src) by extension 'colcon_meta'
[0.535s] Level 1:colcon.colcon_core.package_identification:_identify(src) by extensions ['ros']
[0.535s] Level 1:colcon.colcon_core.package_identification:_identify(src) by extension 'ros'
[0.535s] Level 1:colcon.colcon_core.package_identification:_identify(src) by extensions ['cmake', 'python']
[0.535s] Level 1:colcon.colcon_core.package_identification:_identify(src) by extension 'cmake'
[0.535s] Level 1:colcon.colcon_core.package_identification:_identify(src) by extension 'python'
[0.535s] Level 1:colcon.colcon_core.package_identification:_identify(src) by extensions ['python_setup_py']
[0.535s] Level 1:colcon.colcon_core.package_identification:_identify(src) by extension 'python_setup_py'
[0.535s] Level 1:colcon.colcon_core.package_identification:_identify(src/build) by extensions ['ignore', 'ignore_ament_install']
[0.535s] Level 1:colcon.colcon_core.package_identification:_identify(src/build) by extension 'ignore'
[0.535s] Level 1:colcon.colcon_core.package_identification:_identify(src/build) ignored
[0.536s] Level 1:colcon.colcon_core.package_identification:_identify(src/cmd_vel_mux) by extensions ['ignore', 'ignore_ament_install']
[0.536s] Level 1:colcon.colcon_core.package_identification:_identify(src/cmd_vel_mux) by extension 'ignore'
[0.536s] Level 1:colcon.colcon_core.package_identification:_identify(src/cmd_vel_mux) by extension 'ignore_ament_install'
[0.536s] Level 1:colcon.colcon_core.package_identification:_identify(src/cmd_vel_mux) by extensions ['colcon_pkg']
[0.536s] Level 1:colcon.colcon_core.package_identification:_identify(src/cmd_vel_mux) by extension 'colcon_pkg'
[0.536s] Level 1:colcon.colcon_core.package_identification:_identify(src/cmd_vel_mux) by extensions ['colcon_meta']
[0.536s] Level 1:colcon.colcon_core.package_identification:_identify(src/cmd_vel_mux) by extension 'colcon_meta'
[0.536s] Level 1:colcon.colcon_core.package_identification:_identify(src/cmd_vel_mux) by extensions ['ros']
[0.536s] Level 1:colcon.colcon_core.package_identification:_identify(src/cmd_vel_mux) by extension 'ros'
[0.539s] DEBUG:colcon.colcon_core.package_identification:Package 'src/cmd_vel_mux' with type 'ros.ament_cmake' and name 'cmd_vel_mux'
[0.539s] Level 1:colcon.colcon_core.package_identification:_identify(src/install) by extensions ['ignore', 'ignore_ament_install']
[0.539s] Level 1:colcon.colcon_core.package_identification:_identify(src/install) by extension 'ignore'
[0.539s] Level 1:colcon.colcon_core.package_identification:_identify(src/install) ignored
[0.539s] Level 1:colcon.colcon_core.package_identification:_identify(src/lab1) by extensions ['ignore', 'ignore_ament_install']
[0.539s] Level 1:colcon.colcon_core.package_identification:_identify(src/lab1) by extension 'ignore'
[0.540s] Level 1:colcon.colcon_core.package_identification:_identify(src/lab1) by extension 'ignore_ament_install'
[0.540s] Level 1:colcon.colcon_core.package_identification:_identify(src/lab1) by extensions ['colcon_pkg']
[0.540s] Level 1:colcon.colcon_core.package_identification:_identify(src/lab1) by extension 'colcon_pkg'
[0.540s] Level 1:colcon.colcon_core.package_identification:_identify(src/lab1) by extensions ['colcon_meta']
[0.540s] Level 1:colcon.colcon_core.package_identification:_identify(src/lab1) by extension 'colcon_meta'
[0.540s] Level 1:colcon.colcon_core.package_identification:_identify(src/lab1) by extensions ['ros']
[0.540s] Level 1:colcon.colcon_core.package_identification:_identify(src/lab1) by extension 'ros'
[0.541s] DEBUG:colcon.colcon_core.package_identification:Package 'src/lab1' with type 'ros.ament_cmake' and name 'lab1'
[0.541s] Level 1:colcon.colcon_core.package_identification:_identify(src/lab2) by extensions ['ignore', 'ignore_ament_install']
[0.541s] Level 1:colcon.colcon_core.package_identification:_identify(src/lab2) by extension 'ignore'
[0.541s] Level 1:colcon.colcon_core.package_identification:_identify(src/lab2) by extension 'ignore_ament_install'
[0.541s] Level 1:colcon.colcon_core.package_identification:_identify(src/lab2) by extensions ['colcon_pkg']
[0.541s] Level 1:colcon.colcon_core.package_identification:_identify(src/lab2) by extension 'colcon_pkg'
[0.541s] Level 1:colcon.colcon_core.package_identification:_identify(src/lab2) by extensions ['colcon_meta']
[0.541s] Level 1:colcon.colcon_core.package_identification:_identify(src/lab2) by extension 'colcon_meta'
[0.541s] Level 1:colcon.colcon_core.package_identification:_identify(src/lab2) by extensions ['ros']
[0.541s] Level 1:colcon.colcon_core.package_identification:_identify(src/lab2) by extension 'ros'
[0.542s] DEBUG:colcon.colcon_core.package_identification:Package 'src/lab2' with type 'ros.ament_cmake' and name 'lab2'
[0.542s] Level 1:colcon.colcon_core.package_identification:_identify(src/log) by extensions ['ignore', 'ignore_ament_install']
[0.542s] Level 1:colcon.colcon_core.package_identification:_identify(src/log) by extension 'ignore'
[0.542s] Level 1:colcon.colcon_core.package_identification:_identify(src/log) ignored
[0.542s] Level 1:colcon.colcon_core.package_identification:_identify(src/pid_god) by extensions ['ignore', 'ignore_ament_install']
[0.542s] Level 1:colcon.colcon_core.package_identification:_identify(src/pid_god) by extension 'ignore'
[0.542s] Level 1:colcon.colcon_core.package_identification:_identify(src/pid_god) by extension 'ignore_ament_install'
[0.542s] Level 1:colcon.colcon_core.package_identification:_identify(src/pid_god) by extensions ['colcon_pkg']
[0.542s] Level 1:colcon.colcon_core.package_identification:_identify(src/pid_god) by extension 'colcon_pkg'
[0.542s] Level 1:colcon.colcon_core.package_identification:_identify(src/pid_god) by extensions ['colcon_meta']
[0.542s] Level 1:colcon.colcon_core.package_identification:_identify(src/pid_god) by extension 'colcon_meta'
[0.542s] Level 1:colcon.colcon_core.package_identification:_identify(src/pid_god) by extensions ['ros']
[0.542s] Level 1:colcon.colcon_core.package_identification:_identify(src/pid_god) by extension 'ros'
[0.543s] DEBUG:colcon.colcon_core.package_identification:Package 'src/pid_god' with type 'ros.ament_cmake' and name 'pid_god'
[0.543s] Level 1:colcon.colcon_core.package_identification:_identify(src/very_simple_robot_simulator) by extensions ['ignore', 'ignore_ament_install']
[0.543s] Level 1:colcon.colcon_core.package_identification:_identify(src/very_simple_robot_simulator) by extension 'ignore'
[0.543s] Level 1:colcon.colcon_core.package_identification:_identify(src/very_simple_robot_simulator) by extension 'ignore_ament_install'
[0.543s] Level 1:colcon.colcon_core.package_identification:_identify(src/very_simple_robot_simulator) by extensions ['colcon_pkg']
[0.543s] Level 1:colcon.colcon_core.package_identification:_identify(src/very_simple_robot_simulator) by extension 'colcon_pkg'
[0.543s] Level 1:colcon.colcon_core.package_identification:_identify(src/very_simple_robot_simulator) by extensions ['colcon_meta']
[0.543s] Level 1:colcon.colcon_core.package_identification:_identify(src/very_simple_robot_simulator) by extension 'colcon_meta'
[0.544s] Level 1:colcon.colcon_core.package_identification:_identify(src/very_simple_robot_simulator) by extensions ['ros']
[0.544s] Level 1:colcon.colcon_core.package_identification:_identify(src/very_simple_robot_simulator) by extension 'ros'
[0.544s] DEBUG:colcon.colcon_core.package_identification:Package 'src/very_simple_robot_simulator' with type 'ros.ament_cmake' and name 'very_simple_robot_simulator'
[0.544s] Level 1:colcon.colcon_core.package_discovery:discover_packages(recursive) using defaults
[0.544s] Level 1:colcon.colcon_core.package_discovery:discover_packages(ignore) discover
[0.544s] Level 1:colcon.colcon_core.package_discovery:discover_packages(ignore) using defaults
[0.544s] Level 1:colcon.colcon_core.package_discovery:discover_packages(path) discover
[0.544s] Level 1:colcon.colcon_core.package_discovery:discover_packages(path) using defaults
[0.573s] Level 1:colcon.colcon_core.package_discovery:discover_packages(prefix_path) check parameters
[0.573s] Level 1:colcon.colcon_core.package_discovery:discover_packages(prefix_path) discover
[0.578s] DEBUG:colcon.colcon_installed_package_information.package_discovery:Found 4 installed packages in /home/maxbe/ros2_ws/install
[0.579s] DEBUG:colcon.colcon_installed_package_information.package_discovery:Found 274 installed packages in /opt/ros/humble
[0.580s] Level 1:colcon.colcon_core.package_discovery:discover_packages(prefix_path) using defaults
[0.647s] Level 5:colcon.colcon_core.verb:set package 'cmd_vel_mux' build argument 'cmake_args' from command line to 'None'
[0.647s] Level 5:colcon.colcon_core.verb:set package 'cmd_vel_mux' build argument 'cmake_target' from command line to 'None'
[0.647s] Level 5:colcon.colcon_core.verb:set package 'cmd_vel_mux' build argument 'cmake_target_skip_unavailable' from command line to 'False'
[0.647s] Level 5:colcon.colcon_core.verb:set package 'cmd_vel_mux' build argument 'cmake_clean_cache' from command line to 'False'
[0.647s] Level 5:colcon.colcon_core.verb:set package 'cmd_vel_mux' build argument 'cmake_clean_first' from command line to 'False'
[0.647s] Level 5:colcon.colcon_core.verb:set package 'cmd_vel_mux' build argument 'cmake_force_configure' from command line to 'False'
[0.647s] Level 5:colcon.colcon_core.verb:set package 'cmd_vel_mux' build argument 'ament_cmake_args' from command line to 'None'
[0.647s] Level 5:colcon.colcon_core.verb:set package 'cmd_vel_mux' build argument 'catkin_cmake_args' from command line to 'None'
[0.647s] Level 5:colcon.colcon_core.verb:set package 'cmd_vel_mux' build argument 'catkin_skip_building_tests' from command line to 'False'
[0.647s] DEBUG:colcon.colcon_core.verb:Building package 'cmd_vel_mux' with the following arguments: {'ament_cmake_args': None, 'build_base': '/home/maxbe/ros2_ws/build/cmd_vel_mux', 'catkin_cmake_args': None, 'catkin_skip_building_tests': False, 'cmake_args': None, 'cmake_clean_cache': False, 'cmake_clean_first': False, 'cmake_force_configure': False, 'cmake_target': None, 'cmake_target_skip_unavailable': False, 'install_base': '/home/maxbe/ros2_ws/install/cmd_vel_mux', 'merge_install': False, 'path': '/home/maxbe/ros2_ws/src/cmd_vel_mux', 'symlink_install': True, 'test_result_base': None}
[0.648s] Level 5:colcon.colcon_core.verb:set package 'lab1' build argument 'cmake_args' from command line to 'None'
[0.648s] Level 5:colcon.colcon_core.verb:set package 'lab1' build argument 'cmake_target' from command line to 'None'
[0.648s] Level 5:colcon.colcon_core.verb:set package 'lab1' build argument 'cmake_target_skip_unavailable' from command line to 'False'
[0.648s] Level 5:colcon.colcon_core.verb:set package 'lab1' build argument 'cmake_clean_cache' from command line to 'False'
[0.648s] Level 5:colcon.colcon_core.verb:set package 'lab1' build argument 'cmake_clean_first' from command line to 'False'
[0.648s] Level 5:colcon.colcon_core.verb:set package 'lab1' build argument 'cmake_force_configure' from command line to 'False'
[0.648s] Level 5:colcon.colcon_core.verb:set package 'lab1' build argument 'ament_cmake_args' from command line to 'None'
[0.648s] Level 5:colcon.colcon_core.verb:set package 'lab1' build argument 'catkin_cmake_args' from command line to 'None'
[0.648s] Level 5:colcon.colcon_core.verb:set package 'lab1' build argument 'catkin_skip_building_tests' from command line to 'False'
[0.648s] DEBUG:colcon.colcon_core.verb:Building package 'lab1' with the following arguments: {'ament_cmake_args': None, 'build_base': '/home/maxbe/ros2_ws/build/lab1', 'catkin_cmake_args': None, 'catkin_skip_building_tests': False, 'cmake_args': None, 'cmake_clean_cache': False, 'cmake_clean_first': False, 'cmake_force_configure': False, 'cmake_target': None, 'cmake_target_skip_unavailable': False, 'install_base': '/home/maxbe/ros2_ws/install/lab1', 'merge_install': False, 'path': '/home/maxbe/ros2_ws/src/lab1', 'symlink_install': True, 'test_result_base': None}
[0.648s] Level 5:colcon.colcon_core.verb:set package 'lab2' build argument 'cmake_args' from command line to 'None'
[0.648s] Level 5:colcon.colcon_core.verb:set package 'lab2' build argument 'cmake_target' from command line to 'None'
[0.648s] Level 5:colcon.colcon_core.verb:set package 'lab2' build argument 'cmake_target_skip_unavailable' from command line to 'False'
[0.648s] Level 5:colcon.colcon_core.verb:set package 'lab2' build argument 'cmake_clean_cache' from command line to 'False'
[0.648s] Level 5:colcon.colcon_core.verb:set package 'lab2' build argument 'cmake_clean_first' from command line to 'False'
[0.648s] Level 5:colcon.colcon_core.verb:set package 'lab2' build argument 'cmake_force_configure' from command line to 'False'
[0.648s] Level 5:colcon.colcon_core.verb:set package 'lab2' build argument 'ament_cmake_args' from command line to 'None'
[0.648s] Level 5:colcon.colcon_core.verb:set package 'lab2' build argument 'catkin_cmake_args' from command line to 'None'
[0.648s] Level 5:colcon.colcon_core.verb:set package 'lab2' build argument 'catkin_skip_building_tests' from command line to 'False'
[0.648s] DEBUG:colcon.colcon_core.verb:Building package 'lab2' with the following arguments: {'ament_cmake_args': None, 'build_base': '/home/maxbe/ros2_ws/build/lab2', 'catkin_cmake_args': None, 'catkin_skip_building_tests': False, 'cmake_args': None, 'cmake_clean_cache': False, 'cmake_clean_first': False, 'cmake_force_configure': False, 'cmake_target': None, 'cmake_target_skip_unavailable': False, 'install_base': '/home/maxbe/ros2_ws/install/lab2', 'merge_install': False, 'path': '/home/maxbe/ros2_ws/src/lab2', 'symlink_install': True, 'test_result_base': None}
[0.648s] Level 5:colcon.colcon_core.verb:set package 'pid_god' build argument 'cmake_args' from command line to 'None'
[0.648s] Level 5:colcon.colcon_core.verb:set package 'pid_god' build argument 'cmake_target' from command line to 'None'
[0.648s] Level 5:colcon.colcon_core.verb:set package 'pid_god' build argument 'cmake_target_skip_unavailable' from command line to 'False'
[0.648s] Level 5:colcon.colcon_core.verb:set package 'pid_god' build argument 'cmake_clean_cache' from command line to 'False'
[0.648s] Level 5:colcon.colcon_core.verb:set package 'pid_god' build argument 'cmake_clean_first' from command line to 'False'
[0.648s] Level 5:colcon.colcon_core.verb:set package 'pid_god' build argument 'cmake_force_configure' from command line to 'False'
[0.648s] Level 5:colcon.colcon_core.verb:set package 'pid_god' build argument 'ament_cmake_args' from command line to 'None'
[0.649s] Level 5:colcon.colcon_core.verb:set package 'pid_god' build argument 'catkin_cmake_args' from command line to 'None'
[0.649s] Level 5:colcon.colcon_core.verb:set package 'pid_god' build argument 'catkin_skip_building_tests' from command line to 'False'
[0.649s] DEBUG:colcon.colcon_core.verb:Building package 'pid_god' with the following arguments: {'ament_cmake_args': None, 'build_base': '/home/maxbe/ros2_ws/build/pid_god', 'catkin_cmake_args': None, 'catkin_skip_building_tests': False, 'cmake_args': None, 'cmake_clean_cache': False, 'cmake_clean_first': False, 'cmake_force_configure': False, 'cmake_target': None, 'cmake_target_skip_unavailable': False, 'install_base': '/home/maxbe/ros2_ws/install/pid_god', 'merge_install': False, 'path': '/home/maxbe/ros2_ws/src/pid_god', 'symlink_install': True, 'test_result_base': None}
[0.649s] Level 5:colcon.colcon_core.verb:set package 'very_simple_robot_simulator' build argument 'cmake_args' from command line to 'None'
[0.649s] Level 5:colcon.colcon_core.verb:set package 'very_simple_robot_simulator' build argument 'cmake_target' from command line to 'None'
[0.649s] Level 5:colcon.colcon_core.verb:set package 'very_simple_robot_simulator' build argument 'cmake_target_skip_unavailable' from command line to 'False'
[0.649s] Level 5:colcon.colcon_core.verb:set package 'very_simple_robot_simulator' build argument 'cmake_clean_cache' from command line to 'False'
[0.649s] Level 5:colcon.colcon_core.verb:set package 'very_simple_robot_simulator' build argument 'cmake_clean_first' from command line to 'False'
[0.649s] Level 5:colcon.colcon_core.verb:set package 'very_simple_robot_simulator' build argument 'cmake_force_configure' from command line to 'False'
[0.649s] Level 5:colcon.colcon_core.verb:set package 'very_simple_robot_simulator' build argument 'ament_cmake_args' from command line to 'None'
[0.649s] Level 5:colcon.colcon_core.verb:set package 'very_simple_robot_simulator' build argument 'catkin_cmake_args' from command line to 'None'
[0.649s] Level 5:colcon.colcon_core.verb:set package 'very_simple_robot_simulator' build argument 'catkin_skip_building_tests' from command line to 'False'
[0.649s] DEBUG:colcon.colcon_core.verb:Building package 'very_simple_robot_simulator' with the following arguments: {'ament_cmake_args': None, 'build_base': '/home/maxbe/ros2_ws/build/very_simple_robot_simulator', 'catkin_cmake_args': None, 'catkin_skip_building_tests': False, 'cmake_args': None, 'cmake_clean_cache': False, 'cmake_clean_first': False, 'cmake_force_configure': False, 'cmake_target': None, 'cmake_target_skip_unavailable': False, 'install_base': '/home/maxbe/ros2_ws/install/very_simple_robot_simulator', 'merge_install': False, 'path': '/home/maxbe/ros2_ws/src/very_simple_robot_simulator', 'symlink_install': True, 'test_result_base': None}
[0.649s] INFO:colcon.colcon_core.executor:Executing jobs using 'parallel' executor
[0.650s] DEBUG:colcon.colcon_parallel_executor.executor.parallel:run_until_complete
[0.650s] INFO:colcon.colcon_ros.task.ament_cmake.build:Building ROS package in '/home/maxbe/ros2_ws/src/cmd_vel_mux' with build type 'ament_cmake'
[0.650s] INFO:colcon.colcon_cmake.task.cmake.build:Building CMake package in '/home/maxbe/ros2_ws/src/cmd_vel_mux'
[0.655s] INFO:colcon.colcon_core.plugin_system:Skipping extension 'colcon_core.shell.bat': Not used on non-Windows systems
[0.655s] INFO:colcon.colcon_core.shell:Skip shell extension 'powershell' for command environment: Not usable outside of PowerShell
[0.655s] DEBUG:colcon.colcon_core.shell:Skip shell extension 'dsv' for command environment
[0.658s] INFO:colcon.colcon_ros.task.ament_cmake.build:Building ROS package in '/home/maxbe/ros2_ws/src/lab1' with build type 'ament_cmake'
[0.658s] INFO:colcon.colcon_cmake.task.cmake.build:Building CMake package in '/home/maxbe/ros2_ws/src/lab1'
[0.658s] INFO:colcon.colcon_core.shell:Skip shell extension 'powershell' for command environment: Not usable outside of PowerShell
[0.658s] DEBUG:colcon.colcon_core.shell:Skip shell extension 'dsv' for command environment
[0.661s] INFO:colcon.colcon_ros.task.ament_cmake.build:Building ROS package in '/home/maxbe/ros2_ws/src/lab2' with build type 'ament_cmake'
[0.661s] INFO:colcon.colcon_cmake.task.cmake.build:Building CMake package in '/home/maxbe/ros2_ws/src/lab2'
[0.662s] INFO:colcon.colcon_core.shell:Skip shell extension 'powershell' for command environment: Not usable outside of PowerShell
[0.662s] DEBUG:colcon.colcon_core.shell:Skip shell extension 'dsv' for command environment
[0.665s] INFO:colcon.colcon_ros.task.ament_cmake.build:Building ROS package in '/home/maxbe/ros2_ws/src/pid_god' with build type 'ament_cmake'
[0.665s] INFO:colcon.colcon_cmake.task.cmake.build:Building CMake package in '/home/maxbe/ros2_ws/src/pid_god'
[0.665s] INFO:colcon.colcon_core.shell:Skip shell extension 'powershell' for command environment: Not usable outside of PowerShell
[0.665s] DEBUG:colcon.colcon_core.shell:Skip shell extension 'dsv' for command environment
[0.667s] INFO:colcon.colcon_ros.task.ament_cmake.build:Building ROS package in '/home/maxbe/ros2_ws/src/very_simple_robot_simulator' with build type 'ament_cmake'
[0.667s] INFO:colcon.colcon_cmake.task.cmake.build:Building CMake package in '/home/maxbe/ros2_ws/src/very_simple_robot_simulator'
[0.668s] INFO:colcon.colcon_core.shell:Skip shell extension 'powershell' for command environment: Not usable outside of PowerShell
[0.668s] DEBUG:colcon.colcon_core.shell:Skip shell extension 'dsv' for command environment
[0.675s] DEBUG:colcon.colcon_core.event_handler.log_command:Invoking command in '/home/maxbe/ros2_ws/build/cmd_vel_mux': CMAKE_PREFIX_PATH=${CMAKE_PREFIX_PATH}:/opt/ros/humble /usr/bin/cmake --build /home/maxbe/ros2_ws/build/cmd_vel_mux -- -j12 -l12
[0.681s] DEBUG:colcon.colcon_core.event_handler.log_command:Invoking command in '/home/maxbe/ros2_ws/build/lab1': CMAKE_PREFIX_PATH=${CMAKE_PREFIX_PATH}:/opt/ros/humble /usr/bin/cmake --build /home/maxbe/ros2_ws/build/lab1 -- -j12 -l12
[0.684s] DEBUG:colcon.colcon_core.event_handler.log_command:Invoking command in '/home/maxbe/ros2_ws/build/lab2': CMAKE_PREFIX_PATH=${CMAKE_PREFIX_PATH}:/opt/ros/humble /usr/bin/cmake /home/maxbe/ros2_ws/src/lab2 -DAMENT_CMAKE_SYMLINK_INSTALL=1 -DCMAKE_INSTALL_PREFIX=/home/maxbe/ros2_ws/install/lab2
[0.690s] DEBUG:colcon.colcon_core.event_handler.log_command:Invoking command in '/home/maxbe/ros2_ws/build/pid_god': CMAKE_PREFIX_PATH=${CMAKE_PREFIX_PATH}:/opt/ros/humble /usr/bin/cmake --build /home/maxbe/ros2_ws/build/pid_god -- -j12 -l12
[0.695s] DEBUG:colcon.colcon_core.event_handler.log_command:Invoking command in '/home/maxbe/ros2_ws/build/very_simple_robot_simulator': CMAKE_PREFIX_PATH=${CMAKE_PREFIX_PATH}:/opt/ros/humble /usr/bin/cmake --build /home/maxbe/ros2_ws/build/very_simple_robot_simulator -- -j12 -l12
[0.737s] DEBUG:colcon.colcon_core.event_handler.log_command:Invoked command in '/home/maxbe/ros2_ws/build/pid_god' returned '0': CMAKE_PREFIX_PATH=${CMAKE_PREFIX_PATH}:/opt/ros/humble /usr/bin/cmake --build /home/maxbe/ros2_ws/build/pid_god -- -j12 -l12
[0.745s] DEBUG:colcon.colcon_core.event_handler.log_command:Invoking command in '/home/maxbe/ros2_ws/build/pid_god': CMAKE_PREFIX_PATH=${CMAKE_PREFIX_PATH}:/opt/ros/humble /usr/bin/cmake --install /home/maxbe/ros2_ws/build/pid_god
[0.764s] Level 1:colcon.colcon_core.environment:create_environment_scripts_only(pid_god)
[0.765s] DEBUG:colcon.colcon_core.event_handler.log_command:Invoked command in '/home/maxbe/ros2_ws/build/pid_god' returned '0': CMAKE_PREFIX_PATH=${CMAKE_PREFIX_PATH}:/opt/ros/humble /usr/bin/cmake --install /home/maxbe/ros2_ws/build/pid_god
[0.771s] Level 1:colcon.colcon_core.environment:checking '/home/maxbe/ros2_ws/install/pid_god' for CMake module files
[0.772s] Level 1:colcon.colcon_core.environment:checking '/home/maxbe/ros2_ws/install/pid_god' for CMake config files
[0.773s] Level 1:colcon.colcon_core.shell:create_environment_hook('pid_god', 'cmake_prefix_path')
[0.773s] INFO:colcon.colcon_core.shell:Creating environment hook '/home/maxbe/ros2_ws/install/pid_god/share/pid_god/hook/cmake_prefix_path.ps1'
[0.774s] INFO:colcon.colcon_core.shell:Creating environment descriptor '/home/maxbe/ros2_ws/install/pid_god/share/pid_god/hook/cmake_prefix_path.dsv'
[0.775s] INFO:colcon.colcon_core.shell:Creating environment hook '/home/maxbe/ros2_ws/install/pid_god/share/pid_god/hook/cmake_prefix_path.sh'
[0.777s] Level 1:colcon.colcon_core.environment:checking '/home/maxbe/ros2_ws/install/pid_god/lib'
[0.777s] Level 1:colcon.colcon_core.environment:checking '/home/maxbe/ros2_ws/install/pid_god/bin'
[0.777s] Level 1:colcon.colcon_core.environment:checking '/home/maxbe/ros2_ws/install/pid_god/lib/pkgconfig/pid_god.pc'
[0.777s] Level 1:colcon.colcon_core.environment:checking '/home/maxbe/ros2_ws/install/pid_god/lib/python3.10/site-packages'
[0.777s] Level 1:colcon.colcon_core.environment:checking '/home/maxbe/ros2_ws/install/pid_god/bin'
[0.778s] INFO:colcon.colcon_core.shell:Creating package script '/home/maxbe/ros2_ws/install/pid_god/share/pid_god/package.ps1'
[0.779s] INFO:colcon.colcon_core.shell:Creating package descriptor '/home/maxbe/ros2_ws/install/pid_god/share/pid_god/package.dsv'
[0.780s] INFO:colcon.colcon_core.shell:Creating package script '/home/maxbe/ros2_ws/install/pid_god/share/pid_god/package.sh'
[0.781s] INFO:colcon.colcon_core.shell:Creating package script '/home/maxbe/ros2_ws/install/pid_god/share/pid_god/package.bash'
[0.782s] INFO:colcon.colcon_core.shell:Creating package script '/home/maxbe/ros2_ws/install/pid_god/share/pid_god/package.zsh'
[0.783s] Level 1:colcon.colcon_core.environment:create_file_with_runtime_dependencies(/home/maxbe/ros2_ws/install/pid_god/share/colcon-core/packages/pid_god)
[0.783s] Level 1:colcon.colcon_core.environment:create_environment_scripts_only(pid_god)
[0.784s] Level 1:colcon.colcon_core.environment:checking '/home/maxbe/ros2_ws/install/pid_god' for CMake module files
[0.784s] Level 1:colcon.colcon_core.environment:checking '/home/maxbe/ros2_ws/install/pid_god' for CMake config files
[0.784s] Level 1:colcon.colcon_core.shell:create_environment_hook('pid_god', 'cmake_prefix_path')
[0.785s] INFO:colcon.colcon_core.shell:Creating environment hook '/home/maxbe/ros2_ws/install/pid_god/share/pid_god/hook/cmake_prefix_path.ps1'
[0.785s] INFO:colcon.colcon_core.shell:Creating environment descriptor '/home/maxbe/ros2_ws/install/pid_god/share/pid_god/hook/cmake_prefix_path.dsv'
[0.785s] INFO:colcon.colcon_core.shell:Creating environment hook '/home/maxbe/ros2_ws/install/pid_god/share/pid_god/hook/cmake_prefix_path.sh'
[0.786s] Level 1:colcon.colcon_core.environment:checking '/home/maxbe/ros2_ws/install/pid_god/lib'
[0.786s] Level 1:colcon.colcon_core.environment:checking '/home/maxbe/ros2_ws/install/pid_god/bin'
[0.786s] Level 1:colcon.colcon_core.environment:checking '/home/maxbe/ros2_ws/install/pid_god/lib/pkgconfig/pid_god.pc'
[0.786s] Level 1:colcon.colcon_core.environment:checking '/home/maxbe/ros2_ws/install/pid_god/lib/python3.10/site-packages'
[0.786s] Level 1:colcon.colcon_core.environment:checking '/home/maxbe/ros2_ws/install/pid_god/bin'
[0.787s] INFO:colcon.colcon_core.shell:Creating package script '/home/maxbe/ros2_ws/install/pid_god/share/pid_god/package.ps1'
[0.787s] INFO:colcon.colcon_core.shell:Creating package descriptor '/home/maxbe/ros2_ws/install/pid_god/share/pid_god/package.dsv'
[0.788s] INFO:colcon.colcon_core.shell:Creating package script '/home/maxbe/ros2_ws/install/pid_god/share/pid_god/package.sh'
[0.788s] INFO:colcon.colcon_core.shell:Creating package script '/home/maxbe/ros2_ws/install/pid_god/share/pid_god/package.bash'
[0.788s] INFO:colcon.colcon_core.shell:Creating package script '/home/maxbe/ros2_ws/install/pid_god/share/pid_god/package.zsh'
[0.788s] Level 1:colcon.colcon_core.environment:create_file_with_runtime_dependencies(/home/maxbe/ros2_ws/install/pid_god/share/colcon-core/packages/pid_god)
[0.790s] DEBUG:colcon.colcon_core.event_handler.log_command:Invoked command in '/home/maxbe/ros2_ws/build/cmd_vel_mux' returned '0': CMAKE_PREFIX_PATH=${CMAKE_PREFIX_PATH}:/opt/ros/humble /usr/bin/cmake --build /home/maxbe/ros2_ws/build/cmd_vel_mux -- -j12 -l12
[0.792s] DEBUG:colcon.colcon_core.event_handler.log_command:Invoking command in '/home/maxbe/ros2_ws/build/cmd_vel_mux': CMAKE_PREFIX_PATH=${CMAKE_PREFIX_PATH}:/opt/ros/humble /usr/bin/cmake --install /home/maxbe/ros2_ws/build/cmd_vel_mux
[0.813s] Level 1:colcon.colcon_core.environment:create_environment_scripts_only(cmd_vel_mux)
[0.813s] Level 1:colcon.colcon_core.environment:checking '/home/maxbe/ros2_ws/install/cmd_vel_mux' for CMake module files
[0.813s] DEBUG:colcon.colcon_core.event_handler.log_command:Invoked command in '/home/maxbe/ros2_ws/build/cmd_vel_mux' returned '0': CMAKE_PREFIX_PATH=${CMAKE_PREFIX_PATH}:/opt/ros/humble /usr/bin/cmake --install /home/maxbe/ros2_ws/build/cmd_vel_mux
[0.814s] Level 1:colcon.colcon_core.environment:checking '/home/maxbe/ros2_ws/install/cmd_vel_mux' for CMake config files
[0.815s] Level 1:colcon.colcon_core.shell:create_environment_hook('cmd_vel_mux', 'cmake_prefix_path')
[0.815s] INFO:colcon.colcon_core.shell:Creating environment hook '/home/maxbe/ros2_ws/install/cmd_vel_mux/share/cmd_vel_mux/hook/cmake_prefix_path.ps1'
[0.816s] INFO:colcon.colcon_core.shell:Creating environment descriptor '/home/maxbe/ros2_ws/install/cmd_vel_mux/share/cmd_vel_mux/hook/cmake_prefix_path.dsv'
[0.816s] INFO:colcon.colcon_core.shell:Creating environment hook '/home/maxbe/ros2_ws/install/cmd_vel_mux/share/cmd_vel_mux/hook/cmake_prefix_path.sh'
[0.817s] Level 1:colcon.colcon_core.environment:checking '/home/maxbe/ros2_ws/install/cmd_vel_mux/lib'
[0.817s] Level 1:colcon.colcon_core.shell:create_environment_hook('cmd_vel_mux', 'ld_library_path_lib')
[0.817s] INFO:colcon.colcon_core.shell:Creating environment hook '/home/maxbe/ros2_ws/install/cmd_vel_mux/share/cmd_vel_mux/hook/ld_library_path_lib.ps1'
[0.817s] INFO:colcon.colcon_core.shell:Creating environment descriptor '/home/maxbe/ros2_ws/install/cmd_vel_mux/share/cmd_vel_mux/hook/ld_library_path_lib.dsv'
[0.818s] INFO:colcon.colcon_core.shell:Creating environment hook '/home/maxbe/ros2_ws/install/cmd_vel_mux/share/cmd_vel_mux/hook/ld_library_path_lib.sh'
[0.818s] Level 1:colcon.colcon_core.environment:checking '/home/maxbe/ros2_ws/install/cmd_vel_mux/bin'
[0.818s] Level 1:colcon.colcon_core.environment:checking '/home/maxbe/ros2_ws/install/cmd_vel_mux/lib/pkgconfig/cmd_vel_mux.pc'
[0.818s] Level 1:colcon.colcon_core.environment:checking '/home/maxbe/ros2_ws/install/cmd_vel_mux/lib/python3.10/site-packages'
[0.819s] Level 1:colcon.colcon_core.environment:checking '/home/maxbe/ros2_ws/install/cmd_vel_mux/bin'
[0.819s] INFO:colcon.colcon_core.shell:Creating package script '/home/maxbe/ros2_ws/install/cmd_vel_mux/share/cmd_vel_mux/package.ps1'
[0.819s] INFO:colcon.colcon_core.shell:Creating package descriptor '/home/maxbe/ros2_ws/install/cmd_vel_mux/share/cmd_vel_mux/package.dsv'
[0.820s] INFO:colcon.colcon_core.shell:Creating package script '/home/maxbe/ros2_ws/install/cmd_vel_mux/share/cmd_vel_mux/package.sh'
[0.820s] INFO:colcon.colcon_core.shell:Creating package script '/home/maxbe/ros2_ws/install/cmd_vel_mux/share/cmd_vel_mux/package.bash'
[0.820s] INFO:colcon.colcon_core.shell:Creating package script '/home/maxbe/ros2_ws/install/cmd_vel_mux/share/cmd_vel_mux/package.zsh'
[0.821s] Level 1:colcon.colcon_core.environment:create_file_with_runtime_dependencies(/home/maxbe/ros2_ws/install/cmd_vel_mux/share/colcon-core/packages/cmd_vel_mux)
[0.821s] Level 1:colcon.colcon_core.environment:create_environment_scripts_only(cmd_vel_mux)
[0.821s] Level 1:colcon.colcon_core.environment:checking '/home/maxbe/ros2_ws/install/cmd_vel_mux' for CMake module files
[0.822s] Level 1:colcon.colcon_core.environment:checking '/home/maxbe/ros2_ws/install/cmd_vel_mux' for CMake config files
[0.822s] Level 1:colcon.colcon_core.shell:create_environment_hook('cmd_vel_mux', 'cmake_prefix_path')
[0.822s] INFO:colcon.colcon_core.shell:Creating environment hook '/home/maxbe/ros2_ws/install/cmd_vel_mux/share/cmd_vel_mux/hook/cmake_prefix_path.ps1'
[0.822s] INFO:colcon.colcon_core.shell:Creating environment descriptor '/home/maxbe/ros2_ws/install/cmd_vel_mux/share/cmd_vel_mux/hook/cmake_prefix_path.dsv'
[0.823s] INFO:colcon.colcon_core.shell:Creating environment hook '/home/maxbe/ros2_ws/install/cmd_vel_mux/share/cmd_vel_mux/hook/cmake_prefix_path.sh'
[0.823s] Level 1:colcon.colcon_core.environment:checking '/home/maxbe/ros2_ws/install/cmd_vel_mux/lib'
[0.823s] Level 1:colcon.colcon_core.shell:create_environment_hook('cmd_vel_mux', 'ld_library_path_lib')
[0.823s] INFO:colcon.colcon_core.shell:Creating environment hook '/home/maxbe/ros2_ws/install/cmd_vel_mux/share/cmd_vel_mux/hook/ld_library_path_lib.ps1'
[0.824s] INFO:colcon.colcon_core.shell:Creating environment descriptor '/home/maxbe/ros2_ws/install/cmd_vel_mux/share/cmd_vel_mux/hook/ld_library_path_lib.dsv'
[0.824s] INFO:colcon.colcon_core.shell:Creating environment hook '/home/maxbe/ros2_ws/install/cmd_vel_mux/share/cmd_vel_mux/hook/ld_library_path_lib.sh'
[0.824s] Level 1:colcon.colcon_core.environment:checking '/home/maxbe/ros2_ws/install/cmd_vel_mux/bin'
[0.824s] Level 1:colcon.colcon_core.environment:checking '/home/maxbe/ros2_ws/install/cmd_vel_mux/lib/pkgconfig/cmd_vel_mux.pc'
[0.824s] Level 1:colcon.colcon_core.environment:checking '/home/maxbe/ros2_ws/install/cmd_vel_mux/lib/python3.10/site-packages'
[0.825s] Level 1:colcon.colcon_core.environment:checking '/home/maxbe/ros2_ws/install/cmd_vel_mux/bin'
[0.825s] INFO:colcon.colcon_core.shell:Creating package script '/home/maxbe/ros2_ws/install/cmd_vel_mux/share/cmd_vel_mux/package.ps1'
[0.825s] INFO:colcon.colcon_core.shell:Creating package descriptor '/home/maxbe/ros2_ws/install/cmd_vel_mux/share/cmd_vel_mux/package.dsv'
[0.826s] INFO:colcon.colcon_core.shell:Creating package script '/home/maxbe/ros2_ws/install/cmd_vel_mux/share/cmd_vel_mux/package.sh'
[0.826s] INFO:colcon.colcon_core.shell:Creating package script '/home/maxbe/ros2_ws/install/cmd_vel_mux/share/cmd_vel_mux/package.bash'
[0.826s] INFO:colcon.colcon_core.shell:Creating package script '/home/maxbe/ros2_ws/install/cmd_vel_mux/share/cmd_vel_mux/package.zsh'
[0.827s] Level 1:colcon.colcon_core.environment:create_file_with_runtime_dependencies(/home/maxbe/ros2_ws/install/cmd_vel_mux/share/colcon-core/packages/cmd_vel_mux)
[0.961s] DEBUG:colcon.colcon_core.event_handler.log_command:Invoked command in '/home/maxbe/ros2_ws/build/lab1' returned '0': CMAKE_PREFIX_PATH=${CMAKE_PREFIX_PATH}:/opt/ros/humble /usr/bin/cmake --build /home/maxbe/ros2_ws/build/lab1 -- -j12 -l12
[0.963s] DEBUG:colcon.colcon_core.event_handler.log_command:Invoking command in '/home/maxbe/ros2_ws/build/lab1': CMAKE_PREFIX_PATH=${CMAKE_PREFIX_PATH}:/opt/ros/humble /usr/bin/cmake --install /home/maxbe/ros2_ws/build/lab1
[0.965s] DEBUG:colcon.colcon_core.event_handler.log_command:Invoked command in '/home/maxbe/ros2_ws/build/very_simple_robot_simulator' returned '0': CMAKE_PREFIX_PATH=${CMAKE_PREFIX_PATH}:/opt/ros/humble /usr/bin/cmake --build /home/maxbe/ros2_ws/build/very_simple_robot_simulator -- -j12 -l12
[0.967s] DEBUG:colcon.colcon_core.event_handler.log_command:Invoking command in '/home/maxbe/ros2_ws/build/very_simple_robot_simulator': CMAKE_PREFIX_PATH=${CMAKE_PREFIX_PATH}:/opt/ros/humble /usr/bin/cmake --install /home/maxbe/ros2_ws/build/very_simple_robot_simulator
[1.016s] Level 1:colcon.colcon_core.environment:create_environment_scripts_only(lab1)
[1.016s] Level 1:colcon.colcon_core.environment:checking '/home/maxbe/ros2_ws/install/lab1' for CMake module files
[1.017s] DEBUG:colcon.colcon_core.event_handler.log_command:Invoked command in '/home/maxbe/ros2_ws/build/lab1' returned '0': CMAKE_PREFIX_PATH=${CMAKE_PREFIX_PATH}:/opt/ros/humble /usr/bin/cmake --install /home/maxbe/ros2_ws/build/lab1
[1.018s] Level 1:colcon.colcon_core.environment:checking '/home/maxbe/ros2_ws/install/lab1' for CMake config files
[1.019s] Level 1:colcon.colcon_core.shell:create_environment_hook('lab1', 'cmake_prefix_path')
[1.020s] INFO:colcon.colcon_core.shell:Creating environment hook '/home/maxbe/ros2_ws/install/lab1/share/lab1/hook/cmake_prefix_path.ps1'
[1.020s] INFO:colcon.colcon_core.shell:Creating environment descriptor '/home/maxbe/ros2_ws/install/lab1/share/lab1/hook/cmake_prefix_path.dsv'
[1.020s] INFO:colcon.colcon_core.shell:Creating environment hook '/home/maxbe/ros2_ws/install/lab1/share/lab1/hook/cmake_prefix_path.sh'
[1.021s] Level 1:colcon.colcon_core.environment:checking '/home/maxbe/ros2_ws/install/lab1/libexec'
[1.021s] Level 1:colcon.colcon_core.environment:checking '/home/maxbe/ros2_ws/install/lab1/lib'
[1.021s] Level 1:colcon.colcon_core.environment:checking '/home/maxbe/ros2_ws/install/lab1/bin'
[1.021s] Level 1:colcon.colcon_core.environment:checking '/home/maxbe/ros2_ws/install/lab1/lib/pkgconfig/lab1.pc'
[1.021s] Level 1:colcon.colcon_core.environment:checking '/home/maxbe/ros2_ws/install/lab1/lib/python3.10/site-packages'
[1.021s] Level 1:colcon.colcon_core.environment:checking '/home/maxbe/ros2_ws/install/lab1/bin'
[1.022s] INFO:colcon.colcon_core.shell:Creating package script '/home/maxbe/ros2_ws/install/lab1/share/lab1/package.ps1'
[1.022s] INFO:colcon.colcon_core.shell:Creating package descriptor '/home/maxbe/ros2_ws/install/lab1/share/lab1/package.dsv'
[1.022s] INFO:colcon.colcon_core.shell:Creating package script '/home/maxbe/ros2_ws/install/lab1/share/lab1/package.sh'
[1.023s] INFO:colcon.colcon_core.shell:Creating package script '/home/maxbe/ros2_ws/install/lab1/share/lab1/package.bash'
[1.023s] INFO:colcon.colcon_core.shell:Creating package script '/home/maxbe/ros2_ws/install/lab1/share/lab1/package.zsh'
[1.023s] Level 1:colcon.colcon_core.environment:create_file_with_runtime_dependencies(/home/maxbe/ros2_ws/install/lab1/share/colcon-core/packages/lab1)
[1.023s] Level 1:colcon.colcon_core.environment:create_environment_scripts_only(lab1)
[1.024s] Level 1:colcon.colcon_core.environment:checking '/home/maxbe/ros2_ws/install/lab1' for CMake module files
[1.024s] Level 1:colcon.colcon_core.environment:checking '/home/maxbe/ros2_ws/install/lab1' for CMake config files
[1.024s] Level 1:colcon.colcon_core.shell:create_environment_hook('lab1', 'cmake_prefix_path')
[1.024s] INFO:colcon.colcon_core.shell:Creating environment hook '/home/maxbe/ros2_ws/install/lab1/share/lab1/hook/cmake_prefix_path.ps1'
[1.025s] INFO:colcon.colcon_core.shell:Creating environment descriptor '/home/maxbe/ros2_ws/install/lab1/share/lab1/hook/cmake_prefix_path.dsv'
[1.025s] INFO:colcon.colcon_core.shell:Creating environment hook '/home/maxbe/ros2_ws/install/lab1/share/lab1/hook/cmake_prefix_path.sh'
[1.025s] Level 1:colcon.colcon_core.environment:checking '/home/maxbe/ros2_ws/install/lab1/libexec'
[1.025s] Level 1:colcon.colcon_core.environment:checking '/home/maxbe/ros2_ws/install/lab1/lib'
[1.025s] Level 1:colcon.colcon_core.environment:checking '/home/maxbe/ros2_ws/install/lab1/bin'
[1.025s] Level 1:colcon.colcon_core.environment:checking '/home/maxbe/ros2_ws/install/lab1/lib/pkgconfig/lab1.pc'
[1.025s] Level 1:colcon.colcon_core.environment:checking '/home/maxbe/ros2_ws/install/lab1/lib/python3.10/site-packages'
[1.026s] Level 1:colcon.colcon_core.environment:checking '/home/maxbe/ros2_ws/install/lab1/bin'
[1.026s] INFO:colcon.colcon_core.shell:Creating package script '/home/maxbe/ros2_ws/install/lab1/share/lab1/package.ps1'
[1.026s] INFO:colcon.colcon_core.shell:Creating package descriptor '/home/maxbe/ros2_ws/install/lab1/share/lab1/package.dsv'
[1.026s] INFO:colcon.colcon_core.shell:Creating package script '/home/maxbe/ros2_ws/install/lab1/share/lab1/package.sh'
[1.027s] INFO:colcon.colcon_core.shell:Creating package script '/home/maxbe/ros2_ws/install/lab1/share/lab1/package.bash'
[1.027s] INFO:colcon.colcon_core.shell:Creating package script '/home/maxbe/ros2_ws/install/lab1/share/lab1/package.zsh'
[1.027s] Level 1:colcon.colcon_core.environment:create_file_with_runtime_dependencies(/home/maxbe/ros2_ws/install/lab1/share/colcon-core/packages/lab1)
[1.029s] Level 1:colcon.colcon_core.environment:create_environment_scripts_only(very_simple_robot_simulator)
[1.029s] Level 1:colcon.colcon_core.environment:checking '/home/maxbe/ros2_ws/install/very_simple_robot_simulator' for CMake module files
[1.029s] DEBUG:colcon.colcon_core.event_handler.log_command:Invoked command in '/home/maxbe/ros2_ws/build/very_simple_robot_simulator' returned '0': CMAKE_PREFIX_PATH=${CMAKE_PREFIX_PATH}:/opt/ros/humble /usr/bin/cmake --install /home/maxbe/ros2_ws/build/very_simple_robot_simulator
[1.030s] Level 1:colcon.colcon_core.environment:checking '/home/maxbe/ros2_ws/install/very_simple_robot_simulator' for CMake config files
[1.032s] Level 1:colcon.colcon_core.shell:create_environment_hook('very_simple_robot_simulator', 'cmake_prefix_path')
[1.032s] INFO:colcon.colcon_core.shell:Creating environment hook '/home/maxbe/ros2_ws/install/very_simple_robot_simulator/share/very_simple_robot_simulator/hook/cmake_prefix_path.ps1'
[1.033s] INFO:colcon.colcon_core.shell:Creating environment descriptor '/home/maxbe/ros2_ws/install/very_simple_robot_simulator/share/very_simple_robot_simulator/hook/cmake_prefix_path.dsv'
[1.033s] INFO:colcon.colcon_core.shell:Creating environment hook '/home/maxbe/ros2_ws/install/very_simple_robot_simulator/share/very_simple_robot_simulator/hook/cmake_prefix_path.sh'
[1.033s] Level 1:colcon.colcon_core.environment:checking '/home/maxbe/ros2_ws/install/very_simple_robot_simulator/lib'
[1.034s] Level 1:colcon.colcon_core.environment:checking '/home/maxbe/ros2_ws/install/very_simple_robot_simulator/bin'
[1.034s] Level 1:colcon.colcon_core.environment:checking '/home/maxbe/ros2_ws/install/very_simple_robot_simulator/lib/pkgconfig/very_simple_robot_simulator.pc'
[1.034s] Level 1:colcon.colcon_core.environment:checking '/home/maxbe/ros2_ws/install/very_simple_robot_simulator/lib/python3.10/site-packages'
[1.034s] Level 1:colcon.colcon_core.environment:checking '/home/maxbe/ros2_ws/install/very_simple_robot_simulator/bin'
[1.034s] INFO:colcon.colcon_core.shell:Creating package script '/home/maxbe/ros2_ws/install/very_simple_robot_simulator/share/very_simple_robot_simulator/package.ps1'
[1.035s] INFO:colcon.colcon_core.shell:Creating package descriptor '/home/maxbe/ros2_ws/install/very_simple_robot_simulator/share/very_simple_robot_simulator/package.dsv'
[1.035s] INFO:colcon.colcon_core.shell:Creating package script '/home/maxbe/ros2_ws/install/very_simple_robot_simulator/share/very_simple_robot_simulator/package.sh'
[1.035s] INFO:colcon.colcon_core.shell:Creating package script '/home/maxbe/ros2_ws/install/very_simple_robot_simulator/share/very_simple_robot_simulator/package.bash'
[1.036s] INFO:colcon.colcon_core.shell:Creating package script '/home/maxbe/ros2_ws/install/very_simple_robot_simulator/share/very_simple_robot_simulator/package.zsh'
[1.036s] Level 1:colcon.colcon_core.environment:create_file_with_runtime_dependencies(/home/maxbe/ros2_ws/install/very_simple_robot_simulator/share/colcon-core/packages/very_simple_robot_simulator)
[1.036s] Level 1:colcon.colcon_core.environment:create_environment_scripts_only(very_simple_robot_simulator)
[1.037s] Level 1:colcon.colcon_core.environment:checking '/home/maxbe/ros2_ws/install/very_simple_robot_simulator' for CMake module files
[1.037s] Level 1:colcon.colcon_core.environment:checking '/home/maxbe/ros2_ws/install/very_simple_robot_simulator' for CMake config files
[1.037s] Level 1:colcon.colcon_core.shell:create_environment_hook('very_simple_robot_simulator', 'cmake_prefix_path')
[1.037s] INFO:colcon.colcon_core.shell:Creating environment hook '/home/maxbe/ros2_ws/install/very_simple_robot_simulator/share/very_simple_robot_simulator/hook/cmake_prefix_path.ps1'
[1.038s] INFO:colcon.colcon_core.shell:Creating environment descriptor '/home/maxbe/ros2_ws/install/very_simple_robot_simulator/share/very_simple_robot_simulator/hook/cmake_prefix_path.dsv'
[1.038s] INFO:colcon.colcon_core.shell:Creating environment hook '/home/maxbe/ros2_ws/install/very_simple_robot_simulator/share/very_simple_robot_simulator/hook/cmake_prefix_path.sh'
[1.038s] Level 1:colcon.colcon_core.environment:checking '/home/maxbe/ros2_ws/install/very_simple_robot_simulator/lib'
[1.039s] Level 1:colcon.colcon_core.environment:checking '/home/maxbe/ros2_ws/install/very_simple_robot_simulator/bin'
[1.039s] Level 1:colcon.colcon_core.environment:checking '/home/maxbe/ros2_ws/install/very_simple_robot_simulator/lib/pkgconfig/very_simple_robot_simulator.pc'
[1.039s] Level 1:colcon.colcon_core.environment:checking '/home/maxbe/ros2_ws/install/very_simple_robot_simulator/lib/python3.10/site-packages'
[1.039s] Level 1:colcon.colcon_core.environment:checking '/home/maxbe/ros2_ws/install/very_simple_robot_simulator/bin'
[1.039s] INFO:colcon.colcon_core.shell:Creating package script '/home/maxbe/ros2_ws/install/very_simple_robot_simulator/share/very_simple_robot_simulator/package.ps1'
[1.040s] INFO:colcon.colcon_core.shell:Creating package descriptor '/home/maxbe/ros2_ws/install/very_simple_robot_simulator/share/very_simple_robot_simulator/package.dsv'
[1.040s] INFO:colcon.colcon_core.shell:Creating package script '/home/maxbe/ros2_ws/install/very_simple_robot_simulator/share/very_simple_robot_simulator/package.sh'
[1.040s] INFO:colcon.colcon_core.shell:Creating package script '/home/maxbe/ros2_ws/install/very_simple_robot_simulator/share/very_simple_robot_simulator/package.bash'
[1.041s] INFO:colcon.colcon_core.shell:Creating package script '/home/maxbe/ros2_ws/install/very_simple_robot_simulator/share/very_simple_robot_simulator/package.zsh'
[1.041s] Level 1:colcon.colcon_core.environment:create_file_with_runtime_dependencies(/home/maxbe/ros2_ws/install/very_simple_robot_simulator/share/colcon-core/packages/very_simple_robot_simulator)
[2.705s] DEBUG:colcon.colcon_core.event_handler.log_command:Invoked command in '/home/maxbe/ros2_ws/build/lab2' returned '1': CMAKE_PREFIX_PATH=${CMAKE_PREFIX_PATH}:/opt/ros/humble /usr/bin/cmake /home/maxbe/ros2_ws/src/lab2 -DAMENT_CMAKE_SYMLINK_INSTALL=1 -DCMAKE_INSTALL_PREFIX=/home/maxbe/ros2_ws/install/lab2
[2.713s] Level 1:colcon.colcon_core.environment:create_environment_scripts_only(lab2)
[2.713s] Level 1:colcon.colcon_core.environment:checking '/home/maxbe/ros2_ws/install/lab2' for CMake module files
[2.714s] Level 1:colcon.colcon_core.environment:checking '/home/maxbe/ros2_ws/install/lab2' for CMake config files
[2.714s] Level 1:colcon.colcon_core.environment:checking '/home/maxbe/ros2_ws/install/lab2/bin'
[2.714s] Level 1:colcon.colcon_core.environment:checking '/home/maxbe/ros2_ws/install/lab2/lib/pkgconfig/lab2.pc'
[2.714s] Level 1:colcon.colcon_core.environment:checking '/home/maxbe/ros2_ws/install/lab2/lib/python3.10/site-packages'
[2.714s] Level 1:colcon.colcon_core.environment:checking '/home/maxbe/ros2_ws/install/lab2/bin'
[2.714s] INFO:colcon.colcon_core.shell:Creating package script '/home/maxbe/ros2_ws/install/lab2/share/lab2/package.ps1'
[2.715s] INFO:colcon.colcon_core.shell:Creating package descriptor '/home/maxbe/ros2_ws/install/lab2/share/lab2/package.dsv'
[2.715s] INFO:colcon.colcon_core.shell:Creating package script '/home/maxbe/ros2_ws/install/lab2/share/lab2/package.sh'
[2.716s] INFO:colcon.colcon_core.shell:Creating package script '/home/maxbe/ros2_ws/install/lab2/share/lab2/package.bash'
[2.716s] INFO:colcon.colcon_core.shell:Creating package script '/home/maxbe/ros2_ws/install/lab2/share/lab2/package.zsh'
[2.716s] Level 1:colcon.colcon_core.environment:create_file_with_runtime_dependencies(/home/maxbe/ros2_ws/install/lab2/share/colcon-core/packages/lab2)
[2.727s] DEBUG:colcon.colcon_parallel_executor.executor.parallel:closing loop
[2.727s] DEBUG:colcon.colcon_parallel_executor.executor.parallel:loop closed
[2.727s] DEBUG:colcon.colcon_parallel_executor.executor.parallel:run_until_complete finished with '1'
[2.727s] DEBUG:colcon.colcon_core.event_reactor:joining thread
[2.782s] INFO:colcon.colcon_core.plugin_system:Skipping extension 'colcon_notification.desktop_notification.notify_send': Could not find 'notify-send'
[2.783s] INFO:colcon.colcon_core.plugin_system:Skipping extension 'colcon_notification.desktop_notification.terminal_notifier': Not used on non-Darwin systems
[2.783s] INFO:colcon.colcon_core.plugin_system:Skipping extension 'colcon_notification.desktop_notification.win32': Not used on non-Windows systems
[2.783s] INFO:colcon.colcon_notification.desktop_notification:Sending desktop notification using 'notify2'
[2.783s] DEBUG:colcon.colcon_notification.desktop_notification.notify2:Failed to initialize notify2: org.freedesktop.DBus.Error.FileNotFound: Failed to connect to socket /run/user/1000/bus: No such file or directory
[2.783s] DEBUG:colcon.colcon_core.event_reactor:joined thread
[2.783s] INFO:colcon.colcon_core.shell:Creating prefix script '/home/maxbe/ros2_ws/install/local_setup.ps1'
[2.784s] INFO:colcon.colcon_core.shell:Creating prefix util module '/home/maxbe/ros2_ws/install/_local_setup_util_ps1.py'
[2.785s] INFO:colcon.colcon_core.shell:Creating prefix chain script '/home/maxbe/ros2_ws/install/setup.ps1'
[2.786s] INFO:colcon.colcon_core.shell:Creating prefix script '/home/maxbe/ros2_ws/install/local_setup.sh'
[2.787s] INFO:colcon.colcon_core.shell:Creating prefix util module '/home/maxbe/ros2_ws/install/_local_setup_util_sh.py'
[2.787s] INFO:colcon.colcon_core.shell:Creating prefix chain script '/home/maxbe/ros2_ws/install/setup.sh'
[2.788s] INFO:colcon.colcon_core.shell:Creating prefix script '/home/maxbe/ros2_ws/install/local_setup.bash'
[2.789s] INFO:colcon.colcon_core.shell:Creating prefix chain script '/home/maxbe/ros2_ws/install/setup.bash'
[2.789s] INFO:colcon.colcon_core.shell:Creating prefix script '/home/maxbe/ros2_ws/install/local_setup.zsh'
[2.790s] INFO:colcon.colcon_core.shell:Creating prefix chain script '/home/maxbe/ros2_ws/install/setup.zsh'
