Built target ament_cmake_python_symlink_lab1
running egg_info
writing lab1.egg-info/PKG-INFO
writing dependency_links to lab1.egg-info/dependency_links.txt
writing top-level names to lab1.egg-info/top_level.txt
reading manifest file 'lab1.egg-info/SOURCES.txt'
writing manifest file 'lab1.egg-info/SOURCES.txt'
Built target ament_cmake_python_build_lab1_egg
-- Install configuration: ""
-- Execute custom install script
-- Up-to-date symlink: /home/maxbe/ros2_ws/install/lab1/share/lab1/environment/pythonpath.sh
-- Up-to-date symlink: /home/maxbe/ros2_ws/install/lab1/share/lab1/environment/pythonpath.dsv
-- Up-to-date symlink: /home/maxbe/ros2_ws/install/lab1/local/lib/python3.10/dist-packages/lab1-0.0.0-py3.10.egg-info/PKG-INFO
-- Up-to-date symlink: /home/maxbe/ros2_ws/install/lab1/local/lib/python3.10/dist-packages/lab1-0.0.0-py3.10.egg-info/SOURCES.txt
-- Up-to-date symlink: /home/maxbe/ros2_ws/install/lab1/local/lib/python3.10/dist-packages/lab1-0.0.0-py3.10.egg-info/dependency_links.txt
-- Up-to-date symlink: /home/maxbe/ros2_ws/install/lab1/local/lib/python3.10/dist-packages/lab1-0.0.0-py3.10.egg-info/top_level.txt
-- Up-to-date symlink: /home/maxbe/ros2_ws/install/lab1/local/lib/python3.10/dist-packages/lab1/__init__.py
-- Up-to-date symlink: /home/maxbe/ros2_ws/install/lab1/local/lib/python3.10/dist-packages/lab1/__init__.py:Zone.Identifier
-- Up-to-date symlink: /home/maxbe/ros2_ws/install/lab1/lib/lab1/dead_reckoning_nav.py
-- Up-to-date symlink: /home/maxbe/ros2_ws/install/lab1/lib/lab1/obstacle_detector.py
-- Up-to-date symlink: /home/maxbe/ros2_ws/install/lab1/lib/lab1/pose_loader.py
-- Up-to-date symlink: /home/maxbe/ros2_ws/install/lab1/lib/lab1/data_recorder.py
-- Up-to-date symlink: /home/maxbe/ros2_ws/install/lab1/lib/lab1/teleop_nav.py
-- Up-to-date symlink: /home/maxbe/ros2_ws/install/lab1/lib/lab1/obstacle_detector.py
-- Symlinking: /home/maxbe/ros2_ws/install/lab1/share/lab1//launch/accion_y_percepcion.xml
-- Symlinking: /home/maxbe/ros2_ws/install/lab1/share/lab1//launch/accion_y_percepcion.xml:Zone.Identifier
-- Symlinking: /home/maxbe/ros2_ws/install/lab1/share/lab1//launch/avanzar_y_rotar.xml
-- Symlinking: /home/maxbe/ros2_ws/install/lab1/share/lab1//launch/avanzar_y_rotar.xml:Zone.Identifier
-- Symlinking: /home/maxbe/ros2_ws/install/lab1/share/lab1//launch/correr_nodos.xml
-- Symlinking: /home/maxbe/ros2_ws/install/lab1/share/lab1//launch/correr_nodos.xml:Zone.Identifier
-- Symlinking: /home/maxbe/ros2_ws/install/lab1/share/lab1//launch/dead_reckoning.xml
-- Symlinking: /home/maxbe/ros2_ws/install/lab1/share/lab1//launch/dead_reckoning.xml:Zone.Identifier
-- Symlinking: /home/maxbe/ros2_ws/install/lab1/share/lab1//launch/obstacle_detector.xml
-- Symlinking: /home/maxbe/ros2_ws/install/lab1/share/lab1//launch/obstacle_detector.xml:Zone.Identifier
