[0.016s] Invoking command in '/home/maxbe/ros2_ws/build/lab1': CMAKE_PREFIX_PATH=${CMAKE_PREFIX_PATH}:/opt/ros/humble /usr/bin/cmake --build /home/maxbe/ros2_ws/build/lab1 -- -j12 -l12
[0.049s] Built target ament_cmake_python_symlink_lab1
[0.217s] running egg_info
[0.217s] writing lab1.egg-info/PKG-INFO
[0.218s] writing dependency_links to lab1.egg-info/dependency_links.txt
[0.218s] writing top-level names to lab1.egg-info/top_level.txt
[0.219s] reading manifest file 'lab1.egg-info/SOURCES.txt'
[0.220s] writing manifest file 'lab1.egg-info/SOURCES.txt'
[0.238s] Built target ament_cmake_python_build_lab1_egg
[0.245s] Invoked command in '/home/maxbe/ros2_ws/build/lab1' returned '0': CMAKE_PREFIX_PATH=${CMAKE_PREFIX_PATH}:/opt/ros/humble /usr/bin/cmake --build /home/maxbe/ros2_ws/build/lab1 -- -j12 -l12
[0.246s] Invoking command in '/home/maxbe/ros2_ws/build/lab1': CMAKE_PREFIX_PATH=${CMAKE_PREFIX_PATH}:/opt/ros/humble /usr/bin/cmake --install /home/maxbe/ros2_ws/build/lab1
[0.251s] -- Install configuration: ""
[0.252s] -- Execute custom install script
[0.252s] -- Up-to-date symlink: /home/maxbe/ros2_ws/install/lab1/share/lab1/environment/pythonpath.sh
[0.252s] -- Up-to-date symlink: /home/maxbe/ros2_ws/install/lab1/share/lab1/environment/pythonpath.dsv
[0.252s] -- Up-to-date symlink: /home/maxbe/ros2_ws/install/lab1/local/lib/python3.10/dist-packages/lab1-0.0.0-py3.10.egg-info/PKG-INFO
[0.253s] -- Up-to-date symlink: /home/maxbe/ros2_ws/install/lab1/local/lib/python3.10/dist-packages/lab1-0.0.0-py3.10.egg-info/SOURCES.txt
[0.253s] -- Up-to-date symlink: /home/maxbe/ros2_ws/install/lab1/local/lib/python3.10/dist-packages/lab1-0.0.0-py3.10.egg-info/dependency_links.txt
[0.253s] -- Up-to-date symlink: /home/maxbe/ros2_ws/install/lab1/local/lib/python3.10/dist-packages/lab1-0.0.0-py3.10.egg-info/top_level.txt
[0.253s] -- Up-to-date symlink: /home/maxbe/ros2_ws/install/lab1/local/lib/python3.10/dist-packages/lab1/__init__.py
[0.253s] -- Up-to-date symlink: /home/maxbe/ros2_ws/install/lab1/local/lib/python3.10/dist-packages/lab1/__init__.py:Zone.Identifier
[0.253s] -- Up-to-date symlink: /home/maxbe/ros2_ws/install/lab1/lib/lab1/dead_reckoning_nav.py
[0.254s] -- Up-to-date symlink: /home/maxbe/ros2_ws/install/lab1/lib/lab1/obstacle_detector.py
[0.254s] -- Up-to-date symlink: /home/maxbe/ros2_ws/install/lab1/lib/lab1/pose_loader.py
[0.254s] -- Up-to-date symlink: /home/maxbe/ros2_ws/install/lab1/lib/lab1/data_recorder.py
[0.254s] -- Up-to-date symlink: /home/maxbe/ros2_ws/install/lab1/lib/lab1/teleop_nav.py
[0.254s] -- Up-to-date symlink: /home/maxbe/ros2_ws/install/lab1/lib/lab1/obstacle_detector.py
[0.254s] -- Symlinking: /home/maxbe/ros2_ws/install/lab1/share/lab1//launch/accion_y_percepcion.xml
[0.259s] -- Symlinking: /home/maxbe/ros2_ws/install/lab1/share/lab1//launch/accion_y_percepcion.xml:Zone.Identifier
[0.264s] -- Symlinking: /home/maxbe/ros2_ws/install/lab1/share/lab1//launch/avanzar_y_rotar.xml
[0.269s] -- Symlinking: /home/maxbe/ros2_ws/install/lab1/share/lab1//launch/avanzar_y_rotar.xml:Zone.Identifier
[0.273s] -- Symlinking: /home/maxbe/ros2_ws/install/lab1/share/lab1//launch/correr_nodos.xml
[0.278s] -- Symlinking: /home/maxbe/ros2_ws/install/lab1/share/lab1//launch/correr_nodos.xml:Zone.Identifier
[0.282s] -- Symlinking: /home/maxbe/ros2_ws/install/lab1/share/lab1//launch/dead_reckoning.xml
[0.287s] -- Symlinking: /home/maxbe/ros2_ws/install/lab1/share/lab1//launch/dead_reckoning.xml:Zone.Identifier
[0.292s] -- Symlinking: /home/maxbe/ros2_ws/install/lab1/share/lab1//launch/obstacle_detector.xml
[0.296s] -- Symlinking: /home/maxbe/ros2_ws/install/lab1/share/lab1//launch/obstacle_detector.xml:Zone.Identifier
[0.301s] [31mCMake Error at ament_cmake_symlink_install/ament_cmake_symlink_install.cmake:100 (message):
[0.301s]   ament_cmake_symlink_install_directory() can't find
[0.301s]   '/home/maxbe/ros2_ws/src/lab1/config'
[0.301s] Call Stack (most recent call first):
[0.301s]   ament_cmake_symlink_install/ament_cmake_symlink_install.cmake:332 (ament_cmake_symlink_install_directory)
[0.301s]   cmake_install.cmake:46 (include)
[0.301s] 
[0.301s] [0m
[0.302s] Invoked command in '/home/maxbe/ros2_ws/build/lab1' returned '1': CMAKE_PREFIX_PATH=${CMAKE_PREFIX_PATH}:/opt/ros/humble /usr/bin/cmake --install /home/maxbe/ros2_ws/build/lab1
